Mar 15 00:04:30 multi-node-control-plane systemd[1]: Starting containerd.service - containerd container runtime...
Mar 15 00:04:31 multi-node-control-plane containerd[105]: time="2026-03-15T00:04:31.487332377Z" level=info msg="starting containerd" revision=c507a0257ea6462fbd6f5ba4f5c74facb04021f4 version=v2.0.2
Mar 15 00:04:31 multi-node-control-plane containerd[105]: time="2026-03-15T00:04:31.771295146Z" level=warning msg="Configuration migrated from version 2, use `containerd config migrate` to avoid migration" t="39.238µs"
Mar 15 00:04:31 multi-node-control-plane containerd[105]: time="2026-03-15T00:04:31.771421859Z" level=info msg="loading plugin" id=io.containerd.image-verifier.v1.bindir type=io.containerd.image-verifier.v1
Mar 15 00:04:31 multi-node-control-plane containerd[105]: time="2026-03-15T00:04:31.771499494Z" level=info msg="loading plugin" id=io.containerd.internal.v1.opt type=io.containerd.internal.v1
Mar 15 00:04:31 multi-node-control-plane containerd[105]: time="2026-03-15T00:04:31.771734002Z" level=info msg="loading plugin" id=io.containerd.warning.v1.deprecations type=io.containerd.warning.v1
Mar 15 00:04:31 multi-node-control-plane containerd[105]: time="2026-03-15T00:04:31.771897751Z" level=info msg="loading plugin" id=io.containerd.content.v1.content type=io.containerd.content.v1
Mar 15 00:04:31 multi-node-control-plane containerd[105]: time="2026-03-15T00:04:31.773588274Z" level=info msg="loading plugin" id=io.containerd.snapshotter.v1.blockfile type=io.containerd.snapshotter.v1
Mar 15 00:04:31 multi-node-control-plane containerd[105]: time="2026-03-15T00:04:31.773936323Z" level=info msg="skip loading plugin" error="no scratch file generator: skip plugin" id=io.containerd.snapshotter.v1.blockfile type=io.containerd.snapshotter.v1
Mar 15 00:04:31 multi-node-control-plane containerd[105]: time="2026-03-15T00:04:31.774110991Z" level=info msg="loading plugin" id=io.containerd.snapshotter.v1.native type=io.containerd.snapshotter.v1
Mar 15 00:04:31 multi-node-control-plane containerd[105]: time="2026-03-15T00:04:31.774226854Z" level=info msg="loading plugin" id=io.containerd.snapshotter.v1.overlayfs type=io.containerd.snapshotter.v1
Mar 15 00:04:31 multi-node-control-plane containerd[105]: time="2026-03-15T00:04:31.774618972Z" level=info msg="loading plugin" id=io.containerd.event.v1.exchange type=io.containerd.event.v1
Mar 15 00:04:31 multi-node-control-plane containerd[105]: time="2026-03-15T00:04:31.774935394Z" level=info msg="loading plugin" id=io.containerd.monitor.task.v1.cgroups type=io.containerd.monitor.task.v1
Mar 15 00:04:31 multi-node-control-plane containerd[105]: time="2026-03-15T00:04:31.775607080Z" level=info msg="loading plugin" id=io.containerd.snapshotter.v1.fuse-overlayfs type=io.containerd.snapshotter.v1
Mar 15 00:04:31 multi-node-control-plane containerd[105]: time="2026-03-15T00:04:31.776263063Z" level=info msg="loading plugin" id=io.containerd.metadata.v1.bolt type=io.containerd.metadata.v1
Mar 15 00:04:31 multi-node-control-plane containerd[105]: time="2026-03-15T00:04:31.776363827Z" level=info msg="metadata content store policy set" policy=shared
Mar 15 00:04:31 multi-node-control-plane containerd[105]: time="2026-03-15T00:04:31.779777263Z" level=info msg="loading plugin" id=io.containerd.gc.v1.scheduler type=io.containerd.gc.v1
Mar 15 00:04:31 multi-node-control-plane containerd[105]: time="2026-03-15T00:04:31.780152104Z" level=info msg="loading plugin" id=io.containerd.differ.v1.walking type=io.containerd.differ.v1
Mar 15 00:04:31 multi-node-control-plane containerd[105]: time="2026-03-15T00:04:31.780337336Z" level=info msg="loading plugin" id=io.containerd.lease.v1.manager type=io.containerd.lease.v1
Mar 15 00:04:31 multi-node-control-plane containerd[105]: time="2026-03-15T00:04:31.780436294Z" level=info msg="loading plugin" id=io.containerd.service.v1.containers-service type=io.containerd.service.v1
Mar 15 00:04:31 multi-node-control-plane containerd[105]: time="2026-03-15T00:04:31.780513354Z" level=info msg="loading plugin" id=io.containerd.service.v1.content-service type=io.containerd.service.v1
Mar 15 00:04:31 multi-node-control-plane containerd[105]: time="2026-03-15T00:04:31.780582051Z" level=info msg="loading plugin" id=io.containerd.service.v1.diff-service type=io.containerd.service.v1
Mar 15 00:04:31 multi-node-control-plane containerd[105]: time="2026-03-15T00:04:31.780804468Z" level=info msg="loading plugin" id=io.containerd.service.v1.images-service type=io.containerd.service.v1
Mar 15 00:04:31 multi-node-control-plane containerd[105]: time="2026-03-15T00:04:31.781086399Z" level=info msg="loading plugin" id=io.containerd.service.v1.introspection-service type=io.containerd.service.v1
Mar 15 00:04:31 multi-node-control-plane containerd[105]: time="2026-03-15T00:04:31.781242471Z" level=info msg="loading plugin" id=io.containerd.service.v1.namespaces-service type=io.containerd.service.v1
Mar 15 00:04:31 multi-node-control-plane containerd[105]: time="2026-03-15T00:04:31.781336234Z" level=info msg="loading plugin" id=io.containerd.service.v1.snapshots-service type=io.containerd.service.v1
Mar 15 00:04:31 multi-node-control-plane containerd[105]: time="2026-03-15T00:04:31.782014336Z" level=info msg="loading plugin" id=io.containerd.shim.v1.manager type=io.containerd.shim.v1
Mar 15 00:04:31 multi-node-control-plane containerd[105]: time="2026-03-15T00:04:31.782248899Z" level=info msg="loading plugin" id=io.containerd.runtime.v2.task type=io.containerd.runtime.v2
Mar 15 00:04:31 multi-node-control-plane containerd[105]: time="2026-03-15T00:04:31.782448059Z" level=info msg="loading plugin" id=io.containerd.service.v1.tasks-service type=io.containerd.service.v1
Mar 15 00:04:31 multi-node-control-plane containerd[105]: time="2026-03-15T00:04:31.782667699Z" level=info msg="loading plugin" id=io.containerd.grpc.v1.containers type=io.containerd.grpc.v1
Mar 15 00:04:31 multi-node-control-plane containerd[105]: time="2026-03-15T00:04:31.782811014Z" level=info msg="loading plugin" id=io.containerd.grpc.v1.content type=io.containerd.grpc.v1
Mar 15 00:04:31 multi-node-control-plane containerd[105]: time="2026-03-15T00:04:31.783038959Z" level=info msg="loading plugin" id=io.containerd.grpc.v1.diff type=io.containerd.grpc.v1
Mar 15 00:04:31 multi-node-control-plane containerd[105]: time="2026-03-15T00:04:31.783273643Z" level=info msg="loading plugin" id=io.containerd.grpc.v1.events type=io.containerd.grpc.v1
Mar 15 00:04:31 multi-node-control-plane containerd[105]: time="2026-03-15T00:04:31.784075050Z" level=info msg="loading plugin" id=io.containerd.grpc.v1.images type=io.containerd.grpc.v1
Mar 15 00:04:31 multi-node-control-plane containerd[105]: time="2026-03-15T00:04:31.784581433Z" level=info msg="loading plugin" id=io.containerd.grpc.v1.introspection type=io.containerd.grpc.v1
Mar 15 00:04:31 multi-node-control-plane containerd[105]: time="2026-03-15T00:04:31.784845882Z" level=info msg="loading plugin" id=io.containerd.grpc.v1.leases type=io.containerd.grpc.v1
Mar 15 00:04:31 multi-node-control-plane containerd[105]: time="2026-03-15T00:04:31.785936765Z" level=info msg="loading plugin" id=io.containerd.grpc.v1.namespaces type=io.containerd.grpc.v1
Mar 15 00:04:31 multi-node-control-plane containerd[105]: time="2026-03-15T00:04:31.786436371Z" level=info msg="loading plugin" id=io.containerd.sandbox.store.v1.local type=io.containerd.sandbox.store.v1
Mar 15 00:04:31 multi-node-control-plane containerd[105]: time="2026-03-15T00:04:31.787069130Z" level=info msg="loading plugin" id=io.containerd.cri.v1.images type=io.containerd.cri.v1
Mar 15 00:04:31 multi-node-control-plane containerd[105]: time="2026-03-15T00:04:31.800567055Z" level=info msg="Get image filesystem path \"/var/lib/containerd/io.containerd.snapshotter.v1.overlayfs\" for snapshotter \"overlayfs\""
Mar 15 00:04:31 multi-node-control-plane containerd[105]: time="2026-03-15T00:04:31.800718810Z" level=info msg="Start snapshots syncer"
Mar 15 00:04:31 multi-node-control-plane containerd[105]: time="2026-03-15T00:04:31.801634162Z" level=info msg="loading plugin" id=io.containerd.cri.v1.runtime type=io.containerd.cri.v1
Mar 15 00:04:31 multi-node-control-plane containerd[105]: time="2026-03-15T00:04:31.805585464Z" level=warning msg="Ignoring unknown key in TOML for plugin" error="strict mode: fields in the document are missing in the target struct" key=tolerate_missing_hugepages_controller plugin=io.containerd.cri.v1.runtime
Mar 15 00:04:31 multi-node-control-plane containerd[105]: time="2026-03-15T00:04:31.842756398Z" level=info msg="starting cri plugin" config="{\"containerd\":{\"defaultRuntimeName\":\"runc\",\"runtimes\":{\"runc\":{\"runtimeType\":\"io.containerd.runc.v2\",\"runtimePath\":\"\",\"PodAnnotations\":null,\"ContainerAnnotations\":null,\"options\":{\"BinaryName\":\"\",\"CriuImagePath\":\"\",\"CriuWorkPath\":\"\",\"IoGid\":0,\"IoUid\":0,\"NoNewKeyring\":false,\"Root\":\"\",\"ShimCgroup\":\"\",\"SystemdCgroup\":true},\"privileged_without_host_devices\":false,\"privileged_without_host_devices_all_devices_allowed\":false,\"baseRuntimeSpec\":\"/etc/containerd/cri-base.json\",\"cniConfDir\":\"\",\"cniMaxConfNum\":0,\"snapshotter\":\"\",\"sandboxer\":\"podsandbox\",\"io_type\":\"\"},\"test-handler\":{\"runtimeType\":\"io.containerd.runc.v2\",\"runtimePath\":\"\",\"PodAnnotations\":null,\"ContainerAnnotations\":null,\"options\":{\"SystemdCgroup\":true},\"privileged_without_host_devices\":false,\"privileged_without_host_devices_all_devices_allowed\":false,\"baseRuntimeSpec\":\"/etc/containerd/cri-base.json\",\"cniConfDir\":\"\",\"cniMaxConfNum\":0,\"snapshotter\":\"\",\"sandboxer\":\"podsandbox\",\"io_type\":\"\"}},\"ignoreBlockIONotEnabledErrors\":false,\"ignoreRdtNotEnabledErrors\":false},\"cni\":{\"binDir\":\"/opt/cni/bin\",\"confDir\":\"/etc/cni/net.d\",\"maxConfNum\":1,\"setupSerially\":false,\"confTemplate\":\"\",\"ipPref\":\"\",\"useInternalLoopback\":false},\"enableSelinux\":false,\"selinuxCategoryRange\":1024,\"maxContainerLogSize\":16384,\"disableApparmor\":false,\"restrictOOMScoreAdj\":false,\"disableProcMount\":false,\"unsetSeccompProfile\":\"\",\"tolerateMissingHugetlbController\":true,\"disableHugetlbController\":true,\"device_ownership_from_security_context\":false,\"ignoreImageDefinedVolumes\":false,\"netnsMountsUnderStateDir\":false,\"enableUnprivilegedPorts\":true,\"enableUnprivilegedICMP\":true,\"enableCDI\":true,\"cdiSpecDirs\":[\"/etc/cdi\",\"/var/run/cdi\"],\"drainExecSyncIOTimeout\":\"0s\",\"ignoreDeprecationWarnings\":null,\"containerdRootDir\":\"/var/lib/containerd\",\"containerdEndpoint\":\"/run/containerd/containerd.sock\",\"rootDir\":\"/var/lib/containerd/io.containerd.grpc.v1.cri\",\"stateDir\":\"/run/containerd/io.containerd.grpc.v1.cri\"}"
Mar 15 00:04:31 multi-node-control-plane containerd[105]: time="2026-03-15T00:04:31.874289850Z" level=info msg="loading plugin" id=io.containerd.podsandbox.controller.v1.podsandbox type=io.containerd.podsandbox.controller.v1
Mar 15 00:04:31 multi-node-control-plane containerd[105]: time="2026-03-15T00:04:31.882935312Z" level=info msg="loading plugin" id=io.containerd.sandbox.controller.v1.shim type=io.containerd.sandbox.controller.v1
Mar 15 00:04:31 multi-node-control-plane containerd[105]: time="2026-03-15T00:04:31.884294854Z" level=info msg="loading plugin" id=io.containerd.grpc.v1.sandbox-controllers type=io.containerd.grpc.v1
Mar 15 00:04:31 multi-node-control-plane containerd[105]: time="2026-03-15T00:04:31.885345869Z" level=info msg="loading plugin" id=io.containerd.grpc.v1.sandboxes type=io.containerd.grpc.v1
Mar 15 00:04:31 multi-node-control-plane containerd[105]: time="2026-03-15T00:04:31.885400660Z" level=info msg="loading plugin" id=io.containerd.grpc.v1.snapshots type=io.containerd.grpc.v1
Mar 15 00:04:31 multi-node-control-plane containerd[105]: time="2026-03-15T00:04:31.885417670Z" level=info msg="loading plugin" id=io.containerd.streaming.v1.manager type=io.containerd.streaming.v1
Mar 15 00:04:31 multi-node-control-plane containerd[105]: time="2026-03-15T00:04:31.885442430Z" level=info msg="loading plugin" id=io.containerd.grpc.v1.streaming type=io.containerd.grpc.v1
Mar 15 00:04:31 multi-node-control-plane containerd[105]: time="2026-03-15T00:04:31.885476563Z" level=info msg="loading plugin" id=io.containerd.grpc.v1.tasks type=io.containerd.grpc.v1
Mar 15 00:04:31 multi-node-control-plane containerd[105]: time="2026-03-15T00:04:31.885891617Z" level=info msg="loading plugin" id=io.containerd.transfer.v1.local type=io.containerd.transfer.v1
Mar 15 00:04:31 multi-node-control-plane containerd[105]: time="2026-03-15T00:04:31.886474660Z" level=info msg="loading plugin" id=io.containerd.grpc.v1.transfer type=io.containerd.grpc.v1
Mar 15 00:04:31 multi-node-control-plane containerd[105]: time="2026-03-15T00:04:31.886940218Z" level=info msg="loading plugin" id=io.containerd.grpc.v1.version type=io.containerd.grpc.v1
Mar 15 00:04:31 multi-node-control-plane containerd[105]: time="2026-03-15T00:04:31.886974388Z" level=info msg="loading plugin" id=io.containerd.monitor.container.v1.restart type=io.containerd.monitor.container.v1
Mar 15 00:04:31 multi-node-control-plane containerd[105]: time="2026-03-15T00:04:31.897391329Z" level=info msg="loading plugin" id=io.containerd.tracing.processor.v1.otlp type=io.containerd.tracing.processor.v1
Mar 15 00:04:31 multi-node-control-plane containerd[105]: time="2026-03-15T00:04:31.898185857Z" level=info msg="skip loading plugin" error="skip plugin: tracing endpoint not configured" id=io.containerd.tracing.processor.v1.otlp type=io.containerd.tracing.processor.v1
Mar 15 00:04:31 multi-node-control-plane containerd[105]: time="2026-03-15T00:04:31.898248960Z" level=info msg="loading plugin" id=io.containerd.internal.v1.tracing type=io.containerd.internal.v1
Mar 15 00:04:31 multi-node-control-plane containerd[105]: time="2026-03-15T00:04:31.898276056Z" level=info msg="skip loading plugin" error="skip plugin: tracing endpoint not configured" id=io.containerd.internal.v1.tracing type=io.containerd.internal.v1
Mar 15 00:04:31 multi-node-control-plane containerd[105]: time="2026-03-15T00:04:31.898290508Z" level=info msg="loading plugin" id=io.containerd.ttrpc.v1.otelttrpc type=io.containerd.ttrpc.v1
Mar 15 00:04:31 multi-node-control-plane containerd[105]: time="2026-03-15T00:04:31.898312624Z" level=info msg="loading plugin" id=io.containerd.grpc.v1.healthcheck type=io.containerd.grpc.v1
Mar 15 00:04:31 multi-node-control-plane containerd[105]: time="2026-03-15T00:04:31.898439799Z" level=info msg="loading plugin" id=io.containerd.nri.v1.nri type=io.containerd.nri.v1
Mar 15 00:04:31 multi-node-control-plane containerd[105]: time="2026-03-15T00:04:31.898498712Z" level=info msg="runtime interface created"
Mar 15 00:04:31 multi-node-control-plane containerd[105]: time="2026-03-15T00:04:31.898511044Z" level=info msg="created NRI interface"
Mar 15 00:04:31 multi-node-control-plane containerd[105]: time="2026-03-15T00:04:31.898524239Z" level=info msg="loading plugin" id=io.containerd.grpc.v1.cri type=io.containerd.grpc.v1
Mar 15 00:04:31 multi-node-control-plane containerd[105]: time="2026-03-15T00:04:31.903756714Z" level=info msg="Connect containerd service"
Mar 15 00:04:31 multi-node-control-plane containerd[105]: time="2026-03-15T00:04:31.907030859Z" level=info msg="using experimental NRI integration - disable nri plugin to prevent this"
Mar 15 00:04:31 multi-node-control-plane containerd[105]: time="2026-03-15T00:04:31.920522614Z" level=error msg="failed to load cni during init, please check CRI plugin status before setting up network for pods" error="cni config load failed: no network config found in /etc/cni/net.d: cni plugin not initialized: failed to load cni config"
Mar 15 00:04:32 multi-node-control-plane containerd[105]: time="2026-03-15T00:04:32.861540306Z" level=info msg="Start subscribing containerd event"
Mar 15 00:04:32 multi-node-control-plane containerd[105]: time="2026-03-15T00:04:32.861654527Z" level=info msg="Start recovering state"
Mar 15 00:04:32 multi-node-control-plane containerd[105]: time="2026-03-15T00:04:32.863281961Z" level=warning msg="The image sha256:f1332858868e1c6a905123b21e2e322ab45a5b99a3532e68ff49a87c2266ebc5 is not unpacked."
Mar 15 00:04:32 multi-node-control-plane containerd[105]: time="2026-03-15T00:04:32.864678801Z" level=warning msg="The image docker.io/kindest/kindnetd:v20250214-acbabc1a is not unpacked."
Mar 15 00:04:32 multi-node-control-plane containerd[105]: time="2026-03-15T00:04:32.867600667Z" level=info msg=serving... address=/run/containerd/containerd.sock.ttrpc
Mar 15 00:04:32 multi-node-control-plane containerd[105]: time="2026-03-15T00:04:32.868045469Z" level=info msg=serving... address=/run/containerd/containerd.sock
Mar 15 00:04:32 multi-node-control-plane containerd[105]: time="2026-03-15T00:04:32.868114345Z" level=warning msg="The image registry.k8s.io/pause:3.10 is not unpacked."
Mar 15 00:04:32 multi-node-control-plane containerd[105]: time="2026-03-15T00:04:32.879074122Z" level=warning msg="The image registry.k8s.io/kube-proxy:v1.32.2 is not unpacked."
Mar 15 00:04:32 multi-node-control-plane containerd[105]: time="2026-03-15T00:04:32.880264465Z" level=warning msg="The image sha256:baa0d31514ee559c8962d6469a23315bcc8342cbbc1eccc49fa803dcd9653cb7 is not unpacked."
Mar 15 00:04:32 multi-node-control-plane containerd[105]: time="2026-03-15T00:04:32.881541690Z" level=warning msg="The image sha256:85b7a174738baecbc53029b7913cd430a2060e0cbdb5f56c7957d32ff7f241ef is not unpacked."
Mar 15 00:04:32 multi-node-control-plane containerd[105]: time="2026-03-15T00:04:32.884658234Z" level=warning msg="The image sha256:df3849d954c98a7162c7bee7313ece357606e313d98ebd68b7aac5e961b1156f is not unpacked."
Mar 15 00:04:32 multi-node-control-plane containerd[105]: time="2026-03-15T00:04:32.880358838Z" level=warning msg="The image registry.k8s.io/kube-scheduler:v1.32.2 is not unpacked."
Mar 15 00:04:32 multi-node-control-plane containerd[105]: time="2026-03-15T00:04:32.880274999Z" level=warning msg="The image sha256:d8e673e7c9983f1f53569a9d2ba786c8abb42e3f744f77dc97a595f3caf9435d is not unpacked."
Mar 15 00:04:32 multi-node-control-plane containerd[105]: time="2026-03-15T00:04:32.882517178Z" level=warning msg="The image docker.io/kindest/local-path-helper:v20241212-8ac705d0 is not unpacked."
Mar 15 00:04:32 multi-node-control-plane containerd[105]: time="2026-03-15T00:04:32.883751534Z" level=warning msg="The image sha256:c69fa2e9cbf5f42dc48af631e956d3f95724c13f91596bc567591790e5e36db6 is not unpacked."
Mar 15 00:04:32 multi-node-control-plane containerd[105]: time="2026-03-15T00:04:32.889298662Z" level=warning msg="The image registry.k8s.io/coredns/coredns:v1.11.3 is not unpacked."
Mar 15 00:04:32 multi-node-control-plane containerd[105]: time="2026-03-15T00:04:32.889762629Z" level=warning msg="The image registry.k8s.io/kube-scheduler-amd64:v1.32.2 is not unpacked."
Mar 15 00:04:32 multi-node-control-plane containerd[105]: time="2026-03-15T00:04:32.890656522Z" level=warning msg="The image sha256:b6a454c5a800d201daacead6ff195ec6049fe6dc086621b0670bca912efaf389 is not unpacked."
Mar 15 00:04:32 multi-node-control-plane containerd[105]: time="2026-03-15T00:04:32.890666574Z" level=warning msg="The image docker.io/kindest/local-path-provisioner:v20250214-acbabc1a is not unpacked."
Mar 15 00:04:32 multi-node-control-plane containerd[105]: time="2026-03-15T00:04:32.896376968Z" level=warning msg="The image registry.k8s.io/etcd:3.5.16-0 is not unpacked."
Mar 15 00:04:32 multi-node-control-plane containerd[105]: time="2026-03-15T00:04:32.896956318Z" level=warning msg="The image registry.k8s.io/kube-controller-manager:v1.32.2 is not unpacked."
Mar 15 00:04:32 multi-node-control-plane containerd[105]: time="2026-03-15T00:04:32.898195414Z" level=warning msg="The image registry.k8s.io/kube-apiserver-amd64:v1.32.2 is not unpacked."
Mar 15 00:04:32 multi-node-control-plane containerd[105]: time="2026-03-15T00:04:32.902098677Z" level=warning msg="The image registry.k8s.io/kube-controller-manager-amd64:v1.32.2 is not unpacked."
Mar 15 00:04:32 multi-node-control-plane containerd[105]: time="2026-03-15T00:04:32.904186524Z" level=warning msg="The image registry.k8s.io/kube-apiserver:v1.32.2 is not unpacked."
Mar 15 00:04:32 multi-node-control-plane containerd[105]: time="2026-03-15T00:04:32.905537498Z" level=warning msg="The image registry.k8s.io/kube-proxy-amd64:v1.32.2 is not unpacked."
Mar 15 00:04:32 multi-node-control-plane containerd[105]: time="2026-03-15T00:04:32.907303637Z" level=warning msg="The image sha256:bbb6209cc873b9b4095bd014b4687512eea2bd7b246f9ec06f4f6f0be14d9fb6 is not unpacked."
Mar 15 00:04:32 multi-node-control-plane containerd[105]: time="2026-03-15T00:04:32.907746811Z" level=warning msg="The image sha256:873ed75102791e5b0b8a7fcd41606c92fcec98d56d05ead4ac5131650004c136 is not unpacked."
Mar 15 00:04:32 multi-node-control-plane containerd[105]: time="2026-03-15T00:04:32.908362474Z" level=warning msg="The image sha256:a9e7e6b294baf1695fccb862d956c5d3ad8510e1e4ca1535f35dc09f247abbfc is not unpacked."
Mar 15 00:04:32 multi-node-control-plane containerd[105]: time="2026-03-15T00:04:32.938517500Z" level=info msg="Start event monitor"
Mar 15 00:04:32 multi-node-control-plane containerd[105]: time="2026-03-15T00:04:32.938836554Z" level=info msg="Start cni network conf syncer for default"
Mar 15 00:04:32 multi-node-control-plane containerd[105]: time="2026-03-15T00:04:32.938867136Z" level=info msg="Start streaming server"
Mar 15 00:04:32 multi-node-control-plane containerd[105]: time="2026-03-15T00:04:32.938909588Z" level=info msg="Registered namespace \"k8s.io\" with NRI"
Mar 15 00:04:32 multi-node-control-plane containerd[105]: time="2026-03-15T00:04:32.938923841Z" level=info msg="runtime interface starting up..."
Mar 15 00:04:32 multi-node-control-plane containerd[105]: time="2026-03-15T00:04:32.938932692Z" level=info msg="starting plugins..."
Mar 15 00:04:32 multi-node-control-plane containerd[105]: time="2026-03-15T00:04:32.938973986Z" level=info msg="Synchronizing NRI (plugin) with current runtime state"
Mar 15 00:04:32 multi-node-control-plane containerd[105]: time="2026-03-15T00:04:32.939375382Z" level=info msg="containerd successfully booted in 1.474778s"
Mar 15 00:04:32 multi-node-control-plane systemd[1]: Started containerd.service - containerd container runtime.
Mar 15 00:04:49 multi-node-control-plane containerd[105]: time="2026-03-15T00:04:49.416435748Z" level=info msg="RunPodSandbox for &PodSandboxMetadata{Name:etcd-multi-node-control-plane,Uid:f81b18da8c903d835e0a8d5767860b8a,Namespace:kube-system,Attempt:0,}"
Mar 15 00:04:49 multi-node-control-plane containerd[105]: time="2026-03-15T00:04:49.417595630Z" level=info msg="RunPodSandbox for &PodSandboxMetadata{Name:kube-controller-manager-multi-node-control-plane,Uid:d83986b07c973a3d8d233494e71f7821,Namespace:kube-system,Attempt:0,}"
Mar 15 00:04:49 multi-node-control-plane containerd[105]: time="2026-03-15T00:04:49.445248785Z" level=info msg="RunPodSandbox for &PodSandboxMetadata{Name:kube-apiserver-multi-node-control-plane,Uid:973c9e2f4e58474821bda25c2eb9bdeb,Namespace:kube-system,Attempt:0,}"
Mar 15 00:04:49 multi-node-control-plane containerd[105]: time="2026-03-15T00:04:49.454404942Z" level=info msg="RunPodSandbox for &PodSandboxMetadata{Name:kube-scheduler-multi-node-control-plane,Uid:b28b3075dadc45d0000a8168c846c6c1,Namespace:kube-system,Attempt:0,}"
Mar 15 00:04:49 multi-node-control-plane containerd[105]: time="2026-03-15T00:04:49.963735535Z" level=info msg="connecting to shim 1a0434e7b0ae2009b1587c2afdd497b2c312f5fc672f1f8f16b9d7abaf88083a" address="unix:///run/containerd/s/a8e5d789009fa9c62d382e02d4dcf2d054080d7d34a583d933bf0aabd2793c93" namespace=k8s.io protocol=ttrpc version=3
Mar 15 00:04:49 multi-node-control-plane containerd[105]: time="2026-03-15T00:04:49.985616117Z" level=info msg="connecting to shim f42123fe4fe7c786eba2800ecec1eb10b90f164b58a8317bf596ea773aaf89f6" address="unix:///run/containerd/s/8551d84de808df59f795c5ff02788ebb13fb427937a02130d971f2023d64b4fe" namespace=k8s.io protocol=ttrpc version=3
Mar 15 00:04:49 multi-node-control-plane containerd[105]: time="2026-03-15T00:04:49.987057445Z" level=info msg="connecting to shim 85ee432126d01dba5767c47db634cc0190a07dcd6a45c2d648cc519fa90fbe2d" address="unix:///run/containerd/s/545718c821563bbe200ff5acbdf8b0667ba79c63caabe5af26073e172f94bee0" namespace=k8s.io protocol=ttrpc version=3
Mar 15 00:04:49 multi-node-control-plane containerd[105]: time="2026-03-15T00:04:49.996111622Z" level=info msg="connecting to shim 1d4d6db178b2ab39b9e739767b518b82ba1838254edf95487cc82a9fb0f57bd9" address="unix:///run/containerd/s/ea999847e486438645a1f57426f3965bb6b4ec88730b7eeb5416da24c7a9e4d0" namespace=k8s.io protocol=ttrpc version=3
Mar 15 00:04:50 multi-node-control-plane containerd[105]: time="2026-03-15T00:04:50.965390063Z" level=info msg="RunPodSandbox for &PodSandboxMetadata{Name:etcd-multi-node-control-plane,Uid:f81b18da8c903d835e0a8d5767860b8a,Namespace:kube-system,Attempt:0,} returns sandbox id \"f42123fe4fe7c786eba2800ecec1eb10b90f164b58a8317bf596ea773aaf89f6\""
Mar 15 00:04:50 multi-node-control-plane containerd[105]: time="2026-03-15T00:04:50.965953269Z" level=info msg="RunPodSandbox for &PodSandboxMetadata{Name:kube-scheduler-multi-node-control-plane,Uid:b28b3075dadc45d0000a8168c846c6c1,Namespace:kube-system,Attempt:0,} returns sandbox id \"85ee432126d01dba5767c47db634cc0190a07dcd6a45c2d648cc519fa90fbe2d\""
Mar 15 00:04:50 multi-node-control-plane containerd[105]: time="2026-03-15T00:04:50.995343660Z" level=info msg="CreateContainer within sandbox \"f42123fe4fe7c786eba2800ecec1eb10b90f164b58a8317bf596ea773aaf89f6\" for container &ContainerMetadata{Name:etcd,Attempt:0,}"
Mar 15 00:04:50 multi-node-control-plane containerd[105]: time="2026-03-15T00:04:50.995902200Z" level=info msg="CreateContainer within sandbox \"85ee432126d01dba5767c47db634cc0190a07dcd6a45c2d648cc519fa90fbe2d\" for container &ContainerMetadata{Name:kube-scheduler,Attempt:0,}"
Mar 15 00:04:51 multi-node-control-plane containerd[105]: time="2026-03-15T00:04:51.043892443Z" level=info msg="RunPodSandbox for &PodSandboxMetadata{Name:kube-controller-manager-multi-node-control-plane,Uid:d83986b07c973a3d8d233494e71f7821,Namespace:kube-system,Attempt:0,} returns sandbox id \"1a0434e7b0ae2009b1587c2afdd497b2c312f5fc672f1f8f16b9d7abaf88083a\""
Mar 15 00:04:51 multi-node-control-plane containerd[105]: time="2026-03-15T00:04:51.058589121Z" level=info msg="CreateContainer within sandbox \"1a0434e7b0ae2009b1587c2afdd497b2c312f5fc672f1f8f16b9d7abaf88083a\" for container &ContainerMetadata{Name:kube-controller-manager,Attempt:0,}"
Mar 15 00:04:51 multi-node-control-plane containerd[105]: time="2026-03-15T00:04:51.112359629Z" level=info msg="RunPodSandbox for &PodSandboxMetadata{Name:kube-apiserver-multi-node-control-plane,Uid:973c9e2f4e58474821bda25c2eb9bdeb,Namespace:kube-system,Attempt:0,} returns sandbox id \"1d4d6db178b2ab39b9e739767b518b82ba1838254edf95487cc82a9fb0f57bd9\""
Mar 15 00:04:51 multi-node-control-plane containerd[105]: time="2026-03-15T00:04:51.131434320Z" level=info msg="CreateContainer within sandbox \"1d4d6db178b2ab39b9e739767b518b82ba1838254edf95487cc82a9fb0f57bd9\" for container &ContainerMetadata{Name:kube-apiserver,Attempt:0,}"
Mar 15 00:05:02 multi-node-control-plane containerd[105]: time="2026-03-15T00:05:02.843837120Z" level=info msg="Container 2a88c2d363ba4d477ac825f6f8783420ab10cbcde8e94083675a71c04f6b6fe9: CDI devices from CRI Config.CDIDevices: []"
Mar 15 00:05:03 multi-node-control-plane containerd[105]: time="2026-03-15T00:05:03.124432519Z" level=info msg="Container c0fc5524547127c3b878f17eef3a6a690ede6bc3729e1344eeb1eb7c5a18b9ed: CDI devices from CRI Config.CDIDevices: []"
Mar 15 00:05:03 multi-node-control-plane containerd[105]: time="2026-03-15T00:05:03.190593418Z" level=info msg="CreateContainer within sandbox \"85ee432126d01dba5767c47db634cc0190a07dcd6a45c2d648cc519fa90fbe2d\" for &ContainerMetadata{Name:kube-scheduler,Attempt:0,} returns container id \"c0fc5524547127c3b878f17eef3a6a690ede6bc3729e1344eeb1eb7c5a18b9ed\""
Mar 15 00:05:03 multi-node-control-plane containerd[105]: time="2026-03-15T00:05:03.195213596Z" level=info msg="CreateContainer within sandbox \"1a0434e7b0ae2009b1587c2afdd497b2c312f5fc672f1f8f16b9d7abaf88083a\" for &ContainerMetadata{Name:kube-controller-manager,Attempt:0,} returns container id \"2a88c2d363ba4d477ac825f6f8783420ab10cbcde8e94083675a71c04f6b6fe9\""
Mar 15 00:05:03 multi-node-control-plane containerd[105]: time="2026-03-15T00:05:03.201845604Z" level=info msg="StartContainer for \"2a88c2d363ba4d477ac825f6f8783420ab10cbcde8e94083675a71c04f6b6fe9\""
Mar 15 00:05:03 multi-node-control-plane containerd[105]: time="2026-03-15T00:05:03.202301971Z" level=info msg="StartContainer for \"c0fc5524547127c3b878f17eef3a6a690ede6bc3729e1344eeb1eb7c5a18b9ed\""
Mar 15 00:05:03 multi-node-control-plane containerd[105]: time="2026-03-15T00:05:03.247825349Z" level=info msg="connecting to shim 2a88c2d363ba4d477ac825f6f8783420ab10cbcde8e94083675a71c04f6b6fe9" address="unix:///run/containerd/s/a8e5d789009fa9c62d382e02d4dcf2d054080d7d34a583d933bf0aabd2793c93" protocol=ttrpc version=3
Mar 15 00:05:03 multi-node-control-plane containerd[105]: time="2026-03-15T00:05:03.263163329Z" level=info msg="connecting to shim c0fc5524547127c3b878f17eef3a6a690ede6bc3729e1344eeb1eb7c5a18b9ed" address="unix:///run/containerd/s/545718c821563bbe200ff5acbdf8b0667ba79c63caabe5af26073e172f94bee0" protocol=ttrpc version=3
Mar 15 00:05:04 multi-node-control-plane containerd[105]: time="2026-03-15T00:05:04.557035319Z" level=info msg="StartContainer for \"c0fc5524547127c3b878f17eef3a6a690ede6bc3729e1344eeb1eb7c5a18b9ed\" returns successfully"
Mar 15 00:05:04 multi-node-control-plane containerd[105]: time="2026-03-15T00:05:04.627475654Z" level=info msg="StartContainer for \"2a88c2d363ba4d477ac825f6f8783420ab10cbcde8e94083675a71c04f6b6fe9\" returns successfully"
Mar 15 00:05:04 multi-node-control-plane containerd[105]: time="2026-03-15T00:05:04.864488082Z" level=info msg="Container 170b8179c2486c2c6d1f317b9c0be23fb00d3ec8501595bdb75698c07a4b5242: CDI devices from CRI Config.CDIDevices: []"
Mar 15 00:05:04 multi-node-control-plane containerd[105]: time="2026-03-15T00:05:04.906715259Z" level=info msg="CreateContainer within sandbox \"1d4d6db178b2ab39b9e739767b518b82ba1838254edf95487cc82a9fb0f57bd9\" for &ContainerMetadata{Name:kube-apiserver,Attempt:0,} returns container id \"170b8179c2486c2c6d1f317b9c0be23fb00d3ec8501595bdb75698c07a4b5242\""
Mar 15 00:05:04 multi-node-control-plane containerd[105]: time="2026-03-15T00:05:04.907864614Z" level=info msg="StartContainer for \"170b8179c2486c2c6d1f317b9c0be23fb00d3ec8501595bdb75698c07a4b5242\""
Mar 15 00:05:04 multi-node-control-plane containerd[105]: time="2026-03-15T00:05:04.913202292Z" level=info msg="connecting to shim 170b8179c2486c2c6d1f317b9c0be23fb00d3ec8501595bdb75698c07a4b5242" address="unix:///run/containerd/s/ea999847e486438645a1f57426f3965bb6b4ec88730b7eeb5416da24c7a9e4d0" protocol=ttrpc version=3
Mar 15 00:05:05 multi-node-control-plane containerd[105]: time="2026-03-15T00:05:05.802127549Z" level=info msg="StartContainer for \"170b8179c2486c2c6d1f317b9c0be23fb00d3ec8501595bdb75698c07a4b5242\" returns successfully"
Mar 15 00:05:08 multi-node-control-plane containerd[105]: time="2026-03-15T00:05:08.589959793Z" level=info msg="Container ae5d467c392b3c581de1535f9a7f8184d6cdf03e271af0c503712cfc5cf45fcc: CDI devices from CRI Config.CDIDevices: []"
Mar 15 00:05:08 multi-node-control-plane containerd[105]: time="2026-03-15T00:05:08.666074246Z" level=info msg="CreateContainer within sandbox \"f42123fe4fe7c786eba2800ecec1eb10b90f164b58a8317bf596ea773aaf89f6\" for &ContainerMetadata{Name:etcd,Attempt:0,} returns container id \"ae5d467c392b3c581de1535f9a7f8184d6cdf03e271af0c503712cfc5cf45fcc\""
Mar 15 00:05:08 multi-node-control-plane containerd[105]: time="2026-03-15T00:05:08.667642445Z" level=info msg="StartContainer for \"ae5d467c392b3c581de1535f9a7f8184d6cdf03e271af0c503712cfc5cf45fcc\""
Mar 15 00:05:08 multi-node-control-plane containerd[105]: time="2026-03-15T00:05:08.695543069Z" level=info msg="connecting to shim ae5d467c392b3c581de1535f9a7f8184d6cdf03e271af0c503712cfc5cf45fcc" address="unix:///run/containerd/s/8551d84de808df59f795c5ff02788ebb13fb427937a02130d971f2023d64b4fe" protocol=ttrpc version=3
Mar 15 00:05:10 multi-node-control-plane containerd[105]: time="2026-03-15T00:05:10.008042069Z" level=info msg="StartContainer for \"ae5d467c392b3c581de1535f9a7f8184d6cdf03e271af0c503712cfc5cf45fcc\" returns successfully"
Mar 15 00:05:37 multi-node-control-plane containerd[105]: time="2026-03-15T00:05:37.479379599Z" level=info msg="No cni config template is specified, wait for other system components to drop the config."
Mar 15 00:05:39 multi-node-control-plane containerd[105]: time="2026-03-15T00:05:39.962547344Z" level=info msg="RunPodSandbox for &PodSandboxMetadata{Name:kube-proxy-pprcc,Uid:927f6608-9b00-4c31-a04a-a91616310a60,Namespace:kube-system,Attempt:0,}"
Mar 15 00:05:42 multi-node-control-plane containerd[105]: time="2026-03-15T00:05:42.038702103Z" level=info msg="connecting to shim d51e3393d62e6bc2b246b7dda4aa6ac7a240dab0aed7b255ff2e6680e9b09eb1" address="unix:///run/containerd/s/b03b37b6271f3a47aa5133e8e38e97fb4aba50e3fbbd628590ba6b3e6371f9d8" namespace=k8s.io protocol=ttrpc version=3
Mar 15 00:05:44 multi-node-control-plane containerd[105]: time="2026-03-15T00:05:44.139590387Z" level=info msg="RunPodSandbox for &PodSandboxMetadata{Name:kube-proxy-pprcc,Uid:927f6608-9b00-4c31-a04a-a91616310a60,Namespace:kube-system,Attempt:0,} returns sandbox id \"d51e3393d62e6bc2b246b7dda4aa6ac7a240dab0aed7b255ff2e6680e9b09eb1\""
Mar 15 00:05:44 multi-node-control-plane containerd[105]: time="2026-03-15T00:05:44.185738632Z" level=info msg="CreateContainer within sandbox \"d51e3393d62e6bc2b246b7dda4aa6ac7a240dab0aed7b255ff2e6680e9b09eb1\" for container &ContainerMetadata{Name:kube-proxy,Attempt:0,}"
Mar 15 00:05:47 multi-node-control-plane containerd[105]: time="2026-03-15T00:05:47.280074740Z" level=info msg="RunPodSandbox for &PodSandboxMetadata{Name:kindnet-bg94w,Uid:4c640041-b9fb-405e-a712-5b6c7df859ad,Namespace:kube-system,Attempt:0,}"
Mar 15 00:05:47 multi-node-control-plane containerd[105]: time="2026-03-15T00:05:47.471143325Z" level=info msg="connecting to shim 6a2a2e53f535880d6b1b380c83f433575b093118929644b3cd0a0ae6a7e48835" address="unix:///run/containerd/s/50637bf93489de336a4d099d504b717c1f42bca8149962915aaf12e4e720df76" namespace=k8s.io protocol=ttrpc version=3
Mar 15 00:05:49 multi-node-control-plane containerd[105]: time="2026-03-15T00:05:49.557425863Z" level=info msg="RunPodSandbox for &PodSandboxMetadata{Name:kindnet-bg94w,Uid:4c640041-b9fb-405e-a712-5b6c7df859ad,Namespace:kube-system,Attempt:0,} returns sandbox id \"6a2a2e53f535880d6b1b380c83f433575b093118929644b3cd0a0ae6a7e48835\""
Mar 15 00:05:49 multi-node-control-plane containerd[105]: time="2026-03-15T00:05:49.669467283Z" level=info msg="CreateContainer within sandbox \"6a2a2e53f535880d6b1b380c83f433575b093118929644b3cd0a0ae6a7e48835\" for container &ContainerMetadata{Name:kindnet-cni,Attempt:0,}"
Mar 15 00:06:02 multi-node-control-plane containerd[105]: time="2026-03-15T00:06:02.335814523Z" level=info msg="Container a565c3ea5f1d610f83ee9aaf3b460c3db123a811063654636c64eab89cf6a356: CDI devices from CRI Config.CDIDevices: []"
Mar 15 00:06:02 multi-node-control-plane containerd[105]: time="2026-03-15T00:06:02.468704945Z" level=info msg="CreateContainer within sandbox \"d51e3393d62e6bc2b246b7dda4aa6ac7a240dab0aed7b255ff2e6680e9b09eb1\" for &ContainerMetadata{Name:kube-proxy,Attempt:0,} returns container id \"a565c3ea5f1d610f83ee9aaf3b460c3db123a811063654636c64eab89cf6a356\""
Mar 15 00:06:02 multi-node-control-plane containerd[105]: time="2026-03-15T00:06:02.475369322Z" level=info msg="StartContainer for \"a565c3ea5f1d610f83ee9aaf3b460c3db123a811063654636c64eab89cf6a356\""
Mar 15 00:06:02 multi-node-control-plane containerd[105]: time="2026-03-15T00:06:02.540064365Z" level=info msg="connecting to shim a565c3ea5f1d610f83ee9aaf3b460c3db123a811063654636c64eab89cf6a356" address="unix:///run/containerd/s/b03b37b6271f3a47aa5133e8e38e97fb4aba50e3fbbd628590ba6b3e6371f9d8" protocol=ttrpc version=3
Mar 15 00:06:05 multi-node-control-plane containerd[105]: time="2026-03-15T00:06:05.417002463Z" level=info msg="StartContainer for \"a565c3ea5f1d610f83ee9aaf3b460c3db123a811063654636c64eab89cf6a356\" returns successfully"
Mar 15 00:06:18 multi-node-control-plane containerd[105]: time="2026-03-15T00:06:18.792793428Z" level=info msg="Container 75056985a3b5e0170411efa263b7f12123f9d9a8fdfa50bc258729673d02887b: CDI devices from CRI Config.CDIDevices: []"
Mar 15 00:06:18 multi-node-control-plane containerd[105]: time="2026-03-15T00:06:18.859229915Z" level=info msg="CreateContainer within sandbox \"6a2a2e53f535880d6b1b380c83f433575b093118929644b3cd0a0ae6a7e48835\" for &ContainerMetadata{Name:kindnet-cni,Attempt:0,} returns container id \"75056985a3b5e0170411efa263b7f12123f9d9a8fdfa50bc258729673d02887b\""
Mar 15 00:06:18 multi-node-control-plane containerd[105]: time="2026-03-15T00:06:18.891903447Z" level=info msg="StartContainer for \"75056985a3b5e0170411efa263b7f12123f9d9a8fdfa50bc258729673d02887b\""
Mar 15 00:06:18 multi-node-control-plane containerd[105]: time="2026-03-15T00:06:18.919321629Z" level=info msg="connecting to shim 75056985a3b5e0170411efa263b7f12123f9d9a8fdfa50bc258729673d02887b" address="unix:///run/containerd/s/50637bf93489de336a4d099d504b717c1f42bca8149962915aaf12e4e720df76" protocol=ttrpc version=3
Mar 15 00:06:21 multi-node-control-plane containerd[105]: time="2026-03-15T00:06:21.094494895Z" level=error msg="get state for 75056985a3b5e0170411efa263b7f12123f9d9a8fdfa50bc258729673d02887b" error="context deadline exceeded"
Mar 15 00:06:21 multi-node-control-plane containerd[105]: time="2026-03-15T00:06:21.095349235Z" level=warning msg="unknown status" status=0
Mar 15 00:06:21 multi-node-control-plane containerd[105]: time="2026-03-15T00:06:21.707461095Z" level=error msg="ttrpc: received message on inactive stream" stream=3
Mar 15 00:06:21 multi-node-control-plane containerd[105]: time="2026-03-15T00:06:21.865065326Z" level=info msg="StartContainer for \"75056985a3b5e0170411efa263b7f12123f9d9a8fdfa50bc258729673d02887b\" returns successfully"
Mar 15 00:06:39 multi-node-control-plane containerd[105]: time="2026-03-15T00:06:39.218472864Z" level=info msg="RunPodSandbox for &PodSandboxMetadata{Name:coredns-668d6bf9bc-k9gjc,Uid:b70eed20-a6d7-4f94-bc09-386795834306,Namespace:kube-system,Attempt:0,}"
Mar 15 00:06:39 multi-node-control-plane containerd[105]: time="2026-03-15T00:06:39.242695577Z" level=info msg="RunPodSandbox for &PodSandboxMetadata{Name:coredns-668d6bf9bc-rjfqs,Uid:3858affc-72db-43ff-a21e-1cbf4231e77b,Namespace:kube-system,Attempt:0,}"
Mar 15 00:06:39 multi-node-control-plane containerd[105]: time="2026-03-15T00:06:39.595820656Z" level=info msg="connecting to shim e6941fea392f1f27ea492693b12305a153b8de84fe709de994ee4ac24130b4d3" address="unix:///run/containerd/s/aff4e5c09e87278f4a3f01a29b5f94ad1b91ad5908c8d8773a9c518aa567a443" namespace=k8s.io protocol=ttrpc version=3
Mar 15 00:06:39 multi-node-control-plane containerd[105]: time="2026-03-15T00:06:39.645762155Z" level=info msg="connecting to shim a91bb8502774024de0f15c7635807e25a2a66906e510373ff535a5be5bc9cb18" address="unix:///run/containerd/s/f9d4765c6c3cd803f70a3b37be9b595b38ac4e481ef233f6fd4b65a0b6603265" namespace=k8s.io protocol=ttrpc version=3
Mar 15 00:06:40 multi-node-control-plane containerd[105]: time="2026-03-15T00:06:40.131646422Z" level=info msg="RunPodSandbox for &PodSandboxMetadata{Name:local-path-provisioner-7dc846544d-z65s5,Uid:c361bfaa-dc5c-4f51-a93f-6de353cc1251,Namespace:local-path-storage,Attempt:0,}"
Mar 15 00:06:40 multi-node-control-plane containerd[105]: time="2026-03-15T00:06:40.248086156Z" level=info msg="RunPodSandbox for &PodSandboxMetadata{Name:coredns-668d6bf9bc-k9gjc,Uid:b70eed20-a6d7-4f94-bc09-386795834306,Namespace:kube-system,Attempt:0,} returns sandbox id \"e6941fea392f1f27ea492693b12305a153b8de84fe709de994ee4ac24130b4d3\""
Mar 15 00:06:40 multi-node-control-plane containerd[105]: time="2026-03-15T00:06:40.253608351Z" level=info msg="RunPodSandbox for &PodSandboxMetadata{Name:coredns-668d6bf9bc-rjfqs,Uid:3858affc-72db-43ff-a21e-1cbf4231e77b,Namespace:kube-system,Attempt:0,} returns sandbox id \"a91bb8502774024de0f15c7635807e25a2a66906e510373ff535a5be5bc9cb18\""
Mar 15 00:06:40 multi-node-control-plane containerd[105]: time="2026-03-15T00:06:40.267529647Z" level=info msg="CreateContainer within sandbox \"e6941fea392f1f27ea492693b12305a153b8de84fe709de994ee4ac24130b4d3\" for container &ContainerMetadata{Name:coredns,Attempt:0,}"
Mar 15 00:06:40 multi-node-control-plane containerd[105]: time="2026-03-15T00:06:40.268515441Z" level=info msg="CreateContainer within sandbox \"a91bb8502774024de0f15c7635807e25a2a66906e510373ff535a5be5bc9cb18\" for container &ContainerMetadata{Name:coredns,Attempt:0,}"
Mar 15 00:06:40 multi-node-control-plane containerd[105]: time="2026-03-15T00:06:40.309820300Z" level=info msg="connecting to shim 44ef05135fb9493d886d3092058973ba0e7f12d5f30a548afee695823aae40df" address="unix:///run/containerd/s/48422393e43f5137517285e5597874854008c035ec4994712b153ae690cf35f0" namespace=k8s.io protocol=ttrpc version=3
Mar 15 00:06:40 multi-node-control-plane containerd[105]: time="2026-03-15T00:06:40.571074951Z" level=info msg="RunPodSandbox for &PodSandboxMetadata{Name:local-path-provisioner-7dc846544d-z65s5,Uid:c361bfaa-dc5c-4f51-a93f-6de353cc1251,Namespace:local-path-storage,Attempt:0,} returns sandbox id \"44ef05135fb9493d886d3092058973ba0e7f12d5f30a548afee695823aae40df\""
Mar 15 00:06:40 multi-node-control-plane containerd[105]: time="2026-03-15T00:06:40.583846242Z" level=info msg="CreateContainer within sandbox \"44ef05135fb9493d886d3092058973ba0e7f12d5f30a548afee695823aae40df\" for container &ContainerMetadata{Name:local-path-provisioner,Attempt:0,}"
Mar 15 00:06:47 multi-node-control-plane containerd[105]: time="2026-03-15T00:06:47.033614810Z" level=info msg="Container 1ded2c3b8bb883698fcfb87e3af60a9b59e2a8f1d7b5f4189226748be5f02bea: CDI devices from CRI Config.CDIDevices: []"
Mar 15 00:06:47 multi-node-control-plane containerd[105]: time="2026-03-15T00:06:47.104162200Z" level=info msg="CreateContainer within sandbox \"a91bb8502774024de0f15c7635807e25a2a66906e510373ff535a5be5bc9cb18\" for &ContainerMetadata{Name:coredns,Attempt:0,} returns container id \"1ded2c3b8bb883698fcfb87e3af60a9b59e2a8f1d7b5f4189226748be5f02bea\""
Mar 15 00:06:47 multi-node-control-plane containerd[105]: time="2026-03-15T00:06:47.106223649Z" level=info msg="StartContainer for \"1ded2c3b8bb883698fcfb87e3af60a9b59e2a8f1d7b5f4189226748be5f02bea\""
Mar 15 00:06:47 multi-node-control-plane containerd[105]: time="2026-03-15T00:06:47.122846549Z" level=info msg="connecting to shim 1ded2c3b8bb883698fcfb87e3af60a9b59e2a8f1d7b5f4189226748be5f02bea" address="unix:///run/containerd/s/f9d4765c6c3cd803f70a3b37be9b595b38ac4e481ef233f6fd4b65a0b6603265" protocol=ttrpc version=3
Mar 15 00:06:47 multi-node-control-plane containerd[105]: time="2026-03-15T00:06:47.326658742Z" level=info msg="Container 58ef9981b5114741737984ee427122fefb09cfe6b8a0a07ba7d11a299e87aaed: CDI devices from CRI Config.CDIDevices: []"
Mar 15 00:06:47 multi-node-control-plane containerd[105]: time="2026-03-15T00:06:47.361724064Z" level=info msg="CreateContainer within sandbox \"e6941fea392f1f27ea492693b12305a153b8de84fe709de994ee4ac24130b4d3\" for &ContainerMetadata{Name:coredns,Attempt:0,} returns container id \"58ef9981b5114741737984ee427122fefb09cfe6b8a0a07ba7d11a299e87aaed\""
Mar 15 00:06:47 multi-node-control-plane containerd[105]: time="2026-03-15T00:06:47.364684022Z" level=info msg="StartContainer for \"58ef9981b5114741737984ee427122fefb09cfe6b8a0a07ba7d11a299e87aaed\""
Mar 15 00:06:47 multi-node-control-plane containerd[105]: time="2026-03-15T00:06:47.380496943Z" level=info msg="connecting to shim 58ef9981b5114741737984ee427122fefb09cfe6b8a0a07ba7d11a299e87aaed" address="unix:///run/containerd/s/aff4e5c09e87278f4a3f01a29b5f94ad1b91ad5908c8d8773a9c518aa567a443" protocol=ttrpc version=3
Mar 15 00:06:47 multi-node-control-plane containerd[105]: time="2026-03-15T00:06:47.918362539Z" level=info msg="StartContainer for \"1ded2c3b8bb883698fcfb87e3af60a9b59e2a8f1d7b5f4189226748be5f02bea\" returns successfully"
Mar 15 00:06:47 multi-node-control-plane containerd[105]: time="2026-03-15T00:06:47.981489064Z" level=info msg="StartContainer for \"58ef9981b5114741737984ee427122fefb09cfe6b8a0a07ba7d11a299e87aaed\" returns successfully"
Mar 15 00:06:48 multi-node-control-plane containerd[105]: time="2026-03-15T00:06:48.085712784Z" level=info msg="Container 6ca07f4d7ab8e851811adf5932ca7518c18feb6e942d0391f97349c5169d0337: CDI devices from CRI Config.CDIDevices: []"
Mar 15 00:06:48 multi-node-control-plane containerd[105]: time="2026-03-15T00:06:48.105443613Z" level=info msg="CreateContainer within sandbox \"44ef05135fb9493d886d3092058973ba0e7f12d5f30a548afee695823aae40df\" for &ContainerMetadata{Name:local-path-provisioner,Attempt:0,} returns container id \"6ca07f4d7ab8e851811adf5932ca7518c18feb6e942d0391f97349c5169d0337\""
Mar 15 00:06:48 multi-node-control-plane containerd[105]: time="2026-03-15T00:06:48.106544316Z" level=info msg="StartContainer for \"6ca07f4d7ab8e851811adf5932ca7518c18feb6e942d0391f97349c5169d0337\""
Mar 15 00:06:48 multi-node-control-plane containerd[105]: time="2026-03-15T00:06:48.107825096Z" level=info msg="connecting to shim 6ca07f4d7ab8e851811adf5932ca7518c18feb6e942d0391f97349c5169d0337" address="unix:///run/containerd/s/48422393e43f5137517285e5597874854008c035ec4994712b153ae690cf35f0" protocol=ttrpc version=3
Mar 15 00:06:49 multi-node-control-plane containerd[105]: time="2026-03-15T00:06:49.011542175Z" level=info msg="StartContainer for \"6ca07f4d7ab8e851811adf5932ca7518c18feb6e942d0391f97349c5169d0337\" returns successfully"
Mar 15 00:07:45 multi-node-control-plane containerd[105]: time="2026-03-15T00:07:45.964045740Z" level=info msg="received exit event container_id:\"2a88c2d363ba4d477ac825f6f8783420ab10cbcde8e94083675a71c04f6b6fe9\" id:\"2a88c2d363ba4d477ac825f6f8783420ab10cbcde8e94083675a71c04f6b6fe9\" pid:542 exit_status:1 exited_at:{seconds:1773533265 nanos:634179312}"
Mar 15 00:07:45 multi-node-control-plane containerd[105]: time="2026-03-15T00:07:45.968370676Z" level=info msg="TaskExit event in podsandbox handler container_id:\"2a88c2d363ba4d477ac825f6f8783420ab10cbcde8e94083675a71c04f6b6fe9\" id:\"2a88c2d363ba4d477ac825f6f8783420ab10cbcde8e94083675a71c04f6b6fe9\" pid:542 exit_status:1 exited_at:{seconds:1773533265 nanos:634179312}"
Mar 15 00:07:45 multi-node-control-plane containerd[105]: time="2026-03-15T00:07:45.993295328Z" level=info msg="TaskExit event in podsandbox handler container_id:\"c0fc5524547127c3b878f17eef3a6a690ede6bc3729e1344eeb1eb7c5a18b9ed\" id:\"c0fc5524547127c3b878f17eef3a6a690ede6bc3729e1344eeb1eb7c5a18b9ed\" pid:534 exit_status:1 exited_at:{seconds:1773533265 nanos:967447784}"
Mar 15 00:07:46 multi-node-control-plane containerd[105]: time="2026-03-15T00:07:46.001210232Z" level=info msg="received exit event container_id:\"c0fc5524547127c3b878f17eef3a6a690ede6bc3729e1344eeb1eb7c5a18b9ed\" id:\"c0fc5524547127c3b878f17eef3a6a690ede6bc3729e1344eeb1eb7c5a18b9ed\" pid:534 exit_status:1 exited_at:{seconds:1773533265 nanos:967447784}"
Mar 15 00:07:50 multi-node-control-plane containerd[105]: time="2026-03-15T00:07:50.652712876Z" level=info msg="CreateContainer within sandbox \"85ee432126d01dba5767c47db634cc0190a07dcd6a45c2d648cc519fa90fbe2d\" for container &ContainerMetadata{Name:kube-scheduler,Attempt:1,}"
Mar 15 00:07:50 multi-node-control-plane containerd[105]: time="2026-03-15T00:07:50.672493886Z" level=info msg="CreateContainer within sandbox \"1a0434e7b0ae2009b1587c2afdd497b2c312f5fc672f1f8f16b9d7abaf88083a\" for container &ContainerMetadata{Name:kube-controller-manager,Attempt:1,}"
Mar 15 00:07:50 multi-node-control-plane containerd[105]: time="2026-03-15T00:07:50.944999403Z" level=info msg="Container 67e1213eb7b45c70b45ef8881687d0bfdb61a5a0d032a42fbf30d54c8a7c3394: CDI devices from CRI Config.CDIDevices: []"
Mar 15 00:07:50 multi-node-control-plane containerd[105]: time="2026-03-15T00:07:50.949888785Z" level=info msg="Container 3bcc588453045e755f4c49cd619fc6733e4f1bd4aa27413060b7711b4554f4e3: CDI devices from CRI Config.CDIDevices: []"
Mar 15 00:07:51 multi-node-control-plane containerd[105]: time="2026-03-15T00:07:51.074277527Z" level=info msg="CreateContainer within sandbox \"1a0434e7b0ae2009b1587c2afdd497b2c312f5fc672f1f8f16b9d7abaf88083a\" for &ContainerMetadata{Name:kube-controller-manager,Attempt:1,} returns container id \"67e1213eb7b45c70b45ef8881687d0bfdb61a5a0d032a42fbf30d54c8a7c3394\""
Mar 15 00:07:51 multi-node-control-plane containerd[105]: time="2026-03-15T00:07:51.074327501Z" level=info msg="CreateContainer within sandbox \"85ee432126d01dba5767c47db634cc0190a07dcd6a45c2d648cc519fa90fbe2d\" for &ContainerMetadata{Name:kube-scheduler,Attempt:1,} returns container id \"3bcc588453045e755f4c49cd619fc6733e4f1bd4aa27413060b7711b4554f4e3\""
Mar 15 00:07:51 multi-node-control-plane containerd[105]: time="2026-03-15T00:07:51.079701551Z" level=info msg="StartContainer for \"67e1213eb7b45c70b45ef8881687d0bfdb61a5a0d032a42fbf30d54c8a7c3394\""
Mar 15 00:07:51 multi-node-control-plane containerd[105]: time="2026-03-15T00:07:51.092127876Z" level=info msg="StartContainer for \"3bcc588453045e755f4c49cd619fc6733e4f1bd4aa27413060b7711b4554f4e3\""
Mar 15 00:07:51 multi-node-control-plane containerd[105]: time="2026-03-15T00:07:51.142355806Z" level=info msg="connecting to shim 3bcc588453045e755f4c49cd619fc6733e4f1bd4aa27413060b7711b4554f4e3" address="unix:///run/containerd/s/545718c821563bbe200ff5acbdf8b0667ba79c63caabe5af26073e172f94bee0" protocol=ttrpc version=3
Mar 15 00:07:51 multi-node-control-plane containerd[105]: time="2026-03-15T00:07:51.198704189Z" level=info msg="connecting to shim 67e1213eb7b45c70b45ef8881687d0bfdb61a5a0d032a42fbf30d54c8a7c3394" address="unix:///run/containerd/s/a8e5d789009fa9c62d382e02d4dcf2d054080d7d34a583d933bf0aabd2793c93" protocol=ttrpc version=3
Mar 15 00:07:52 multi-node-control-plane containerd[105]: time="2026-03-15T00:07:52.368405749Z" level=info msg="StartContainer for \"3bcc588453045e755f4c49cd619fc6733e4f1bd4aa27413060b7711b4554f4e3\" returns successfully"
Mar 15 00:07:52 multi-node-control-plane containerd[105]: time="2026-03-15T00:07:52.372333544Z" level=info msg="StartContainer for \"67e1213eb7b45c70b45ef8881687d0bfdb61a5a0d032a42fbf30d54c8a7c3394\" returns successfully"
