Mar 15 00:04:30 multi-node-worker systemd[1]: Starting containerd.service - containerd container runtime...
Mar 15 00:04:31 multi-node-worker containerd[105]: time="2026-03-15T00:04:31.480918896Z" level=info msg="starting containerd" revision=c507a0257ea6462fbd6f5ba4f5c74facb04021f4 version=v2.0.2
Mar 15 00:04:31 multi-node-worker containerd[105]: time="2026-03-15T00:04:31.803791458Z" level=warning msg="Configuration migrated from version 2, use `containerd config migrate` to avoid migration" t="15.412µs"
Mar 15 00:04:31 multi-node-worker containerd[105]: time="2026-03-15T00:04:31.803850449Z" level=info msg="loading plugin" id=io.containerd.image-verifier.v1.bindir type=io.containerd.image-verifier.v1
Mar 15 00:04:31 multi-node-worker containerd[105]: time="2026-03-15T00:04:31.803881558Z" level=info msg="loading plugin" id=io.containerd.internal.v1.opt type=io.containerd.internal.v1
Mar 15 00:04:31 multi-node-worker containerd[105]: time="2026-03-15T00:04:31.804133089Z" level=info msg="loading plugin" id=io.containerd.warning.v1.deprecations type=io.containerd.warning.v1
Mar 15 00:04:31 multi-node-worker containerd[105]: time="2026-03-15T00:04:31.804164326Z" level=info msg="loading plugin" id=io.containerd.content.v1.content type=io.containerd.content.v1
Mar 15 00:04:31 multi-node-worker containerd[105]: time="2026-03-15T00:04:31.805009143Z" level=info msg="loading plugin" id=io.containerd.snapshotter.v1.blockfile type=io.containerd.snapshotter.v1
Mar 15 00:04:31 multi-node-worker containerd[105]: time="2026-03-15T00:04:31.805098990Z" level=info msg="skip loading plugin" error="no scratch file generator: skip plugin" id=io.containerd.snapshotter.v1.blockfile type=io.containerd.snapshotter.v1
Mar 15 00:04:31 multi-node-worker containerd[105]: time="2026-03-15T00:04:31.805118637Z" level=info msg="loading plugin" id=io.containerd.snapshotter.v1.native type=io.containerd.snapshotter.v1
Mar 15 00:04:31 multi-node-worker containerd[105]: time="2026-03-15T00:04:31.805145477Z" level=info msg="loading plugin" id=io.containerd.snapshotter.v1.overlayfs type=io.containerd.snapshotter.v1
Mar 15 00:04:31 multi-node-worker containerd[105]: time="2026-03-15T00:04:31.806336421Z" level=info msg="loading plugin" id=io.containerd.event.v1.exchange type=io.containerd.event.v1
Mar 15 00:04:31 multi-node-worker containerd[105]: time="2026-03-15T00:04:31.806425496Z" level=info msg="loading plugin" id=io.containerd.monitor.task.v1.cgroups type=io.containerd.monitor.task.v1
Mar 15 00:04:31 multi-node-worker containerd[105]: time="2026-03-15T00:04:31.815958526Z" level=info msg="loading plugin" id=io.containerd.snapshotter.v1.fuse-overlayfs type=io.containerd.snapshotter.v1
Mar 15 00:04:31 multi-node-worker containerd[105]: time="2026-03-15T00:04:31.817818880Z" level=info msg="loading plugin" id=io.containerd.metadata.v1.bolt type=io.containerd.metadata.v1
Mar 15 00:04:31 multi-node-worker containerd[105]: time="2026-03-15T00:04:31.818086328Z" level=info msg="metadata content store policy set" policy=shared
Mar 15 00:04:31 multi-node-worker containerd[105]: time="2026-03-15T00:04:31.857942090Z" level=info msg="loading plugin" id=io.containerd.gc.v1.scheduler type=io.containerd.gc.v1
Mar 15 00:04:31 multi-node-worker containerd[105]: time="2026-03-15T00:04:31.858676143Z" level=info msg="loading plugin" id=io.containerd.differ.v1.walking type=io.containerd.differ.v1
Mar 15 00:04:31 multi-node-worker containerd[105]: time="2026-03-15T00:04:31.859623848Z" level=info msg="loading plugin" id=io.containerd.lease.v1.manager type=io.containerd.lease.v1
Mar 15 00:04:31 multi-node-worker containerd[105]: time="2026-03-15T00:04:31.860671090Z" level=info msg="loading plugin" id=io.containerd.service.v1.containers-service type=io.containerd.service.v1
Mar 15 00:04:31 multi-node-worker containerd[105]: time="2026-03-15T00:04:31.862774441Z" level=info msg="loading plugin" id=io.containerd.service.v1.content-service type=io.containerd.service.v1
Mar 15 00:04:31 multi-node-worker containerd[105]: time="2026-03-15T00:04:31.863276858Z" level=info msg="loading plugin" id=io.containerd.service.v1.diff-service type=io.containerd.service.v1
Mar 15 00:04:31 multi-node-worker containerd[105]: time="2026-03-15T00:04:31.863489101Z" level=info msg="loading plugin" id=io.containerd.service.v1.images-service type=io.containerd.service.v1
Mar 15 00:04:31 multi-node-worker containerd[105]: time="2026-03-15T00:04:31.863593899Z" level=info msg="loading plugin" id=io.containerd.service.v1.introspection-service type=io.containerd.service.v1
Mar 15 00:04:31 multi-node-worker containerd[105]: time="2026-03-15T00:04:31.863619216Z" level=info msg="loading plugin" id=io.containerd.service.v1.namespaces-service type=io.containerd.service.v1
Mar 15 00:04:31 multi-node-worker containerd[105]: time="2026-03-15T00:04:31.863637823Z" level=info msg="loading plugin" id=io.containerd.service.v1.snapshots-service type=io.containerd.service.v1
Mar 15 00:04:31 multi-node-worker containerd[105]: time="2026-03-15T00:04:31.863652708Z" level=info msg="loading plugin" id=io.containerd.shim.v1.manager type=io.containerd.shim.v1
Mar 15 00:04:31 multi-node-worker containerd[105]: time="2026-03-15T00:04:31.863668202Z" level=info msg="loading plugin" id=io.containerd.runtime.v2.task type=io.containerd.runtime.v2
Mar 15 00:04:31 multi-node-worker containerd[105]: time="2026-03-15T00:04:31.864056370Z" level=info msg="loading plugin" id=io.containerd.service.v1.tasks-service type=io.containerd.service.v1
Mar 15 00:04:31 multi-node-worker containerd[105]: time="2026-03-15T00:04:31.864120959Z" level=info msg="loading plugin" id=io.containerd.grpc.v1.containers type=io.containerd.grpc.v1
Mar 15 00:04:31 multi-node-worker containerd[105]: time="2026-03-15T00:04:31.864144058Z" level=info msg="loading plugin" id=io.containerd.grpc.v1.content type=io.containerd.grpc.v1
Mar 15 00:04:31 multi-node-worker containerd[105]: time="2026-03-15T00:04:31.864158511Z" level=info msg="loading plugin" id=io.containerd.grpc.v1.diff type=io.containerd.grpc.v1
Mar 15 00:04:31 multi-node-worker containerd[105]: time="2026-03-15T00:04:31.864173105Z" level=info msg="loading plugin" id=io.containerd.grpc.v1.events type=io.containerd.grpc.v1
Mar 15 00:04:31 multi-node-worker containerd[105]: time="2026-03-15T00:04:31.864186309Z" level=info msg="loading plugin" id=io.containerd.grpc.v1.images type=io.containerd.grpc.v1
Mar 15 00:04:31 multi-node-worker containerd[105]: time="2026-03-15T00:04:31.864202856Z" level=info msg="loading plugin" id=io.containerd.grpc.v1.introspection type=io.containerd.grpc.v1
Mar 15 00:04:31 multi-node-worker containerd[105]: time="2026-03-15T00:04:31.864216464Z" level=info msg="loading plugin" id=io.containerd.grpc.v1.leases type=io.containerd.grpc.v1
Mar 15 00:04:31 multi-node-worker containerd[105]: time="2026-03-15T00:04:31.864230329Z" level=info msg="loading plugin" id=io.containerd.grpc.v1.namespaces type=io.containerd.grpc.v1
Mar 15 00:04:31 multi-node-worker containerd[105]: time="2026-03-15T00:04:31.864246301Z" level=info msg="loading plugin" id=io.containerd.sandbox.store.v1.local type=io.containerd.sandbox.store.v1
Mar 15 00:04:31 multi-node-worker containerd[105]: time="2026-03-15T00:04:31.864261379Z" level=info msg="loading plugin" id=io.containerd.cri.v1.images type=io.containerd.cri.v1
Mar 15 00:04:31 multi-node-worker containerd[105]: time="2026-03-15T00:04:31.864648875Z" level=info msg="Get image filesystem path \"/var/lib/containerd/io.containerd.snapshotter.v1.overlayfs\" for snapshotter \"overlayfs\""
Mar 15 00:04:31 multi-node-worker containerd[105]: time="2026-03-15T00:04:31.864696077Z" level=info msg="Start snapshots syncer"
Mar 15 00:04:31 multi-node-worker containerd[105]: time="2026-03-15T00:04:31.874670137Z" level=info msg="loading plugin" id=io.containerd.cri.v1.runtime type=io.containerd.cri.v1
Mar 15 00:04:31 multi-node-worker containerd[105]: time="2026-03-15T00:04:31.876093765Z" level=warning msg="Ignoring unknown key in TOML for plugin" error="strict mode: fields in the document are missing in the target struct" key=tolerate_missing_hugepages_controller plugin=io.containerd.cri.v1.runtime
Mar 15 00:04:31 multi-node-worker containerd[105]: time="2026-03-15T00:04:31.880597783Z" level=info msg="starting cri plugin" config="{\"containerd\":{\"defaultRuntimeName\":\"runc\",\"runtimes\":{\"runc\":{\"runtimeType\":\"io.containerd.runc.v2\",\"runtimePath\":\"\",\"PodAnnotations\":null,\"ContainerAnnotations\":null,\"options\":{\"BinaryName\":\"\",\"CriuImagePath\":\"\",\"CriuWorkPath\":\"\",\"IoGid\":0,\"IoUid\":0,\"NoNewKeyring\":false,\"Root\":\"\",\"ShimCgroup\":\"\",\"SystemdCgroup\":true},\"privileged_without_host_devices\":false,\"privileged_without_host_devices_all_devices_allowed\":false,\"baseRuntimeSpec\":\"/etc/containerd/cri-base.json\",\"cniConfDir\":\"\",\"cniMaxConfNum\":0,\"snapshotter\":\"\",\"sandboxer\":\"podsandbox\",\"io_type\":\"\"},\"test-handler\":{\"runtimeType\":\"io.containerd.runc.v2\",\"runtimePath\":\"\",\"PodAnnotations\":null,\"ContainerAnnotations\":null,\"options\":{\"SystemdCgroup\":true},\"privileged_without_host_devices\":false,\"privileged_without_host_devices_all_devices_allowed\":false,\"baseRuntimeSpec\":\"/etc/containerd/cri-base.json\",\"cniConfDir\":\"\",\"cniMaxConfNum\":0,\"snapshotter\":\"\",\"sandboxer\":\"podsandbox\",\"io_type\":\"\"}},\"ignoreBlockIONotEnabledErrors\":false,\"ignoreRdtNotEnabledErrors\":false},\"cni\":{\"binDir\":\"/opt/cni/bin\",\"confDir\":\"/etc/cni/net.d\",\"maxConfNum\":1,\"setupSerially\":false,\"confTemplate\":\"\",\"ipPref\":\"\",\"useInternalLoopback\":false},\"enableSelinux\":false,\"selinuxCategoryRange\":1024,\"maxContainerLogSize\":16384,\"disableApparmor\":false,\"restrictOOMScoreAdj\":false,\"disableProcMount\":false,\"unsetSeccompProfile\":\"\",\"tolerateMissingHugetlbController\":true,\"disableHugetlbController\":true,\"device_ownership_from_security_context\":false,\"ignoreImageDefinedVolumes\":false,\"netnsMountsUnderStateDir\":false,\"enableUnprivilegedPorts\":true,\"enableUnprivilegedICMP\":true,\"enableCDI\":true,\"cdiSpecDirs\":[\"/etc/cdi\",\"/var/run/cdi\"],\"drainExecSyncIOTimeout\":\"0s\",\"ignoreDeprecationWarnings\":null,\"containerdRootDir\":\"/var/lib/containerd\",\"containerdEndpoint\":\"/run/containerd/containerd.sock\",\"rootDir\":\"/var/lib/containerd/io.containerd.grpc.v1.cri\",\"stateDir\":\"/run/containerd/io.containerd.grpc.v1.cri\"}"
Mar 15 00:04:31 multi-node-worker containerd[105]: time="2026-03-15T00:04:31.895522958Z" level=info msg="loading plugin" id=io.containerd.podsandbox.controller.v1.podsandbox type=io.containerd.podsandbox.controller.v1
Mar 15 00:04:31 multi-node-worker containerd[105]: time="2026-03-15T00:04:31.896011982Z" level=info msg="loading plugin" id=io.containerd.sandbox.controller.v1.shim type=io.containerd.sandbox.controller.v1
Mar 15 00:04:31 multi-node-worker containerd[105]: time="2026-03-15T00:04:31.896481308Z" level=info msg="loading plugin" id=io.containerd.grpc.v1.sandbox-controllers type=io.containerd.grpc.v1
Mar 15 00:04:31 multi-node-worker containerd[105]: time="2026-03-15T00:04:31.896551790Z" level=info msg="loading plugin" id=io.containerd.grpc.v1.sandboxes type=io.containerd.grpc.v1
Mar 15 00:04:31 multi-node-worker containerd[105]: time="2026-03-15T00:04:31.896577248Z" level=info msg="loading plugin" id=io.containerd.grpc.v1.snapshots type=io.containerd.grpc.v1
Mar 15 00:04:31 multi-node-worker containerd[105]: time="2026-03-15T00:04:31.896593322Z" level=info msg="loading plugin" id=io.containerd.streaming.v1.manager type=io.containerd.streaming.v1
Mar 15 00:04:31 multi-node-worker containerd[105]: time="2026-03-15T00:04:31.896613340Z" level=info msg="loading plugin" id=io.containerd.grpc.v1.streaming type=io.containerd.grpc.v1
Mar 15 00:04:31 multi-node-worker containerd[105]: time="2026-03-15T00:04:31.896634035Z" level=info msg="loading plugin" id=io.containerd.grpc.v1.tasks type=io.containerd.grpc.v1
Mar 15 00:04:31 multi-node-worker containerd[105]: time="2026-03-15T00:04:31.897098957Z" level=info msg="loading plugin" id=io.containerd.transfer.v1.local type=io.containerd.transfer.v1
Mar 15 00:04:31 multi-node-worker containerd[105]: time="2026-03-15T00:04:31.897210790Z" level=info msg="loading plugin" id=io.containerd.grpc.v1.transfer type=io.containerd.grpc.v1
Mar 15 00:04:31 multi-node-worker containerd[105]: time="2026-03-15T00:04:31.897242077Z" level=info msg="loading plugin" id=io.containerd.grpc.v1.version type=io.containerd.grpc.v1
Mar 15 00:04:31 multi-node-worker containerd[105]: time="2026-03-15T00:04:31.897257090Z" level=info msg="loading plugin" id=io.containerd.monitor.container.v1.restart type=io.containerd.monitor.container.v1
Mar 15 00:04:31 multi-node-worker containerd[105]: time="2026-03-15T00:04:31.904085033Z" level=info msg="loading plugin" id=io.containerd.tracing.processor.v1.otlp type=io.containerd.tracing.processor.v1
Mar 15 00:04:31 multi-node-worker containerd[105]: time="2026-03-15T00:04:31.905257683Z" level=info msg="skip loading plugin" error="skip plugin: tracing endpoint not configured" id=io.containerd.tracing.processor.v1.otlp type=io.containerd.tracing.processor.v1
Mar 15 00:04:31 multi-node-worker containerd[105]: time="2026-03-15T00:04:31.905295686Z" level=info msg="loading plugin" id=io.containerd.internal.v1.tracing type=io.containerd.internal.v1
Mar 15 00:04:31 multi-node-worker containerd[105]: time="2026-03-15T00:04:31.905326340Z" level=info msg="skip loading plugin" error="skip plugin: tracing endpoint not configured" id=io.containerd.internal.v1.tracing type=io.containerd.internal.v1
Mar 15 00:04:31 multi-node-worker containerd[105]: time="2026-03-15T00:04:31.905337920Z" level=info msg="loading plugin" id=io.containerd.ttrpc.v1.otelttrpc type=io.containerd.ttrpc.v1
Mar 15 00:04:31 multi-node-worker containerd[105]: time="2026-03-15T00:04:31.905417865Z" level=info msg="loading plugin" id=io.containerd.grpc.v1.healthcheck type=io.containerd.grpc.v1
Mar 15 00:04:31 multi-node-worker containerd[105]: time="2026-03-15T00:04:31.905449303Z" level=info msg="loading plugin" id=io.containerd.nri.v1.nri type=io.containerd.nri.v1
Mar 15 00:04:31 multi-node-worker containerd[105]: time="2026-03-15T00:04:31.905490573Z" level=info msg="runtime interface created"
Mar 15 00:04:31 multi-node-worker containerd[105]: time="2026-03-15T00:04:31.905500913Z" level=info msg="created NRI interface"
Mar 15 00:04:31 multi-node-worker containerd[105]: time="2026-03-15T00:04:31.905511731Z" level=info msg="loading plugin" id=io.containerd.grpc.v1.cri type=io.containerd.grpc.v1
Mar 15 00:04:31 multi-node-worker containerd[105]: time="2026-03-15T00:04:31.905534929Z" level=info msg="Connect containerd service"
Mar 15 00:04:31 multi-node-worker containerd[105]: time="2026-03-15T00:04:31.905595564Z" level=info msg="using experimental NRI integration - disable nri plugin to prevent this"
Mar 15 00:04:31 multi-node-worker containerd[105]: time="2026-03-15T00:04:31.923756844Z" level=error msg="failed to load cni during init, please check CRI plugin status before setting up network for pods" error="cni config load failed: no network config found in /etc/cni/net.d: cni plugin not initialized: failed to load cni config"
Mar 15 00:04:32 multi-node-worker containerd[105]: time="2026-03-15T00:04:32.652975085Z" level=info msg="Start subscribing containerd event"
Mar 15 00:04:32 multi-node-worker containerd[105]: time="2026-03-15T00:04:32.653568773Z" level=info msg="Start recovering state"
Mar 15 00:04:32 multi-node-worker containerd[105]: time="2026-03-15T00:04:32.665793750Z" level=warning msg="The image sha256:baa0d31514ee559c8962d6469a23315bcc8342cbbc1eccc49fa803dcd9653cb7 is not unpacked."
Mar 15 00:04:32 multi-node-worker containerd[105]: time="2026-03-15T00:04:32.666592990Z" level=warning msg="The image docker.io/kindest/kindnetd:v20250214-acbabc1a is not unpacked."
Mar 15 00:04:32 multi-node-worker containerd[105]: time="2026-03-15T00:04:32.665853610Z" level=warning msg="The image registry.k8s.io/kube-scheduler-amd64:v1.32.2 is not unpacked."
Mar 15 00:04:32 multi-node-worker containerd[105]: time="2026-03-15T00:04:32.669460524Z" level=warning msg="The image sha256:d8e673e7c9983f1f53569a9d2ba786c8abb42e3f744f77dc97a595f3caf9435d is not unpacked."
Mar 15 00:04:32 multi-node-worker containerd[105]: time="2026-03-15T00:04:32.670731994Z" level=warning msg="The image sha256:b6a454c5a800d201daacead6ff195ec6049fe6dc086621b0670bca912efaf389 is not unpacked."
Mar 15 00:04:32 multi-node-worker containerd[105]: time="2026-03-15T00:04:32.671769368Z" level=warning msg="The image sha256:c69fa2e9cbf5f42dc48af631e956d3f95724c13f91596bc567591790e5e36db6 is not unpacked."
Mar 15 00:04:32 multi-node-worker containerd[105]: time="2026-03-15T00:04:32.674273978Z" level=warning msg="The image sha256:873ed75102791e5b0b8a7fcd41606c92fcec98d56d05ead4ac5131650004c136 is not unpacked."
Mar 15 00:04:32 multi-node-worker containerd[105]: time="2026-03-15T00:04:32.672458072Z" level=warning msg="The image registry.k8s.io/kube-scheduler:v1.32.2 is not unpacked."
Mar 15 00:04:32 multi-node-worker containerd[105]: time="2026-03-15T00:04:32.673694982Z" level=warning msg="The image registry.k8s.io/pause:3.10 is not unpacked."
Mar 15 00:04:32 multi-node-worker containerd[105]: time="2026-03-15T00:04:32.683186258Z" level=warning msg="The image sha256:a9e7e6b294baf1695fccb862d956c5d3ad8510e1e4ca1535f35dc09f247abbfc is not unpacked."
Mar 15 00:04:32 multi-node-worker containerd[105]: time="2026-03-15T00:04:32.683300912Z" level=warning msg="The image docker.io/kindest/local-path-helper:v20241212-8ac705d0 is not unpacked."
Mar 15 00:04:32 multi-node-worker containerd[105]: time="2026-03-15T00:04:32.684197930Z" level=warning msg="The image docker.io/kindest/local-path-provisioner:v20250214-acbabc1a is not unpacked."
Mar 15 00:04:32 multi-node-worker containerd[105]: time="2026-03-15T00:04:32.685820542Z" level=warning msg="The image registry.k8s.io/coredns/coredns:v1.11.3 is not unpacked."
Mar 15 00:04:32 multi-node-worker containerd[105]: time="2026-03-15T00:04:32.687094047Z" level=warning msg="The image registry.k8s.io/etcd:3.5.16-0 is not unpacked."
Mar 15 00:04:32 multi-node-worker containerd[105]: time="2026-03-15T00:04:32.690807566Z" level=info msg=serving... address=/run/containerd/containerd.sock.ttrpc
Mar 15 00:04:32 multi-node-worker containerd[105]: time="2026-03-15T00:04:32.688508208Z" level=warning msg="The image registry.k8s.io/kube-apiserver:v1.32.2 is not unpacked."
Mar 15 00:04:32 multi-node-worker containerd[105]: time="2026-03-15T00:04:32.695910291Z" level=info msg=serving... address=/run/containerd/containerd.sock
Mar 15 00:04:32 multi-node-worker containerd[105]: time="2026-03-15T00:04:32.689757379Z" level=warning msg="The image registry.k8s.io/kube-controller-manager-amd64:v1.32.2 is not unpacked."
Mar 15 00:04:32 multi-node-worker containerd[105]: time="2026-03-15T00:04:32.701196427Z" level=warning msg="The image sha256:bbb6209cc873b9b4095bd014b4687512eea2bd7b246f9ec06f4f6f0be14d9fb6 is not unpacked."
Mar 15 00:04:32 multi-node-worker containerd[105]: time="2026-03-15T00:04:32.701451400Z" level=warning msg="The image sha256:f1332858868e1c6a905123b21e2e322ab45a5b99a3532e68ff49a87c2266ebc5 is not unpacked."
Mar 15 00:04:32 multi-node-worker containerd[105]: time="2026-03-15T00:04:32.701711418Z" level=warning msg="The image sha256:df3849d954c98a7162c7bee7313ece357606e313d98ebd68b7aac5e961b1156f is not unpacked."
Mar 15 00:04:32 multi-node-worker containerd[105]: time="2026-03-15T00:04:32.702261757Z" level=warning msg="The image registry.k8s.io/kube-proxy-amd64:v1.32.2 is not unpacked."
Mar 15 00:04:32 multi-node-worker containerd[105]: time="2026-03-15T00:04:32.702431730Z" level=warning msg="The image sha256:85b7a174738baecbc53029b7913cd430a2060e0cbdb5f56c7957d32ff7f241ef is not unpacked."
Mar 15 00:04:32 multi-node-worker containerd[105]: time="2026-03-15T00:04:32.702915302Z" level=warning msg="The image registry.k8s.io/kube-proxy:v1.32.2 is not unpacked."
Mar 15 00:04:32 multi-node-worker containerd[105]: time="2026-03-15T00:04:32.703053954Z" level=warning msg="The image registry.k8s.io/kube-controller-manager:v1.32.2 is not unpacked."
Mar 15 00:04:32 multi-node-worker containerd[105]: time="2026-03-15T00:04:32.704886698Z" level=warning msg="The image registry.k8s.io/kube-apiserver-amd64:v1.32.2 is not unpacked."
Mar 15 00:04:32 multi-node-worker containerd[105]: time="2026-03-15T00:04:32.730580415Z" level=info msg="Start event monitor"
Mar 15 00:04:32 multi-node-worker containerd[105]: time="2026-03-15T00:04:32.730797971Z" level=info msg="Start cni network conf syncer for default"
Mar 15 00:04:32 multi-node-worker containerd[105]: time="2026-03-15T00:04:32.730821918Z" level=info msg="Start streaming server"
Mar 15 00:04:32 multi-node-worker containerd[105]: time="2026-03-15T00:04:32.731871407Z" level=info msg="Registered namespace \"k8s.io\" with NRI"
Mar 15 00:04:32 multi-node-worker containerd[105]: time="2026-03-15T00:04:32.732065355Z" level=info msg="runtime interface starting up..."
Mar 15 00:04:32 multi-node-worker containerd[105]: time="2026-03-15T00:04:32.732222188Z" level=info msg="starting plugins..."
Mar 15 00:04:32 multi-node-worker containerd[105]: time="2026-03-15T00:04:32.732536605Z" level=info msg="Synchronizing NRI (plugin) with current runtime state"
Mar 15 00:04:32 multi-node-worker containerd[105]: time="2026-03-15T00:04:32.734820027Z" level=info msg="containerd successfully booted in 1.270363s"
Mar 15 00:04:32 multi-node-worker systemd[1]: Started containerd.service - containerd container runtime.
Mar 15 00:06:06 multi-node-worker containerd[105]: time="2026-03-15T00:06:06.561718754Z" level=info msg="No cni config template is specified, wait for other system components to drop the config."
Mar 15 00:06:10 multi-node-worker containerd[105]: time="2026-03-15T00:06:10.003343128Z" level=info msg="RunPodSandbox for &PodSandboxMetadata{Name:kube-proxy-vxwt2,Uid:25439750-55a2-443e-86bd-92f5fd736682,Namespace:kube-system,Attempt:0,}"
Mar 15 00:06:10 multi-node-worker containerd[105]: time="2026-03-15T00:06:10.093543390Z" level=info msg="RunPodSandbox for &PodSandboxMetadata{Name:kindnet-mbw4z,Uid:98b00fd9-be0e-4df4-ae1c-47662f29e47c,Namespace:kube-system,Attempt:0,}"
Mar 15 00:06:14 multi-node-worker containerd[105]: time="2026-03-15T00:06:14.821301733Z" level=info msg="connecting to shim 6649aaceb09cb9266871963a2fae37482a71b71c60e04048afc362044b9590e2" address="unix:///run/containerd/s/900a6fa562cd7e44f95bdcafc064a2bc65e378341e354cc9786d6345954f7cc7" namespace=k8s.io protocol=ttrpc version=3
Mar 15 00:06:14 multi-node-worker containerd[105]: time="2026-03-15T00:06:14.844739247Z" level=info msg="connecting to shim b408062daf217ddc309216cc99be476937149bae164808a3fb1e0c84660945ac" address="unix:///run/containerd/s/959bbc29eb5eec62e20a3672e0270e0cd5d7bd9e31ba096e6392a1901ff99f98" namespace=k8s.io protocol=ttrpc version=3
Mar 15 00:06:17 multi-node-worker containerd[105]: time="2026-03-15T00:06:17.503133632Z" level=info msg="RunPodSandbox for &PodSandboxMetadata{Name:kube-proxy-vxwt2,Uid:25439750-55a2-443e-86bd-92f5fd736682,Namespace:kube-system,Attempt:0,} returns sandbox id \"b408062daf217ddc309216cc99be476937149bae164808a3fb1e0c84660945ac\""
Mar 15 00:06:17 multi-node-worker containerd[105]: time="2026-03-15T00:06:17.666728280Z" level=info msg="CreateContainer within sandbox \"b408062daf217ddc309216cc99be476937149bae164808a3fb1e0c84660945ac\" for container &ContainerMetadata{Name:kube-proxy,Attempt:0,}"
Mar 15 00:06:18 multi-node-worker containerd[105]: time="2026-03-15T00:06:18.346425638Z" level=info msg="RunPodSandbox for &PodSandboxMetadata{Name:kindnet-mbw4z,Uid:98b00fd9-be0e-4df4-ae1c-47662f29e47c,Namespace:kube-system,Attempt:0,} returns sandbox id \"6649aaceb09cb9266871963a2fae37482a71b71c60e04048afc362044b9590e2\""
Mar 15 00:06:18 multi-node-worker containerd[105]: time="2026-03-15T00:06:18.361797140Z" level=info msg="CreateContainer within sandbox \"6649aaceb09cb9266871963a2fae37482a71b71c60e04048afc362044b9590e2\" for container &ContainerMetadata{Name:kindnet-cni,Attempt:0,}"
Mar 15 00:06:29 multi-node-worker containerd[105]: time="2026-03-15T00:06:29.800104433Z" level=info msg="Container 7f3bc1f2b1d7246cade34b1af65db25a20fac55d40d50084c6ee18c977f9d0c1: CDI devices from CRI Config.CDIDevices: []"
Mar 15 00:06:30 multi-node-worker containerd[105]: time="2026-03-15T00:06:30.016631479Z" level=info msg="CreateContainer within sandbox \"b408062daf217ddc309216cc99be476937149bae164808a3fb1e0c84660945ac\" for &ContainerMetadata{Name:kube-proxy,Attempt:0,} returns container id \"7f3bc1f2b1d7246cade34b1af65db25a20fac55d40d50084c6ee18c977f9d0c1\""
Mar 15 00:06:30 multi-node-worker containerd[105]: time="2026-03-15T00:06:30.021296099Z" level=info msg="StartContainer for \"7f3bc1f2b1d7246cade34b1af65db25a20fac55d40d50084c6ee18c977f9d0c1\""
Mar 15 00:06:30 multi-node-worker containerd[105]: time="2026-03-15T00:06:30.046562855Z" level=info msg="connecting to shim 7f3bc1f2b1d7246cade34b1af65db25a20fac55d40d50084c6ee18c977f9d0c1" address="unix:///run/containerd/s/959bbc29eb5eec62e20a3672e0270e0cd5d7bd9e31ba096e6392a1901ff99f98" protocol=ttrpc version=3
Mar 15 00:06:31 multi-node-worker containerd[105]: time="2026-03-15T00:06:31.395790427Z" level=info msg="StartContainer for \"7f3bc1f2b1d7246cade34b1af65db25a20fac55d40d50084c6ee18c977f9d0c1\" returns successfully"
Mar 15 00:06:32 multi-node-worker containerd[105]: time="2026-03-15T00:06:32.482611689Z" level=info msg="Container 839202e4cdeeaba5ffc7b97def0254a2c25145d6bb93d0156d15f5b0d7ab62d2: CDI devices from CRI Config.CDIDevices: []"
Mar 15 00:06:32 multi-node-worker containerd[105]: time="2026-03-15T00:06:32.572435316Z" level=info msg="CreateContainer within sandbox \"6649aaceb09cb9266871963a2fae37482a71b71c60e04048afc362044b9590e2\" for &ContainerMetadata{Name:kindnet-cni,Attempt:0,} returns container id \"839202e4cdeeaba5ffc7b97def0254a2c25145d6bb93d0156d15f5b0d7ab62d2\""
Mar 15 00:06:32 multi-node-worker containerd[105]: time="2026-03-15T00:06:32.579718917Z" level=info msg="StartContainer for \"839202e4cdeeaba5ffc7b97def0254a2c25145d6bb93d0156d15f5b0d7ab62d2\""
Mar 15 00:06:32 multi-node-worker containerd[105]: time="2026-03-15T00:06:32.583006075Z" level=info msg="connecting to shim 839202e4cdeeaba5ffc7b97def0254a2c25145d6bb93d0156d15f5b0d7ab62d2" address="unix:///run/containerd/s/900a6fa562cd7e44f95bdcafc064a2bc65e378341e354cc9786d6345954f7cc7" protocol=ttrpc version=3
Mar 15 00:06:33 multi-node-worker containerd[105]: time="2026-03-15T00:06:33.619475249Z" level=info msg="StartContainer for \"839202e4cdeeaba5ffc7b97def0254a2c25145d6bb93d0156d15f5b0d7ab62d2\" returns successfully"
Mar 15 00:06:45 multi-node-worker containerd[105]: time="2026-03-15T00:06:45.358379636Z" level=error msg="failed to reload cni configuration after receiving fs change event(WRITE         \"/etc/cni/net.d/10-kindnet.conflist.temp\")" error="cni config load failed: no network config found in /etc/cni/net.d: cni plugin not initialized: failed to load cni config"
