Mar 15 00:04:29 multi-node-worker systemd-journald[90]: Journal started
Mar 15 00:04:29 multi-node-worker systemd-journald[90]: Runtime Journal (/run/log/journal/847289940d49470ab4e034172c1c7336) is 8.0M, max 195.8M, 187.8M free.
Mar 15 00:04:29 multi-node-worker systemd[1]: Finished systemd-remount-fs.service - Remount Root and Kernel File Systems.
Mar 15 00:04:29 multi-node-worker systemd[1]: Mounted sys-fs-fuse-connections.mount - FUSE Control File System.
Mar 15 00:04:29 multi-node-worker systemd[1]: Mounted sys-kernel-config.mount - Kernel Configuration File System.
Mar 15 00:04:29 multi-node-worker systemd[1]: systemd-firstboot.service - First Boot Wizard was skipped because of an unmet condition check (ConditionFirstBoot=yes).
Mar 15 00:04:29 multi-node-worker systemd[1]: Starting systemd-journal-flush.service - Flush Journal to Persistent Storage...
Mar 15 00:04:29 multi-node-worker systemd[1]: systemd-random-seed.service - Load/Save Random Seed was skipped because of an unmet condition check (ConditionVirtualization=!container).
Mar 15 00:04:29 multi-node-worker systemd[1]: first-boot-complete.target - First Boot Complete was skipped because of an unmet condition check (ConditionFirstBoot=yes).
Mar 15 00:04:29 multi-node-worker systemd[1]: Starting systemd-sysusers.service - Create System Users...
Mar 15 00:04:29 multi-node-worker systemd[1]: Starting systemd-update-utmp.service - Record System Boot/Shutdown in UTMP...
Mar 15 00:04:29 multi-node-worker systemd[1]: Finished systemd-sysctl.service - Apply Kernel Variables.
Mar 15 00:04:29 multi-node-worker systemd[1]: Finished systemd-update-utmp.service - Record System Boot/Shutdown in UTMP.
Mar 15 00:04:29 multi-node-worker systemd-journald[90]: Runtime Journal (/run/log/journal/847289940d49470ab4e034172c1c7336) is 8.0M, max 195.8M, 187.8M free.
Mar 15 00:04:30 multi-node-worker systemd[1]: Finished systemd-sysusers.service - Create System Users.
Mar 15 00:04:30 multi-node-worker systemd[1]: Finished systemd-journal-flush.service - Flush Journal to Persistent Storage.
Mar 15 00:04:30 multi-node-worker systemd[1]: Starting systemd-tmpfiles-setup-dev.service - Create Static Device Nodes in /dev...
Mar 15 00:04:30 multi-node-worker systemd[1]: Finished systemd-tmpfiles-setup-dev.service - Create Static Device Nodes in /dev.
Mar 15 00:04:30 multi-node-worker systemd[1]: Reached target local-fs-pre.target - Preparation for Local File Systems.
Mar 15 00:04:30 multi-node-worker systemd[1]: Reached target local-fs.target - Local File Systems.
Mar 15 00:04:30 multi-node-worker systemd[1]: systemd-machine-id-commit.service - Commit a transient machine-id on disk was skipped because of an unmet condition check (ConditionPathIsMountPoint=/etc/machine-id).
Mar 15 00:04:30 multi-node-worker systemd[1]: systemd-udevd.service - Rule-based Manager for Device Events and Files was skipped because of an unmet condition check (ConditionPathIsReadWrite=/sys).
Mar 15 00:04:30 multi-node-worker systemd[1]: Reached target sysinit.target - System Initialization.
Mar 15 00:04:30 multi-node-worker systemd[1]: Started systemd-tmpfiles-clean.timer - Daily Cleanup of Temporary Directories.
Mar 15 00:04:30 multi-node-worker systemd[1]: Reached target timers.target - Timer Units.
Mar 15 00:04:30 multi-node-worker systemd[1]: systemd-pcrphase-sysinit.service - TPM2 PCR Barrier (Initialization) was skipped because of an unmet condition check (ConditionPathExists=/sys/firmware/efi/efivars/StubPcrKernelImage-4a67b082-0a4c-41cf-b6c7-440b29bb8c4f).
Mar 15 00:04:30 multi-node-worker systemd[1]: Reached target basic.target - Basic System.
Mar 15 00:04:30 multi-node-worker systemd[1]: systemd-pcrphase.service - TPM2 PCR Barrier (User) was skipped because of an unmet condition check (ConditionPathExists=/sys/firmware/efi/efivars/StubPcrKernelImage-4a67b082-0a4c-41cf-b6c7-440b29bb8c4f).
Mar 15 00:04:30 multi-node-worker systemd[1]: Starting undo-mount-hacks.service - Undo KIND mount hacks...
Mar 15 00:04:30 multi-node-worker systemd[1]: undo-mount-hacks.service: Deactivated successfully.
Mar 15 00:04:30 multi-node-worker systemd[1]: Finished undo-mount-hacks.service - Undo KIND mount hacks.
Mar 15 00:04:30 multi-node-worker systemd[1]: Starting containerd.service - containerd container runtime...
Mar 15 00:04:30 multi-node-worker systemd[1]: kubelet.service - kubelet: The Kubernetes Node Agent was skipped because of an unmet condition check (ConditionPathExists=/var/lib/kubelet/config.yaml).
Mar 15 00:04:31 multi-node-worker containerd[105]: time="2026-03-15T00:04:31.480918896Z" level=info msg="starting containerd" revision=c507a0257ea6462fbd6f5ba4f5c74facb04021f4 version=v2.0.2
Mar 15 00:04:31 multi-node-worker containerd[105]: time="2026-03-15T00:04:31.803791458Z" level=warning msg="Configuration migrated from version 2, use `containerd config migrate` to avoid migration" t="15.412µs"
Mar 15 00:04:31 multi-node-worker containerd[105]: time="2026-03-15T00:04:31.803850449Z" level=info msg="loading plugin" id=io.containerd.image-verifier.v1.bindir type=io.containerd.image-verifier.v1
Mar 15 00:04:31 multi-node-worker containerd[105]: time="2026-03-15T00:04:31.803881558Z" level=info msg="loading plugin" id=io.containerd.internal.v1.opt type=io.containerd.internal.v1
Mar 15 00:04:31 multi-node-worker containerd[105]: time="2026-03-15T00:04:31.804133089Z" level=info msg="loading plugin" id=io.containerd.warning.v1.deprecations type=io.containerd.warning.v1
Mar 15 00:04:31 multi-node-worker containerd[105]: time="2026-03-15T00:04:31.804164326Z" level=info msg="loading plugin" id=io.containerd.content.v1.content type=io.containerd.content.v1
Mar 15 00:04:31 multi-node-worker containerd[105]: time="2026-03-15T00:04:31.805009143Z" level=info msg="loading plugin" id=io.containerd.snapshotter.v1.blockfile type=io.containerd.snapshotter.v1
Mar 15 00:04:31 multi-node-worker containerd[105]: time="2026-03-15T00:04:31.805098990Z" level=info msg="skip loading plugin" error="no scratch file generator: skip plugin" id=io.containerd.snapshotter.v1.blockfile type=io.containerd.snapshotter.v1
Mar 15 00:04:31 multi-node-worker containerd[105]: time="2026-03-15T00:04:31.805118637Z" level=info msg="loading plugin" id=io.containerd.snapshotter.v1.native type=io.containerd.snapshotter.v1
Mar 15 00:04:31 multi-node-worker containerd[105]: time="2026-03-15T00:04:31.805145477Z" level=info msg="loading plugin" id=io.containerd.snapshotter.v1.overlayfs type=io.containerd.snapshotter.v1
Mar 15 00:04:31 multi-node-worker containerd[105]: time="2026-03-15T00:04:31.806336421Z" level=info msg="loading plugin" id=io.containerd.event.v1.exchange type=io.containerd.event.v1
Mar 15 00:04:31 multi-node-worker containerd[105]: time="2026-03-15T00:04:31.806425496Z" level=info msg="loading plugin" id=io.containerd.monitor.task.v1.cgroups type=io.containerd.monitor.task.v1
Mar 15 00:04:31 multi-node-worker containerd[105]: time="2026-03-15T00:04:31.815958526Z" level=info msg="loading plugin" id=io.containerd.snapshotter.v1.fuse-overlayfs type=io.containerd.snapshotter.v1
Mar 15 00:04:31 multi-node-worker containerd[105]: time="2026-03-15T00:04:31.817818880Z" level=info msg="loading plugin" id=io.containerd.metadata.v1.bolt type=io.containerd.metadata.v1
Mar 15 00:04:31 multi-node-worker containerd[105]: time="2026-03-15T00:04:31.818086328Z" level=info msg="metadata content store policy set" policy=shared
Mar 15 00:04:31 multi-node-worker containerd[105]: time="2026-03-15T00:04:31.857942090Z" level=info msg="loading plugin" id=io.containerd.gc.v1.scheduler type=io.containerd.gc.v1
Mar 15 00:04:31 multi-node-worker containerd[105]: time="2026-03-15T00:04:31.858676143Z" level=info msg="loading plugin" id=io.containerd.differ.v1.walking type=io.containerd.differ.v1
Mar 15 00:04:31 multi-node-worker containerd[105]: time="2026-03-15T00:04:31.859623848Z" level=info msg="loading plugin" id=io.containerd.lease.v1.manager type=io.containerd.lease.v1
Mar 15 00:04:31 multi-node-worker containerd[105]: time="2026-03-15T00:04:31.860671090Z" level=info msg="loading plugin" id=io.containerd.service.v1.containers-service type=io.containerd.service.v1
Mar 15 00:04:31 multi-node-worker containerd[105]: time="2026-03-15T00:04:31.862774441Z" level=info msg="loading plugin" id=io.containerd.service.v1.content-service type=io.containerd.service.v1
Mar 15 00:04:31 multi-node-worker containerd[105]: time="2026-03-15T00:04:31.863276858Z" level=info msg="loading plugin" id=io.containerd.service.v1.diff-service type=io.containerd.service.v1
Mar 15 00:04:31 multi-node-worker containerd[105]: time="2026-03-15T00:04:31.863489101Z" level=info msg="loading plugin" id=io.containerd.service.v1.images-service type=io.containerd.service.v1
Mar 15 00:04:31 multi-node-worker containerd[105]: time="2026-03-15T00:04:31.863593899Z" level=info msg="loading plugin" id=io.containerd.service.v1.introspection-service type=io.containerd.service.v1
Mar 15 00:04:31 multi-node-worker containerd[105]: time="2026-03-15T00:04:31.863619216Z" level=info msg="loading plugin" id=io.containerd.service.v1.namespaces-service type=io.containerd.service.v1
Mar 15 00:04:31 multi-node-worker containerd[105]: time="2026-03-15T00:04:31.863637823Z" level=info msg="loading plugin" id=io.containerd.service.v1.snapshots-service type=io.containerd.service.v1
Mar 15 00:04:31 multi-node-worker containerd[105]: time="2026-03-15T00:04:31.863652708Z" level=info msg="loading plugin" id=io.containerd.shim.v1.manager type=io.containerd.shim.v1
Mar 15 00:04:31 multi-node-worker containerd[105]: time="2026-03-15T00:04:31.863668202Z" level=info msg="loading plugin" id=io.containerd.runtime.v2.task type=io.containerd.runtime.v2
Mar 15 00:04:31 multi-node-worker containerd[105]: time="2026-03-15T00:04:31.864056370Z" level=info msg="loading plugin" id=io.containerd.service.v1.tasks-service type=io.containerd.service.v1
Mar 15 00:04:31 multi-node-worker containerd[105]: time="2026-03-15T00:04:31.864120959Z" level=info msg="loading plugin" id=io.containerd.grpc.v1.containers type=io.containerd.grpc.v1
Mar 15 00:04:31 multi-node-worker containerd[105]: time="2026-03-15T00:04:31.864144058Z" level=info msg="loading plugin" id=io.containerd.grpc.v1.content type=io.containerd.grpc.v1
Mar 15 00:04:31 multi-node-worker containerd[105]: time="2026-03-15T00:04:31.864158511Z" level=info msg="loading plugin" id=io.containerd.grpc.v1.diff type=io.containerd.grpc.v1
Mar 15 00:04:31 multi-node-worker containerd[105]: time="2026-03-15T00:04:31.864173105Z" level=info msg="loading plugin" id=io.containerd.grpc.v1.events type=io.containerd.grpc.v1
Mar 15 00:04:31 multi-node-worker containerd[105]: time="2026-03-15T00:04:31.864186309Z" level=info msg="loading plugin" id=io.containerd.grpc.v1.images type=io.containerd.grpc.v1
Mar 15 00:04:31 multi-node-worker containerd[105]: time="2026-03-15T00:04:31.864202856Z" level=info msg="loading plugin" id=io.containerd.grpc.v1.introspection type=io.containerd.grpc.v1
Mar 15 00:04:31 multi-node-worker containerd[105]: time="2026-03-15T00:04:31.864216464Z" level=info msg="loading plugin" id=io.containerd.grpc.v1.leases type=io.containerd.grpc.v1
Mar 15 00:04:31 multi-node-worker containerd[105]: time="2026-03-15T00:04:31.864230329Z" level=info msg="loading plugin" id=io.containerd.grpc.v1.namespaces type=io.containerd.grpc.v1
Mar 15 00:04:31 multi-node-worker containerd[105]: time="2026-03-15T00:04:31.864246301Z" level=info msg="loading plugin" id=io.containerd.sandbox.store.v1.local type=io.containerd.sandbox.store.v1
Mar 15 00:04:31 multi-node-worker containerd[105]: time="2026-03-15T00:04:31.864261379Z" level=info msg="loading plugin" id=io.containerd.cri.v1.images type=io.containerd.cri.v1
Mar 15 00:04:31 multi-node-worker containerd[105]: time="2026-03-15T00:04:31.864648875Z" level=info msg="Get image filesystem path \"/var/lib/containerd/io.containerd.snapshotter.v1.overlayfs\" for snapshotter \"overlayfs\""
Mar 15 00:04:31 multi-node-worker containerd[105]: time="2026-03-15T00:04:31.864696077Z" level=info msg="Start snapshots syncer"
Mar 15 00:04:31 multi-node-worker containerd[105]: time="2026-03-15T00:04:31.874670137Z" level=info msg="loading plugin" id=io.containerd.cri.v1.runtime type=io.containerd.cri.v1
Mar 15 00:04:31 multi-node-worker containerd[105]: time="2026-03-15T00:04:31.876093765Z" level=warning msg="Ignoring unknown key in TOML for plugin" error="strict mode: fields in the document are missing in the target struct" key=tolerate_missing_hugepages_controller plugin=io.containerd.cri.v1.runtime
Mar 15 00:04:31 multi-node-worker containerd[105]: time="2026-03-15T00:04:31.880597783Z" level=info msg="starting cri plugin" config="{\"containerd\":{\"defaultRuntimeName\":\"runc\",\"runtimes\":{\"runc\":{\"runtimeType\":\"io.containerd.runc.v2\",\"runtimePath\":\"\",\"PodAnnotations\":null,\"ContainerAnnotations\":null,\"options\":{\"BinaryName\":\"\",\"CriuImagePath\":\"\",\"CriuWorkPath\":\"\",\"IoGid\":0,\"IoUid\":0,\"NoNewKeyring\":false,\"Root\":\"\",\"ShimCgroup\":\"\",\"SystemdCgroup\":true},\"privileged_without_host_devices\":false,\"privileged_without_host_devices_all_devices_allowed\":false,\"baseRuntimeSpec\":\"/etc/containerd/cri-base.json\",\"cniConfDir\":\"\",\"cniMaxConfNum\":0,\"snapshotter\":\"\",\"sandboxer\":\"podsandbox\",\"io_type\":\"\"},\"test-handler\":{\"runtimeType\":\"io.containerd.runc.v2\",\"runtimePath\":\"\",\"PodAnnotations\":null,\"ContainerAnnotations\":null,\"options\":{\"SystemdCgroup\":true},\"privileged_without_host_devices\":false,\"privileged_without_host_devices_all_devices_allowed\":false,\"baseRuntimeSpec\":\"/etc/containerd/cri-base.json\",\"cniConfDir\":\"\",\"cniMaxConfNum\":0,\"snapshotter\":\"\",\"sandboxer\":\"podsandbox\",\"io_type\":\"\"}},\"ignoreBlockIONotEnabledErrors\":false,\"ignoreRdtNotEnabledErrors\":false},\"cni\":{\"binDir\":\"/opt/cni/bin\",\"confDir\":\"/etc/cni/net.d\",\"maxConfNum\":1,\"setupSerially\":false,\"confTemplate\":\"\",\"ipPref\":\"\",\"useInternalLoopback\":false},\"enableSelinux\":false,\"selinuxCategoryRange\":1024,\"maxContainerLogSize\":16384,\"disableApparmor\":false,\"restrictOOMScoreAdj\":false,\"disableProcMount\":false,\"unsetSeccompProfile\":\"\",\"tolerateMissingHugetlbController\":true,\"disableHugetlbController\":true,\"device_ownership_from_security_context\":false,\"ignoreImageDefinedVolumes\":false,\"netnsMountsUnderStateDir\":false,\"enableUnprivilegedPorts\":true,\"enableUnprivilegedICMP\":true,\"enableCDI\":true,\"cdiSpecDirs\":[\"/etc/cdi\",\"/var/run/cdi\"],\"drainExecSyncIOTimeout\":\"0s\",\"ignoreDeprecationWarnings\":null,\"containerdRootDir\":\"/var/lib/containerd\",\"containerdEndpoint\":\"/run/containerd/containerd.sock\",\"rootDir\":\"/var/lib/containerd/io.containerd.grpc.v1.cri\",\"stateDir\":\"/run/containerd/io.containerd.grpc.v1.cri\"}"
Mar 15 00:04:31 multi-node-worker containerd[105]: time="2026-03-15T00:04:31.895522958Z" level=info msg="loading plugin" id=io.containerd.podsandbox.controller.v1.podsandbox type=io.containerd.podsandbox.controller.v1
Mar 15 00:04:31 multi-node-worker containerd[105]: time="2026-03-15T00:04:31.896011982Z" level=info msg="loading plugin" id=io.containerd.sandbox.controller.v1.shim type=io.containerd.sandbox.controller.v1
Mar 15 00:04:31 multi-node-worker containerd[105]: time="2026-03-15T00:04:31.896481308Z" level=info msg="loading plugin" id=io.containerd.grpc.v1.sandbox-controllers type=io.containerd.grpc.v1
Mar 15 00:04:31 multi-node-worker containerd[105]: time="2026-03-15T00:04:31.896551790Z" level=info msg="loading plugin" id=io.containerd.grpc.v1.sandboxes type=io.containerd.grpc.v1
Mar 15 00:04:31 multi-node-worker containerd[105]: time="2026-03-15T00:04:31.896577248Z" level=info msg="loading plugin" id=io.containerd.grpc.v1.snapshots type=io.containerd.grpc.v1
Mar 15 00:04:31 multi-node-worker containerd[105]: time="2026-03-15T00:04:31.896593322Z" level=info msg="loading plugin" id=io.containerd.streaming.v1.manager type=io.containerd.streaming.v1
Mar 15 00:04:31 multi-node-worker containerd[105]: time="2026-03-15T00:04:31.896613340Z" level=info msg="loading plugin" id=io.containerd.grpc.v1.streaming type=io.containerd.grpc.v1
Mar 15 00:04:31 multi-node-worker containerd[105]: time="2026-03-15T00:04:31.896634035Z" level=info msg="loading plugin" id=io.containerd.grpc.v1.tasks type=io.containerd.grpc.v1
Mar 15 00:04:31 multi-node-worker containerd[105]: time="2026-03-15T00:04:31.897098957Z" level=info msg="loading plugin" id=io.containerd.transfer.v1.local type=io.containerd.transfer.v1
Mar 15 00:04:31 multi-node-worker containerd[105]: time="2026-03-15T00:04:31.897210790Z" level=info msg="loading plugin" id=io.containerd.grpc.v1.transfer type=io.containerd.grpc.v1
Mar 15 00:04:31 multi-node-worker containerd[105]: time="2026-03-15T00:04:31.897242077Z" level=info msg="loading plugin" id=io.containerd.grpc.v1.version type=io.containerd.grpc.v1
Mar 15 00:04:31 multi-node-worker containerd[105]: time="2026-03-15T00:04:31.897257090Z" level=info msg="loading plugin" id=io.containerd.monitor.container.v1.restart type=io.containerd.monitor.container.v1
Mar 15 00:04:31 multi-node-worker containerd[105]: time="2026-03-15T00:04:31.904085033Z" level=info msg="loading plugin" id=io.containerd.tracing.processor.v1.otlp type=io.containerd.tracing.processor.v1
Mar 15 00:04:31 multi-node-worker containerd[105]: time="2026-03-15T00:04:31.905257683Z" level=info msg="skip loading plugin" error="skip plugin: tracing endpoint not configured" id=io.containerd.tracing.processor.v1.otlp type=io.containerd.tracing.processor.v1
Mar 15 00:04:31 multi-node-worker containerd[105]: time="2026-03-15T00:04:31.905295686Z" level=info msg="loading plugin" id=io.containerd.internal.v1.tracing type=io.containerd.internal.v1
Mar 15 00:04:31 multi-node-worker containerd[105]: time="2026-03-15T00:04:31.905326340Z" level=info msg="skip loading plugin" error="skip plugin: tracing endpoint not configured" id=io.containerd.internal.v1.tracing type=io.containerd.internal.v1
Mar 15 00:04:31 multi-node-worker containerd[105]: time="2026-03-15T00:04:31.905337920Z" level=info msg="loading plugin" id=io.containerd.ttrpc.v1.otelttrpc type=io.containerd.ttrpc.v1
Mar 15 00:04:31 multi-node-worker containerd[105]: time="2026-03-15T00:04:31.905417865Z" level=info msg="loading plugin" id=io.containerd.grpc.v1.healthcheck type=io.containerd.grpc.v1
Mar 15 00:04:31 multi-node-worker containerd[105]: time="2026-03-15T00:04:31.905449303Z" level=info msg="loading plugin" id=io.containerd.nri.v1.nri type=io.containerd.nri.v1
Mar 15 00:04:31 multi-node-worker containerd[105]: time="2026-03-15T00:04:31.905490573Z" level=info msg="runtime interface created"
Mar 15 00:04:31 multi-node-worker containerd[105]: time="2026-03-15T00:04:31.905500913Z" level=info msg="created NRI interface"
Mar 15 00:04:31 multi-node-worker containerd[105]: time="2026-03-15T00:04:31.905511731Z" level=info msg="loading plugin" id=io.containerd.grpc.v1.cri type=io.containerd.grpc.v1
Mar 15 00:04:31 multi-node-worker containerd[105]: time="2026-03-15T00:04:31.905534929Z" level=info msg="Connect containerd service"
Mar 15 00:04:31 multi-node-worker containerd[105]: time="2026-03-15T00:04:31.905595564Z" level=info msg="using experimental NRI integration - disable nri plugin to prevent this"
Mar 15 00:04:31 multi-node-worker containerd[105]: time="2026-03-15T00:04:31.923756844Z" level=error msg="failed to load cni during init, please check CRI plugin status before setting up network for pods" error="cni config load failed: no network config found in /etc/cni/net.d: cni plugin not initialized: failed to load cni config"
Mar 15 00:04:32 multi-node-worker containerd[105]: time="2026-03-15T00:04:32.652975085Z" level=info msg="Start subscribing containerd event"
Mar 15 00:04:32 multi-node-worker containerd[105]: time="2026-03-15T00:04:32.653568773Z" level=info msg="Start recovering state"
Mar 15 00:04:32 multi-node-worker containerd[105]: time="2026-03-15T00:04:32.665793750Z" level=warning msg="The image sha256:baa0d31514ee559c8962d6469a23315bcc8342cbbc1eccc49fa803dcd9653cb7 is not unpacked."
Mar 15 00:04:32 multi-node-worker containerd[105]: time="2026-03-15T00:04:32.666592990Z" level=warning msg="The image docker.io/kindest/kindnetd:v20250214-acbabc1a is not unpacked."
Mar 15 00:04:32 multi-node-worker containerd[105]: time="2026-03-15T00:04:32.665853610Z" level=warning msg="The image registry.k8s.io/kube-scheduler-amd64:v1.32.2 is not unpacked."
Mar 15 00:04:32 multi-node-worker containerd[105]: time="2026-03-15T00:04:32.669460524Z" level=warning msg="The image sha256:d8e673e7c9983f1f53569a9d2ba786c8abb42e3f744f77dc97a595f3caf9435d is not unpacked."
Mar 15 00:04:32 multi-node-worker containerd[105]: time="2026-03-15T00:04:32.670731994Z" level=warning msg="The image sha256:b6a454c5a800d201daacead6ff195ec6049fe6dc086621b0670bca912efaf389 is not unpacked."
Mar 15 00:04:32 multi-node-worker containerd[105]: time="2026-03-15T00:04:32.671769368Z" level=warning msg="The image sha256:c69fa2e9cbf5f42dc48af631e956d3f95724c13f91596bc567591790e5e36db6 is not unpacked."
Mar 15 00:04:32 multi-node-worker containerd[105]: time="2026-03-15T00:04:32.674273978Z" level=warning msg="The image sha256:873ed75102791e5b0b8a7fcd41606c92fcec98d56d05ead4ac5131650004c136 is not unpacked."
Mar 15 00:04:32 multi-node-worker containerd[105]: time="2026-03-15T00:04:32.672458072Z" level=warning msg="The image registry.k8s.io/kube-scheduler:v1.32.2 is not unpacked."
Mar 15 00:04:32 multi-node-worker containerd[105]: time="2026-03-15T00:04:32.673694982Z" level=warning msg="The image registry.k8s.io/pause:3.10 is not unpacked."
Mar 15 00:04:32 multi-node-worker containerd[105]: time="2026-03-15T00:04:32.683186258Z" level=warning msg="The image sha256:a9e7e6b294baf1695fccb862d956c5d3ad8510e1e4ca1535f35dc09f247abbfc is not unpacked."
Mar 15 00:04:32 multi-node-worker containerd[105]: time="2026-03-15T00:04:32.683300912Z" level=warning msg="The image docker.io/kindest/local-path-helper:v20241212-8ac705d0 is not unpacked."
Mar 15 00:04:32 multi-node-worker containerd[105]: time="2026-03-15T00:04:32.684197930Z" level=warning msg="The image docker.io/kindest/local-path-provisioner:v20250214-acbabc1a is not unpacked."
Mar 15 00:04:32 multi-node-worker containerd[105]: time="2026-03-15T00:04:32.685820542Z" level=warning msg="The image registry.k8s.io/coredns/coredns:v1.11.3 is not unpacked."
Mar 15 00:04:32 multi-node-worker containerd[105]: time="2026-03-15T00:04:32.687094047Z" level=warning msg="The image registry.k8s.io/etcd:3.5.16-0 is not unpacked."
Mar 15 00:04:32 multi-node-worker containerd[105]: time="2026-03-15T00:04:32.690807566Z" level=info msg=serving... address=/run/containerd/containerd.sock.ttrpc
Mar 15 00:04:32 multi-node-worker containerd[105]: time="2026-03-15T00:04:32.688508208Z" level=warning msg="The image registry.k8s.io/kube-apiserver:v1.32.2 is not unpacked."
Mar 15 00:04:32 multi-node-worker containerd[105]: time="2026-03-15T00:04:32.695910291Z" level=info msg=serving... address=/run/containerd/containerd.sock
Mar 15 00:04:32 multi-node-worker containerd[105]: time="2026-03-15T00:04:32.689757379Z" level=warning msg="The image registry.k8s.io/kube-controller-manager-amd64:v1.32.2 is not unpacked."
Mar 15 00:04:32 multi-node-worker containerd[105]: time="2026-03-15T00:04:32.701196427Z" level=warning msg="The image sha256:bbb6209cc873b9b4095bd014b4687512eea2bd7b246f9ec06f4f6f0be14d9fb6 is not unpacked."
Mar 15 00:04:32 multi-node-worker containerd[105]: time="2026-03-15T00:04:32.701451400Z" level=warning msg="The image sha256:f1332858868e1c6a905123b21e2e322ab45a5b99a3532e68ff49a87c2266ebc5 is not unpacked."
Mar 15 00:04:32 multi-node-worker containerd[105]: time="2026-03-15T00:04:32.701711418Z" level=warning msg="The image sha256:df3849d954c98a7162c7bee7313ece357606e313d98ebd68b7aac5e961b1156f is not unpacked."
Mar 15 00:04:32 multi-node-worker containerd[105]: time="2026-03-15T00:04:32.702261757Z" level=warning msg="The image registry.k8s.io/kube-proxy-amd64:v1.32.2 is not unpacked."
Mar 15 00:04:32 multi-node-worker containerd[105]: time="2026-03-15T00:04:32.702431730Z" level=warning msg="The image sha256:85b7a174738baecbc53029b7913cd430a2060e0cbdb5f56c7957d32ff7f241ef is not unpacked."
Mar 15 00:04:32 multi-node-worker containerd[105]: time="2026-03-15T00:04:32.702915302Z" level=warning msg="The image registry.k8s.io/kube-proxy:v1.32.2 is not unpacked."
Mar 15 00:04:32 multi-node-worker containerd[105]: time="2026-03-15T00:04:32.703053954Z" level=warning msg="The image registry.k8s.io/kube-controller-manager:v1.32.2 is not unpacked."
Mar 15 00:04:32 multi-node-worker containerd[105]: time="2026-03-15T00:04:32.704886698Z" level=warning msg="The image registry.k8s.io/kube-apiserver-amd64:v1.32.2 is not unpacked."
Mar 15 00:04:32 multi-node-worker containerd[105]: time="2026-03-15T00:04:32.730580415Z" level=info msg="Start event monitor"
Mar 15 00:04:32 multi-node-worker containerd[105]: time="2026-03-15T00:04:32.730797971Z" level=info msg="Start cni network conf syncer for default"
Mar 15 00:04:32 multi-node-worker containerd[105]: time="2026-03-15T00:04:32.730821918Z" level=info msg="Start streaming server"
Mar 15 00:04:32 multi-node-worker containerd[105]: time="2026-03-15T00:04:32.731871407Z" level=info msg="Registered namespace \"k8s.io\" with NRI"
Mar 15 00:04:32 multi-node-worker containerd[105]: time="2026-03-15T00:04:32.732065355Z" level=info msg="runtime interface starting up..."
Mar 15 00:04:32 multi-node-worker containerd[105]: time="2026-03-15T00:04:32.732222188Z" level=info msg="starting plugins..."
Mar 15 00:04:32 multi-node-worker containerd[105]: time="2026-03-15T00:04:32.732536605Z" level=info msg="Synchronizing NRI (plugin) with current runtime state"
Mar 15 00:04:32 multi-node-worker containerd[105]: time="2026-03-15T00:04:32.734820027Z" level=info msg="containerd successfully booted in 1.270363s"
Mar 15 00:04:32 multi-node-worker systemd[1]: Started containerd.service - containerd container runtime.
Mar 15 00:04:32 multi-node-worker systemd[1]: Reached target multi-user.target - Multi-User System.
Mar 15 00:04:32 multi-node-worker systemd[1]: Reached target graphical.target - Graphical Interface.
Mar 15 00:04:32 multi-node-worker systemd[1]: Starting systemd-update-utmp-runlevel.service - Record Runlevel Change in UTMP...
Mar 15 00:04:32 multi-node-worker systemd[1]: systemd-update-utmp-runlevel.service: Deactivated successfully.
Mar 15 00:04:32 multi-node-worker systemd[1]: Finished systemd-update-utmp-runlevel.service - Record Runlevel Change in UTMP.
Mar 15 00:04:32 multi-node-worker systemd[1]: Startup finished in 4.113s.
Mar 15 00:06:00 multi-node-worker systemd[1]: Reloading.
Mar 15 00:06:01 multi-node-worker systemd[1]: Starting kubelet.service - kubelet: The Kubernetes Node Agent...
Mar 15 00:06:01 multi-node-worker systemd[1]: Started kubelet.service - kubelet: The Kubernetes Node Agent.
Mar 15 00:06:03 multi-node-worker kubelet[212]: Flag --container-runtime-endpoint has been deprecated, This parameter should be set via the config file specified by the Kubelet's --config flag. See https://kubernetes.io/docs/tasks/administer-cluster/kubelet-config-file/ for more information.
Mar 15 00:06:03 multi-node-worker kubelet[212]: Flag --pod-infra-container-image has been deprecated, will be removed in 1.35. Image garbage collector will get sandbox image information from CRI.
Mar 15 00:06:03 multi-node-worker kubelet[212]: I0315 00:06:03.129668     212 server.go:215] "--pod-infra-container-image will not be pruned by the image garbage collector in kubelet and should also be set in the remote runtime"
Mar 15 00:06:04 multi-node-worker kubelet[212]: I0315 00:06:04.782888     212 server.go:520] "Kubelet version" kubeletVersion="v1.32.2"
Mar 15 00:06:04 multi-node-worker kubelet[212]: I0315 00:06:04.786231     212 server.go:522] "Golang settings" GOGC="" GOMAXPROCS="" GOTRACEBACK=""
Mar 15 00:06:04 multi-node-worker kubelet[212]: I0315 00:06:04.786822     212 server.go:954] "Client rotation is on, will bootstrap in background"
Mar 15 00:06:04 multi-node-worker kubelet[212]: I0315 00:06:04.878594     212 dynamic_cafile_content.go:161] "Starting controller" name="client-ca-bundle::/etc/kubernetes/pki/ca.crt"
Mar 15 00:06:05 multi-node-worker kubelet[212]: I0315 00:06:05.068966     212 server.go:1444] "Using cgroup driver setting received from the CRI runtime" cgroupDriver="systemd"
Mar 15 00:06:05 multi-node-worker kubelet[212]: I0315 00:06:05.103390     212 server.go:841] "NoSwap is set due to memorySwapBehavior not specified" memorySwapBehavior="" FailSwapOn=false
Mar 15 00:06:05 multi-node-worker kubelet[212]: I0315 00:06:05.106829     212 swap_util.go:115] "Swap is on" /proc/swaps contents=<
Mar 15 00:06:05 multi-node-worker kubelet[212]:         Filename                                Type                Size                Used                Priority
Mar 15 00:06:05 multi-node-worker kubelet[212]:         /dev/sdc                                partition        4194304                129540                -2
Mar 15 00:06:05 multi-node-worker kubelet[212]:  >
Mar 15 00:06:05 multi-node-worker kubelet[212]: I0315 00:06:05.110499     212 container_manager_linux.go:268] "Container manager verified user specified cgroup-root exists" cgroupRoot=["kubelet"]
Mar 15 00:06:05 multi-node-worker kubelet[212]: I0315 00:06:05.110628     212 container_manager_linux.go:273] "Creating Container Manager object based on Node Config" nodeConfig={"NodeName":"multi-node-worker","RuntimeCgroupsName":"/system.slice/containerd.service","SystemCgroupsName":"","KubeletCgroupsName":"","KubeletOOMScoreAdj":-999,"ContainerRuntime":"","CgroupsPerQOS":true,"CgroupRoot":"/kubelet","CgroupDriver":"systemd","KubeletRootDir":"/var/lib/kubelet","ProtectKernelDefaults":false,"KubeReservedCgroupName":"","SystemReservedCgroupName":"","ReservedSystemCPUs":{},"EnforceNodeAllocatable":{"pods":{}},"KubeReserved":null,"SystemReserved":null,"HardEvictionThresholds":[],"QOSReserved":{},"CPUManagerPolicy":"none","CPUManagerPolicyOptions":null,"TopologyManagerScope":"container","CPUManagerReconcilePeriod":10000000000,"ExperimentalMemoryManagerPolicy":"None","ExperimentalMemoryManagerReservedMemory":null,"PodPidsLimit":-1,"EnforceCPULimits":true,"CPUCFSQuotaPeriod":100000000,"TopologyManagerPolicy":"none","TopologyManagerPolicyOptions":null,"CgroupVersion":2}
Mar 15 00:06:05 multi-node-worker kubelet[212]: I0315 00:06:05.112520     212 topology_manager.go:138] "Creating topology manager with none policy"
Mar 15 00:06:05 multi-node-worker kubelet[212]: I0315 00:06:05.112560     212 container_manager_linux.go:304] "Creating device plugin manager"
Mar 15 00:06:05 multi-node-worker kubelet[212]: I0315 00:06:05.114073     212 state_mem.go:36] "Initialized new in-memory state store"
Mar 15 00:06:05 multi-node-worker kubelet[212]: I0315 00:06:05.120268     212 kubelet.go:446] "Attempting to sync node with API server"
Mar 15 00:06:05 multi-node-worker kubelet[212]: I0315 00:06:05.120380     212 kubelet.go:341] "Adding static pod path" path="/etc/kubernetes/manifests"
Mar 15 00:06:05 multi-node-worker kubelet[212]: I0315 00:06:05.123678     212 kubelet.go:352] "Adding apiserver pod source"
Mar 15 00:06:05 multi-node-worker kubelet[212]: I0315 00:06:05.124802     212 apiserver.go:42] "Waiting for node sync before watching apiserver pods"
Mar 15 00:06:05 multi-node-worker kubelet[212]: I0315 00:06:05.133773     212 kuberuntime_manager.go:269] "Container runtime initialized" containerRuntime="containerd" version="v2.0.2" apiVersion="v1"
Mar 15 00:06:05 multi-node-worker kubelet[212]: I0315 00:06:05.135007     212 kubelet.go:890] "Not starting ClusterTrustBundle informer because we are in static kubelet mode"
Mar 15 00:06:05 multi-node-worker kubelet[212]: W0315 00:06:05.138280     212 probe.go:272] Flexvolume plugin directory at /usr/libexec/kubernetes/kubelet-plugins/volume/exec/ does not exist. Recreating.
Mar 15 00:06:05 multi-node-worker kubelet[212]: I0315 00:06:05.152553     212 watchdog_linux.go:99] "Systemd watchdog is not enabled"
Mar 15 00:06:05 multi-node-worker kubelet[212]: I0315 00:06:05.156014     212 server.go:169] "Starting to listen" address="0.0.0.0" port=10250
Mar 15 00:06:05 multi-node-worker kubelet[212]: I0315 00:06:05.153241     212 server.go:1287] "Started kubelet"
Mar 15 00:06:05 multi-node-worker kubelet[212]: I0315 00:06:05.180800     212 ratelimit.go:55] "Setting rate limiting for endpoint" service="podresources" qps=100 burstTokens=10
Mar 15 00:06:05 multi-node-worker kubelet[212]: I0315 00:06:05.195384     212 dynamic_serving_content.go:135] "Starting controller" name="kubelet-server-cert-files::/var/lib/kubelet/pki/kubelet.crt::/var/lib/kubelet/pki/kubelet.key"
Mar 15 00:06:05 multi-node-worker kubelet[212]: I0315 00:06:05.197717     212 server.go:243] "Starting to serve the podresources API" endpoint="unix:/var/lib/kubelet/pod-resources/kubelet.sock"
Mar 15 00:06:05 multi-node-worker kubelet[212]: I0315 00:06:05.200862     212 fs_resource_analyzer.go:67] "Starting FS ResourceAnalyzer"
Mar 15 00:06:05 multi-node-worker kubelet[212]: I0315 00:06:05.204883     212 volume_manager.go:297] "Starting Kubelet Volume Manager"
Mar 15 00:06:05 multi-node-worker kubelet[212]: I0315 00:06:05.205369     212 desired_state_of_world_populator.go:149] "Desired state populator starts to run"
Mar 15 00:06:05 multi-node-worker kubelet[212]: I0315 00:06:05.205640     212 reconciler.go:26] "Reconciler: start to sync state"
Mar 15 00:06:05 multi-node-worker kubelet[212]: E0315 00:06:05.217332     212 kubelet_node_status.go:467] "Error getting the current node from lister" err="node \"multi-node-worker\" not found"
Mar 15 00:06:05 multi-node-worker kubelet[212]: I0315 00:06:05.230437     212 factory.go:221] Registration of the systemd container factory successfully
Mar 15 00:06:05 multi-node-worker kubelet[212]: I0315 00:06:05.230695     212 factory.go:219] Registration of the crio container factory failed: Get "http://%2Fvar%2Frun%2Fcrio%2Fcrio.sock/info": dial unix /var/run/crio/crio.sock: connect: no such file or directory
Mar 15 00:06:05 multi-node-worker kubelet[212]: I0315 00:06:05.239699     212 server.go:479] "Adding debug handlers to kubelet server"
Mar 15 00:06:05 multi-node-worker kubelet[212]: I0315 00:06:05.263659     212 factory.go:221] Registration of the containerd container factory successfully
Mar 15 00:06:05 multi-node-worker kubelet[212]: E0315 00:06:05.317546     212 kubelet_node_status.go:467] "Error getting the current node from lister" err="node \"multi-node-worker\" not found"
Mar 15 00:06:05 multi-node-worker kubelet[212]: I0315 00:06:05.333979     212 cpu_manager.go:221] "Starting CPU manager" policy="none"
Mar 15 00:06:05 multi-node-worker kubelet[212]: I0315 00:06:05.334052     212 cpu_manager.go:222] "Reconciling" reconcilePeriod="10s"
Mar 15 00:06:05 multi-node-worker kubelet[212]: I0315 00:06:05.334231     212 state_mem.go:36] "Initialized new in-memory state store"
Mar 15 00:06:05 multi-node-worker kubelet[212]: I0315 00:06:05.352500     212 policy_none.go:49] "None policy: Start"
Mar 15 00:06:05 multi-node-worker kubelet[212]: I0315 00:06:05.352970     212 memory_manager.go:186] "Starting memorymanager" policy="None"
Mar 15 00:06:05 multi-node-worker kubelet[212]: I0315 00:06:05.353290     212 state_mem.go:35] "Initializing new in-memory state store"
Mar 15 00:06:05 multi-node-worker kubelet[212]: I0315 00:06:05.397588     212 kubelet_network_linux.go:50] "Initialized iptables rules." protocol="IPv4"
Mar 15 00:06:05 multi-node-worker kubelet[212]: I0315 00:06:05.405466     212 kubelet_network_linux.go:50] "Initialized iptables rules." protocol="IPv6"
Mar 15 00:06:05 multi-node-worker kubelet[212]: I0315 00:06:05.406344     212 status_manager.go:227] "Starting to sync pod status with apiserver"
Mar 15 00:06:05 multi-node-worker kubelet[212]: I0315 00:06:05.407166     212 watchdog_linux.go:127] "Systemd watchdog is not enabled or the interval is invalid, so health checking will not be started."
Mar 15 00:06:05 multi-node-worker kubelet[212]: I0315 00:06:05.407406     212 kubelet.go:2388] "Starting kubelet main sync loop"
Mar 15 00:06:05 multi-node-worker kubelet[212]: E0315 00:06:05.407637     212 kubelet.go:2412] "Skipping pod synchronization" err="[container runtime status check may not have completed yet, PLEG is not healthy: pleg has yet to be successful]"
Mar 15 00:06:05 multi-node-worker kubelet[212]: E0315 00:06:05.419692     212 kubelet_node_status.go:467] "Error getting the current node from lister" err="node \"multi-node-worker\" not found"
Mar 15 00:06:05 multi-node-worker systemd[1]: Created slice kubelet-kubepods.slice - libcontainer container kubelet-kubepods.slice.
Mar 15 00:06:05 multi-node-worker kubelet[212]: W0315 00:06:05.490546     212 reflector.go:569] k8s.io/client-go/informers/factory.go:160: failed to list *v1.CSIDriver: csidrivers.storage.k8s.io is forbidden: User "system:anonymous" cannot list resource "csidrivers" in API group "storage.k8s.io" at the cluster scope
Mar 15 00:06:05 multi-node-worker kubelet[212]: E0315 00:06:05.493675     212 reflector.go:166] "Unhandled Error" err="k8s.io/client-go/informers/factory.go:160: Failed to watch *v1.CSIDriver: failed to list *v1.CSIDriver: csidrivers.storage.k8s.io is forbidden: User \"system:anonymous\" cannot list resource \"csidrivers\" in API group \"storage.k8s.io\" at the cluster scope" logger="UnhandledError"
Mar 15 00:06:05 multi-node-worker kubelet[212]: W0315 00:06:05.491357     212 reflector.go:569] k8s.io/client-go/informers/factory.go:160: failed to list *v1.Node: nodes "multi-node-worker" is forbidden: User "system:anonymous" cannot list resource "nodes" in API group "" at the cluster scope
Mar 15 00:06:05 multi-node-worker kubelet[212]: W0315 00:06:05.502142     212 reflector.go:569] k8s.io/client-go/informers/factory.go:160: failed to list *v1.Service: services is forbidden: User "system:anonymous" cannot list resource "services" in API group "" at the cluster scope
Mar 15 00:06:05 multi-node-worker kubelet[212]: E0315 00:06:05.502053     212 controller.go:145] "Failed to ensure lease exists, will retry" err="leases.coordination.k8s.io \"multi-node-worker\" is forbidden: User \"system:anonymous\" cannot get resource \"leases\" in API group \"coordination.k8s.io\" in the namespace \"kube-node-lease\"" interval="200ms"
Mar 15 00:06:05 multi-node-worker kubelet[212]: E0315 00:06:05.491989     212 event.go:359] "Server rejected event (will not retry!)" err="events is forbidden: User \"system:anonymous\" cannot create resource \"events\" in API group \"\" in the namespace \"default\"" event="&Event{ObjectMeta:{multi-node-worker.189cdb04624b9c3a  default    0 0001-01-01 00:00:00 +0000 UTC <nil> <nil> map[] map[] [] [] []},InvolvedObject:ObjectReference{Kind:Node,Namespace:,Name:multi-node-worker,UID:multi-node-worker,APIVersion:,ResourceVersion:,FieldPath:,},Reason:Starting,Message:Starting kubelet.,Source:EventSource{Component:kubelet,Host:multi-node-worker,},FirstTimestamp:2026-03-15 00:06:05.15260729 +0000 UTC m=+3.351624526,LastTimestamp:2026-03-15 00:06:05.15260729 +0000 UTC m=+3.351624526,Count:1,Type:Normal,EventTime:0001-01-01 00:00:00 +0000 UTC,Series:nil,Action:,Related:nil,ReportingController:kubelet,ReportingInstance:multi-node-worker,}"
Mar 15 00:06:05 multi-node-worker kubelet[212]: E0315 00:06:05.504616     212 reflector.go:166] "Unhandled Error" err="k8s.io/client-go/informers/factory.go:160: Failed to watch *v1.Node: failed to list *v1.Node: nodes \"multi-node-worker\" is forbidden: User \"system:anonymous\" cannot list resource \"nodes\" in API group \"\" at the cluster scope" logger="UnhandledError"
Mar 15 00:06:05 multi-node-worker kubelet[212]: E0315 00:06:05.504527     212 reflector.go:166] "Unhandled Error" err="k8s.io/client-go/informers/factory.go:160: Failed to watch *v1.Service: failed to list *v1.Service: services is forbidden: User \"system:anonymous\" cannot list resource \"services\" in API group \"\" at the cluster scope" logger="UnhandledError"
Mar 15 00:06:05 multi-node-worker kubelet[212]: E0315 00:06:05.512372     212 kubelet.go:2412] "Skipping pod synchronization" err="container runtime status check may not have completed yet"
Mar 15 00:06:05 multi-node-worker kubelet[212]: E0315 00:06:05.520423     212 kubelet_node_status.go:467] "Error getting the current node from lister" err="node \"multi-node-worker\" not found"
Mar 15 00:06:05 multi-node-worker kubelet[212]: W0315 00:06:05.522481     212 reflector.go:569] k8s.io/client-go/informers/factory.go:160: failed to list *v1.RuntimeClass: runtimeclasses.node.k8s.io is forbidden: User "system:anonymous" cannot list resource "runtimeclasses" in API group "node.k8s.io" at the cluster scope
Mar 15 00:06:05 multi-node-worker kubelet[212]: E0315 00:06:05.523756     212 reflector.go:166] "Unhandled Error" err="k8s.io/client-go/informers/factory.go:160: Failed to watch *v1.RuntimeClass: failed to list *v1.RuntimeClass: runtimeclasses.node.k8s.io is forbidden: User \"system:anonymous\" cannot list resource \"runtimeclasses\" in API group \"node.k8s.io\" at the cluster scope" logger="UnhandledError"
Mar 15 00:06:05 multi-node-worker systemd[1]: Created slice kubelet-kubepods-burstable.slice - libcontainer container kubelet-kubepods-burstable.slice.
Mar 15 00:06:05 multi-node-worker systemd[1]: Created slice kubelet-kubepods-besteffort.slice - libcontainer container kubelet-kubepods-besteffort.slice.
Mar 15 00:06:05 multi-node-worker kubelet[212]: I0315 00:06:05.580982     212 manager.go:519] "Failed to read data from checkpoint" checkpoint="kubelet_internal_checkpoint" err="checkpoint is not found"
Mar 15 00:06:05 multi-node-worker kubelet[212]: I0315 00:06:05.581576     212 eviction_manager.go:189] "Eviction manager: starting control loop"
Mar 15 00:06:05 multi-node-worker kubelet[212]: I0315 00:06:05.581623     212 container_log_manager.go:189] "Initializing container log rotate workers" workers=1 monitorPeriod="10s"
Mar 15 00:06:05 multi-node-worker kubelet[212]: I0315 00:06:05.588399     212 plugin_manager.go:118] "Starting Kubelet Plugin Manager"
Mar 15 00:06:05 multi-node-worker kubelet[212]: E0315 00:06:05.601377     212 eviction_manager.go:267] "eviction manager: failed to check if we have separate container filesystem. Ignoring." err="no imagefs label for configured runtime"
Mar 15 00:06:05 multi-node-worker kubelet[212]: E0315 00:06:05.602017     212 eviction_manager.go:292] "Eviction manager: failed to get summary stats" err="failed to get node info: node \"multi-node-worker\" not found"
Mar 15 00:06:05 multi-node-worker kubelet[212]: I0315 00:06:05.686398     212 kubelet_node_status.go:76] "Attempting to register node" node="multi-node-worker"
Mar 15 00:06:05 multi-node-worker kubelet[212]: E0315 00:06:05.848633     212 controller.go:145] "Failed to ensure lease exists, will retry" err="leases.coordination.k8s.io \"multi-node-worker\" is forbidden: User \"system:anonymous\" cannot get resource \"leases\" in API group \"coordination.k8s.io\" in the namespace \"kube-node-lease\"" interval="400ms"
Mar 15 00:06:05 multi-node-worker kubelet[212]: E0315 00:06:05.852839     212 event.go:359] "Server rejected event (will not retry!)" err="events is forbidden: User \"system:anonymous\" cannot create resource \"events\" in API group \"\" in the namespace \"default\"" event="&Event{ObjectMeta:{multi-node-worker.189cdb046c7ae5e2  default    0 0001-01-01 00:00:00 +0000 UTC <nil> <nil> map[] map[] [] [] []},InvolvedObject:ObjectReference{Kind:Node,Namespace:,Name:multi-node-worker,UID:multi-node-worker,APIVersion:,ResourceVersion:,FieldPath:,},Reason:NodeHasSufficientMemory,Message:Node multi-node-worker status is now: NodeHasSufficientMemory,Source:EventSource{Component:kubelet,Host:multi-node-worker,},FirstTimestamp:2026-03-15 00:06:05.323478498 +0000 UTC m=+3.522495720,LastTimestamp:2026-03-15 00:06:05.323478498 +0000 UTC m=+3.522495720,Count:1,Type:Normal,EventTime:0001-01-01 00:00:00 +0000 UTC,Series:nil,Action:,Related:nil,ReportingController:kubelet,ReportingInstance:multi-node-worker,}"
Mar 15 00:06:06 multi-node-worker kubelet[212]: E0315 00:06:06.058344     212 kubelet_node_status.go:114] "Unable to register node with API server, error getting existing node" err="nodes \"multi-node-worker\" is forbidden: User \"system:anonymous\" cannot get resource \"nodes\" in API group \"\" at the cluster scope" node="multi-node-worker"
Mar 15 00:06:06 multi-node-worker kubelet[212]: E0315 00:06:06.059327     212 event.go:359] "Server rejected event (will not retry!)" err="events is forbidden: User \"system:anonymous\" cannot create resource \"events\" in API group \"\" in the namespace \"default\"" event="&Event{ObjectMeta:{multi-node-worker.189cdb046c7b09b7  default    0 0001-01-01 00:00:00 +0000 UTC <nil> <nil> map[] map[] [] [] []},InvolvedObject:ObjectReference{Kind:Node,Namespace:,Name:multi-node-worker,UID:multi-node-worker,APIVersion:,ResourceVersion:,FieldPath:,},Reason:NodeHasNoDiskPressure,Message:Node multi-node-worker status is now: NodeHasNoDiskPressure,Source:EventSource{Component:kubelet,Host:multi-node-worker,},FirstTimestamp:2026-03-15 00:06:05.323487671 +0000 UTC m=+3.522504893,LastTimestamp:2026-03-15 00:06:05.323487671 +0000 UTC m=+3.522504893,Count:1,Type:Normal,EventTime:0001-01-01 00:00:00 +0000 UTC,Series:nil,Action:,Related:nil,ReportingController:kubelet,ReportingInstance:multi-node-worker,}"
Mar 15 00:06:06 multi-node-worker kubelet[212]: E0315 00:06:06.138146     212 event.go:359] "Server rejected event (will not retry!)" err="events is forbidden: User \"system:anonymous\" cannot create resource \"events\" in API group \"\" in the namespace \"default\"" event="&Event{ObjectMeta:{multi-node-worker.189cdb046c7b1834  default    0 0001-01-01 00:00:00 +0000 UTC <nil> <nil> map[] map[] [] [] []},InvolvedObject:ObjectReference{Kind:Node,Namespace:,Name:multi-node-worker,UID:multi-node-worker,APIVersion:,ResourceVersion:,FieldPath:,},Reason:NodeHasSufficientPID,Message:Node multi-node-worker status is now: NodeHasSufficientPID,Source:EventSource{Component:kubelet,Host:multi-node-worker,},FirstTimestamp:2026-03-15 00:06:05.32349138 +0000 UTC m=+3.522508602,LastTimestamp:2026-03-15 00:06:05.32349138 +0000 UTC m=+3.522508602,Count:1,Type:Normal,EventTime:0001-01-01 00:00:00 +0000 UTC,Series:nil,Action:,Related:nil,ReportingController:kubelet,ReportingInstance:multi-node-worker,}"
Mar 15 00:06:06 multi-node-worker kubelet[212]: I0315 00:06:06.262295     212 kubelet_node_status.go:76] "Attempting to register node" node="multi-node-worker"
Mar 15 00:06:06 multi-node-worker kubelet[212]: I0315 00:06:06.426557     212 kubelet_node_status.go:79] "Successfully registered node" node="multi-node-worker"
Mar 15 00:06:06 multi-node-worker kubelet[212]: E0315 00:06:06.426611     212 kubelet_node_status.go:549] "Error updating node status, will retry" err="error getting node \"multi-node-worker\": node \"multi-node-worker\" not found"
Mar 15 00:06:06 multi-node-worker kubelet[212]: I0315 00:06:06.556735     212 kuberuntime_manager.go:1702] "Updating runtime config through cri with podcidr" CIDR="10.244.2.0/24"
Mar 15 00:06:06 multi-node-worker containerd[105]: time="2026-03-15T00:06:06.561718754Z" level=info msg="No cni config template is specified, wait for other system components to drop the config."
Mar 15 00:06:06 multi-node-worker kubelet[212]: I0315 00:06:06.566142     212 kubelet_network.go:61] "Updating Pod CIDR" originalPodCIDR="" newPodCIDR="10.244.2.0/24"
Mar 15 00:06:06 multi-node-worker kubelet[212]: I0315 00:06:06.818261     212 transport.go:147] "Certificate rotation detected, shutting down client connections to start using new credentials"
Mar 15 00:06:06 multi-node-worker kubelet[212]: E0315 00:06:06.819812     212 request.go:1332] Unexpected error when reading response body: read tcp 172.18.0.4:39430->172.18.0.2:6443: use of closed network connection
Mar 15 00:06:06 multi-node-worker kubelet[212]: E0315 00:06:06.820000     212 event.go:368] "Unable to write event (may retry after sleeping)" err="unexpected error when reading response body. Please retry. Original error: read tcp 172.18.0.4:39430->172.18.0.2:6443: use of closed network connection" event="&Event{ObjectMeta:{multi-node-worker.189cdb046c7b09b7  default    0 0001-01-01 00:00:00 +0000 UTC <nil> <nil> map[] map[] [] [] []},InvolvedObject:ObjectReference{Kind:Node,Namespace:,Name:multi-node-worker,UID:multi-node-worker,APIVersion:,ResourceVersion:,FieldPath:,},Reason:NodeHasNoDiskPressure,Message:Node multi-node-worker status is now: NodeHasNoDiskPressure,Source:EventSource{Component:kubelet,Host:multi-node-worker,},FirstTimestamp:2026-03-15 00:06:05.323487671 +0000 UTC m=+3.522504893,LastTimestamp:2026-03-15 00:06:05.68627209 +0000 UTC m=+3.885289314,Count:2,Type:Normal,EventTime:0001-01-01 00:00:00 +0000 UTC,Series:nil,Action:,Related:nil,ReportingController:kubelet,ReportingInstance:multi-node-worker,}"
Mar 15 00:06:06 multi-node-worker kubelet[212]: E0315 00:06:06.820375     212 controller.go:145] "Failed to ensure lease exists, will retry" err="Post \"https://multi-node-control-plane:6443/apis/coordination.k8s.io/v1/namespaces/kube-node-lease/leases?timeout=10s\": read tcp 172.18.0.4:39430->172.18.0.2:6443: use of closed network connection" interval="800ms"
Mar 15 00:06:06 multi-node-worker kubelet[212]: W0315 00:06:06.820889     212 reflector.go:492] k8s.io/client-go/informers/factory.go:160: watch of *v1.RuntimeClass ended with: very short watch: k8s.io/client-go/informers/factory.go:160: Unexpected watch close - watch lasted less than a second and no items received
Mar 15 00:06:06 multi-node-worker kubelet[212]: E0315 00:06:06.821132     212 kubelet_node_status.go:549] "Error updating node status, will retry" err="failed to patch status \"{}\" for node \"multi-node-worker\": Patch \"https://multi-node-control-plane:6443/api/v1/nodes/multi-node-worker/status?timeout=10s\": read tcp 172.18.0.4:39430->172.18.0.2:6443: use of closed network connection"
Mar 15 00:06:07 multi-node-worker kubelet[212]: E0315 00:06:07.198238     212 kubelet_node_status.go:467] "Error getting the current node from lister" err="node \"multi-node-worker\" not found"
Mar 15 00:06:07 multi-node-worker kubelet[212]: E0315 00:06:07.305831     212 kubelet_node_status.go:467] "Error getting the current node from lister" err="node \"multi-node-worker\" not found"
Mar 15 00:06:07 multi-node-worker kubelet[212]: E0315 00:06:07.418160     212 kubelet_node_status.go:467] "Error getting the current node from lister" err="node \"multi-node-worker\" not found"
Mar 15 00:06:07 multi-node-worker kubelet[212]: E0315 00:06:07.518739     212 kubelet_node_status.go:467] "Error getting the current node from lister" err="node \"multi-node-worker\" not found"
Mar 15 00:06:07 multi-node-worker kubelet[212]: E0315 00:06:07.621199     212 kubelet_node_status.go:467] "Error getting the current node from lister" err="node \"multi-node-worker\" not found"
Mar 15 00:06:07 multi-node-worker kubelet[212]: E0315 00:06:07.728549     212 kubelet_node_status.go:467] "Error getting the current node from lister" err="node \"multi-node-worker\" not found"
Mar 15 00:06:07 multi-node-worker kubelet[212]: E0315 00:06:07.835567     212 kubelet_node_status.go:467] "Error getting the current node from lister" err="node \"multi-node-worker\" not found"
Mar 15 00:06:08 multi-node-worker kubelet[212]: I0315 00:06:08.127062     212 apiserver.go:52] "Watching apiserver"
Mar 15 00:06:08 multi-node-worker kubelet[212]: I0315 00:06:08.979043     212 reconciler_common.go:251] "operationExecutor.VerifyControllerAttachedVolume started for volume \"kube-api-access-xdqcg\" (UniqueName: \"kubernetes.io/projected/98b00fd9-be0e-4df4-ae1c-47662f29e47c-kube-api-access-xdqcg\") pod \"kindnet-mbw4z\" (UID: \"98b00fd9-be0e-4df4-ae1c-47662f29e47c\") " pod="kube-system/kindnet-mbw4z"
Mar 15 00:06:08 multi-node-worker kubelet[212]: I0315 00:06:08.979176     212 reconciler_common.go:251] "operationExecutor.VerifyControllerAttachedVolume started for volume \"kube-proxy\" (UniqueName: \"kubernetes.io/configmap/25439750-55a2-443e-86bd-92f5fd736682-kube-proxy\") pod \"kube-proxy-vxwt2\" (UID: \"25439750-55a2-443e-86bd-92f5fd736682\") " pod="kube-system/kube-proxy-vxwt2"
Mar 15 00:06:08 multi-node-worker kubelet[212]: I0315 00:06:08.979245     212 reconciler_common.go:251] "operationExecutor.VerifyControllerAttachedVolume started for volume \"xtables-lock\" (UniqueName: \"kubernetes.io/host-path/25439750-55a2-443e-86bd-92f5fd736682-xtables-lock\") pod \"kube-proxy-vxwt2\" (UID: \"25439750-55a2-443e-86bd-92f5fd736682\") " pod="kube-system/kube-proxy-vxwt2"
Mar 15 00:06:08 multi-node-worker kubelet[212]: I0315 00:06:08.979279     212 reconciler_common.go:251] "operationExecutor.VerifyControllerAttachedVolume started for volume \"lib-modules\" (UniqueName: \"kubernetes.io/host-path/25439750-55a2-443e-86bd-92f5fd736682-lib-modules\") pod \"kube-proxy-vxwt2\" (UID: \"25439750-55a2-443e-86bd-92f5fd736682\") " pod="kube-system/kube-proxy-vxwt2"
Mar 15 00:06:08 multi-node-worker kubelet[212]: I0315 00:06:08.979304     212 reconciler_common.go:251] "operationExecutor.VerifyControllerAttachedVolume started for volume \"kube-api-access-kp6w7\" (UniqueName: \"kubernetes.io/projected/25439750-55a2-443e-86bd-92f5fd736682-kube-api-access-kp6w7\") pod \"kube-proxy-vxwt2\" (UID: \"25439750-55a2-443e-86bd-92f5fd736682\") " pod="kube-system/kube-proxy-vxwt2"
Mar 15 00:06:08 multi-node-worker kubelet[212]: I0315 00:06:08.979359     212 reconciler_common.go:251] "operationExecutor.VerifyControllerAttachedVolume started for volume \"cni-cfg\" (UniqueName: \"kubernetes.io/host-path/98b00fd9-be0e-4df4-ae1c-47662f29e47c-cni-cfg\") pod \"kindnet-mbw4z\" (UID: \"98b00fd9-be0e-4df4-ae1c-47662f29e47c\") " pod="kube-system/kindnet-mbw4z"
Mar 15 00:06:08 multi-node-worker kubelet[212]: I0315 00:06:08.979382     212 reconciler_common.go:251] "operationExecutor.VerifyControllerAttachedVolume started for volume \"xtables-lock\" (UniqueName: \"kubernetes.io/host-path/98b00fd9-be0e-4df4-ae1c-47662f29e47c-xtables-lock\") pod \"kindnet-mbw4z\" (UID: \"98b00fd9-be0e-4df4-ae1c-47662f29e47c\") " pod="kube-system/kindnet-mbw4z"
Mar 15 00:06:08 multi-node-worker kubelet[212]: I0315 00:06:08.979400     212 reconciler_common.go:251] "operationExecutor.VerifyControllerAttachedVolume started for volume \"lib-modules\" (UniqueName: \"kubernetes.io/host-path/98b00fd9-be0e-4df4-ae1c-47662f29e47c-lib-modules\") pod \"kindnet-mbw4z\" (UID: \"98b00fd9-be0e-4df4-ae1c-47662f29e47c\") " pod="kube-system/kindnet-mbw4z"
Mar 15 00:06:08 multi-node-worker systemd[1]: Created slice kubelet-kubepods-pod98b00fd9_be0e_4df4_ae1c_47662f29e47c.slice - libcontainer container kubelet-kubepods-pod98b00fd9_be0e_4df4_ae1c_47662f29e47c.slice.
Mar 15 00:06:09 multi-node-worker kubelet[212]: I0315 00:06:09.007013     212 desired_state_of_world_populator.go:157] "Finished populating initial desired state of world"
Mar 15 00:06:09 multi-node-worker systemd[1]: Created slice kubelet-kubepods-besteffort-pod25439750_55a2_443e_86bd_92f5fd736682.slice - libcontainer container kubelet-kubepods-besteffort-pod25439750_55a2_443e_86bd_92f5fd736682.slice.
Mar 15 00:06:10 multi-node-worker containerd[105]: time="2026-03-15T00:06:10.003343128Z" level=info msg="RunPodSandbox for &PodSandboxMetadata{Name:kube-proxy-vxwt2,Uid:25439750-55a2-443e-86bd-92f5fd736682,Namespace:kube-system,Attempt:0,}"
Mar 15 00:06:10 multi-node-worker containerd[105]: time="2026-03-15T00:06:10.093543390Z" level=info msg="RunPodSandbox for &PodSandboxMetadata{Name:kindnet-mbw4z,Uid:98b00fd9-be0e-4df4-ae1c-47662f29e47c,Namespace:kube-system,Attempt:0,}"
Mar 15 00:06:11 multi-node-worker systemd[1]: var-lib-containerd-tmpmounts-containerd\x2dmount1519405038.mount: Deactivated successfully.
Mar 15 00:06:12 multi-node-worker systemd[1]: var-lib-containerd-tmpmounts-containerd\x2dmount243529612.mount: Deactivated successfully.
Mar 15 00:06:14 multi-node-worker containerd[105]: time="2026-03-15T00:06:14.821301733Z" level=info msg="connecting to shim 6649aaceb09cb9266871963a2fae37482a71b71c60e04048afc362044b9590e2" address="unix:///run/containerd/s/900a6fa562cd7e44f95bdcafc064a2bc65e378341e354cc9786d6345954f7cc7" namespace=k8s.io protocol=ttrpc version=3
Mar 15 00:06:14 multi-node-worker containerd[105]: time="2026-03-15T00:06:14.844739247Z" level=info msg="connecting to shim b408062daf217ddc309216cc99be476937149bae164808a3fb1e0c84660945ac" address="unix:///run/containerd/s/959bbc29eb5eec62e20a3672e0270e0cd5d7bd9e31ba096e6392a1901ff99f98" namespace=k8s.io protocol=ttrpc version=3
Mar 15 00:06:16 multi-node-worker systemd[1]: Started cri-containerd-b408062daf217ddc309216cc99be476937149bae164808a3fb1e0c84660945ac.scope - libcontainer container b408062daf217ddc309216cc99be476937149bae164808a3fb1e0c84660945ac.
Mar 15 00:06:16 multi-node-worker systemd[1]: Started cri-containerd-6649aaceb09cb9266871963a2fae37482a71b71c60e04048afc362044b9590e2.scope - libcontainer container 6649aaceb09cb9266871963a2fae37482a71b71c60e04048afc362044b9590e2.
Mar 15 00:06:17 multi-node-worker containerd[105]: time="2026-03-15T00:06:17.503133632Z" level=info msg="RunPodSandbox for &PodSandboxMetadata{Name:kube-proxy-vxwt2,Uid:25439750-55a2-443e-86bd-92f5fd736682,Namespace:kube-system,Attempt:0,} returns sandbox id \"b408062daf217ddc309216cc99be476937149bae164808a3fb1e0c84660945ac\""
Mar 15 00:06:17 multi-node-worker containerd[105]: time="2026-03-15T00:06:17.666728280Z" level=info msg="CreateContainer within sandbox \"b408062daf217ddc309216cc99be476937149bae164808a3fb1e0c84660945ac\" for container &ContainerMetadata{Name:kube-proxy,Attempt:0,}"
Mar 15 00:06:18 multi-node-worker containerd[105]: time="2026-03-15T00:06:18.346425638Z" level=info msg="RunPodSandbox for &PodSandboxMetadata{Name:kindnet-mbw4z,Uid:98b00fd9-be0e-4df4-ae1c-47662f29e47c,Namespace:kube-system,Attempt:0,} returns sandbox id \"6649aaceb09cb9266871963a2fae37482a71b71c60e04048afc362044b9590e2\""
Mar 15 00:06:18 multi-node-worker containerd[105]: time="2026-03-15T00:06:18.361797140Z" level=info msg="CreateContainer within sandbox \"6649aaceb09cb9266871963a2fae37482a71b71c60e04048afc362044b9590e2\" for container &ContainerMetadata{Name:kindnet-cni,Attempt:0,}"
Mar 15 00:06:22 multi-node-worker systemd[1]: var-lib-containerd-tmpmounts-containerd\x2dmount4018323114.mount: Deactivated successfully.
Mar 15 00:06:24 multi-node-worker systemd[1]: var-lib-containerd-tmpmounts-containerd\x2dmount1577761331.mount: Deactivated successfully.
Mar 15 00:06:29 multi-node-worker systemd[1]: var-lib-containerd-tmpmounts-containerd\x2dmount1752619198.mount: Deactivated successfully.
Mar 15 00:06:29 multi-node-worker containerd[105]: time="2026-03-15T00:06:29.800104433Z" level=info msg="Container 7f3bc1f2b1d7246cade34b1af65db25a20fac55d40d50084c6ee18c977f9d0c1: CDI devices from CRI Config.CDIDevices: []"
Mar 15 00:06:29 multi-node-worker systemd[1]: var-lib-containerd-tmpmounts-containerd\x2dmount2282261892.mount: Deactivated successfully.
Mar 15 00:06:30 multi-node-worker containerd[105]: time="2026-03-15T00:06:30.016631479Z" level=info msg="CreateContainer within sandbox \"b408062daf217ddc309216cc99be476937149bae164808a3fb1e0c84660945ac\" for &ContainerMetadata{Name:kube-proxy,Attempt:0,} returns container id \"7f3bc1f2b1d7246cade34b1af65db25a20fac55d40d50084c6ee18c977f9d0c1\""
Mar 15 00:06:30 multi-node-worker containerd[105]: time="2026-03-15T00:06:30.021296099Z" level=info msg="StartContainer for \"7f3bc1f2b1d7246cade34b1af65db25a20fac55d40d50084c6ee18c977f9d0c1\""
Mar 15 00:06:30 multi-node-worker containerd[105]: time="2026-03-15T00:06:30.046562855Z" level=info msg="connecting to shim 7f3bc1f2b1d7246cade34b1af65db25a20fac55d40d50084c6ee18c977f9d0c1" address="unix:///run/containerd/s/959bbc29eb5eec62e20a3672e0270e0cd5d7bd9e31ba096e6392a1901ff99f98" protocol=ttrpc version=3
Mar 15 00:06:30 multi-node-worker systemd[1]: Started cri-containerd-7f3bc1f2b1d7246cade34b1af65db25a20fac55d40d50084c6ee18c977f9d0c1.scope - libcontainer container 7f3bc1f2b1d7246cade34b1af65db25a20fac55d40d50084c6ee18c977f9d0c1.
Mar 15 00:06:31 multi-node-worker containerd[105]: time="2026-03-15T00:06:31.395790427Z" level=info msg="StartContainer for \"7f3bc1f2b1d7246cade34b1af65db25a20fac55d40d50084c6ee18c977f9d0c1\" returns successfully"
Mar 15 00:06:31 multi-node-worker kubelet[212]: I0315 00:06:31.872536     212 pod_startup_latency_tracker.go:104] "Observed pod startup duration" pod="kube-system/kube-proxy-vxwt2" podStartSLOduration=24.87247131 podStartE2EDuration="24.87247131s" podCreationTimestamp="2026-03-15 00:06:07 +0000 UTC" firstStartedPulling="0001-01-01 00:00:00 +0000 UTC" lastFinishedPulling="0001-01-01 00:00:00 +0000 UTC" observedRunningTime="2026-03-15 00:06:31.871343511 +0000 UTC m=+30.076457912" watchObservedRunningTime="2026-03-15 00:06:31.87247131 +0000 UTC m=+30.077585582"
Mar 15 00:06:32 multi-node-worker containerd[105]: time="2026-03-15T00:06:32.482611689Z" level=info msg="Container 839202e4cdeeaba5ffc7b97def0254a2c25145d6bb93d0156d15f5b0d7ab62d2: CDI devices from CRI Config.CDIDevices: []"
Mar 15 00:06:32 multi-node-worker systemd[1]: var-lib-containerd-tmpmounts-containerd\x2dmount2631034253.mount: Deactivated successfully.
Mar 15 00:06:32 multi-node-worker containerd[105]: time="2026-03-15T00:06:32.572435316Z" level=info msg="CreateContainer within sandbox \"6649aaceb09cb9266871963a2fae37482a71b71c60e04048afc362044b9590e2\" for &ContainerMetadata{Name:kindnet-cni,Attempt:0,} returns container id \"839202e4cdeeaba5ffc7b97def0254a2c25145d6bb93d0156d15f5b0d7ab62d2\""
Mar 15 00:06:32 multi-node-worker containerd[105]: time="2026-03-15T00:06:32.579718917Z" level=info msg="StartContainer for \"839202e4cdeeaba5ffc7b97def0254a2c25145d6bb93d0156d15f5b0d7ab62d2\""
Mar 15 00:06:32 multi-node-worker containerd[105]: time="2026-03-15T00:06:32.583006075Z" level=info msg="connecting to shim 839202e4cdeeaba5ffc7b97def0254a2c25145d6bb93d0156d15f5b0d7ab62d2" address="unix:///run/containerd/s/900a6fa562cd7e44f95bdcafc064a2bc65e378341e354cc9786d6345954f7cc7" protocol=ttrpc version=3
Mar 15 00:06:32 multi-node-worker systemd[1]: Started cri-containerd-839202e4cdeeaba5ffc7b97def0254a2c25145d6bb93d0156d15f5b0d7ab62d2.scope - libcontainer container 839202e4cdeeaba5ffc7b97def0254a2c25145d6bb93d0156d15f5b0d7ab62d2.
Mar 15 00:06:33 multi-node-worker containerd[105]: time="2026-03-15T00:06:33.619475249Z" level=info msg="StartContainer for \"839202e4cdeeaba5ffc7b97def0254a2c25145d6bb93d0156d15f5b0d7ab62d2\" returns successfully"
Mar 15 00:06:33 multi-node-worker kubelet[212]: I0315 00:06:33.697458     212 pod_startup_latency_tracker.go:104] "Observed pod startup duration" pod="kube-system/kindnet-mbw4z" podStartSLOduration=26.697415396 podStartE2EDuration="26.697415396s" podCreationTimestamp="2026-03-15 00:06:07 +0000 UTC" firstStartedPulling="0001-01-01 00:00:00 +0000 UTC" lastFinishedPulling="0001-01-01 00:00:00 +0000 UTC" observedRunningTime="2026-03-15 00:06:33.697352883 +0000 UTC m=+31.902467148" watchObservedRunningTime="2026-03-15 00:06:33.697415396 +0000 UTC m=+31.902529662"
Mar 15 00:06:45 multi-node-worker containerd[105]: time="2026-03-15T00:06:45.358379636Z" level=error msg="failed to reload cni configuration after receiving fs change event(WRITE         \"/etc/cni/net.d/10-kindnet.conflist.temp\")" error="cni config load failed: no network config found in /etc/cni/net.d: cni plugin not initialized: failed to load cni config"
Mar 15 00:06:45 multi-node-worker kubelet[212]: I0315 00:06:45.440603     212 kubelet_node_status.go:502] "Fast updating node status as it just became ready"
Mar 15 00:07:01 multi-node-worker kubelet[212]: E0315 00:07:01.260599     212 kubelet.go:2579] "Housekeeping took longer than expected" err="housekeeping took too long" expected="1s" actual="1.767s"
Mar 15 00:07:19 multi-node-worker kubelet[212]: E0315 00:07:19.300537     212 kubelet.go:2579] "Housekeeping took longer than expected" err="housekeeping took too long" expected="1s" actual="1.898s"
Mar 15 00:07:38 multi-node-worker kubelet[212]: E0315 00:07:38.806825     212 kubelet.go:2579] "Housekeeping took longer than expected" err="housekeeping took too long" expected="1s" actual="3.576s"
Mar 15 00:08:09 multi-node-worker kubelet[212]: E0315 00:08:09.065298     212 kubelet.go:2579] "Housekeeping took longer than expected" err="housekeeping took too long" expected="1s" actual="3.68s"
Mar 15 00:08:17 multi-node-worker kubelet[212]: E0315 00:08:16.959582     212 kubelet.go:2579] "Housekeeping took longer than expected" err="housekeeping took too long" expected="1s" actual="1.749s"
Mar 15 00:08:18 multi-node-worker kubelet[212]: E0315 00:08:18.742440     212 kubelet.go:2579] "Housekeeping took longer than expected" err="housekeeping took too long" expected="1s" actual="1.573s"
Mar 15 00:08:23 multi-node-worker kubelet[212]: E0315 00:08:23.107892     212 controller.go:195] "Failed to update lease" err="Put \"https://multi-node-control-plane:6443/apis/coordination.k8s.io/v1/namespaces/kube-node-lease/leases/multi-node-worker?timeout=10s\": net/http: request canceled (Client.Timeout exceeded while awaiting headers)"
Mar 15 00:08:23 multi-node-worker kubelet[212]: E0315 00:08:23.738716     212 kubelet.go:2579] "Housekeeping took longer than expected" err="housekeeping took too long" expected="1s" actual="4.538s"
Mar 15 00:08:24 multi-node-worker kubelet[212]: E0315 00:08:24.891238     212 kubelet.go:2579] "Housekeeping took longer than expected" err="housekeeping took too long" expected="1s" actual="1.148s"
