Mar 15 00:04:30 multi-node-worker systemd[1]: kubelet.service - kubelet: The Kubernetes Node Agent was skipped because of an unmet condition check (ConditionPathExists=/var/lib/kubelet/config.yaml).
Mar 15 00:06:01 multi-node-worker systemd[1]: Starting kubelet.service - kubelet: The Kubernetes Node Agent...
Mar 15 00:06:01 multi-node-worker systemd[1]: Started kubelet.service - kubelet: The Kubernetes Node Agent.
Mar 15 00:06:03 multi-node-worker kubelet[212]: Flag --container-runtime-endpoint has been deprecated, This parameter should be set via the config file specified by the Kubelet's --config flag. See https://kubernetes.io/docs/tasks/administer-cluster/kubelet-config-file/ for more information.
Mar 15 00:06:03 multi-node-worker kubelet[212]: Flag --pod-infra-container-image has been deprecated, will be removed in 1.35. Image garbage collector will get sandbox image information from CRI.
Mar 15 00:06:03 multi-node-worker kubelet[212]: I0315 00:06:03.129668     212 server.go:215] "--pod-infra-container-image will not be pruned by the image garbage collector in kubelet and should also be set in the remote runtime"
Mar 15 00:06:04 multi-node-worker kubelet[212]: I0315 00:06:04.782888     212 server.go:520] "Kubelet version" kubeletVersion="v1.32.2"
Mar 15 00:06:04 multi-node-worker kubelet[212]: I0315 00:06:04.786231     212 server.go:522] "Golang settings" GOGC="" GOMAXPROCS="" GOTRACEBACK=""
Mar 15 00:06:04 multi-node-worker kubelet[212]: I0315 00:06:04.786822     212 server.go:954] "Client rotation is on, will bootstrap in background"
Mar 15 00:06:04 multi-node-worker kubelet[212]: I0315 00:06:04.878594     212 dynamic_cafile_content.go:161] "Starting controller" name="client-ca-bundle::/etc/kubernetes/pki/ca.crt"
Mar 15 00:06:05 multi-node-worker kubelet[212]: I0315 00:06:05.068966     212 server.go:1444] "Using cgroup driver setting received from the CRI runtime" cgroupDriver="systemd"
Mar 15 00:06:05 multi-node-worker kubelet[212]: I0315 00:06:05.103390     212 server.go:841] "NoSwap is set due to memorySwapBehavior not specified" memorySwapBehavior="" FailSwapOn=false
Mar 15 00:06:05 multi-node-worker kubelet[212]: I0315 00:06:05.106829     212 swap_util.go:115] "Swap is on" /proc/swaps contents=<
Mar 15 00:06:05 multi-node-worker kubelet[212]:         Filename                                Type                Size                Used                Priority
Mar 15 00:06:05 multi-node-worker kubelet[212]:         /dev/sdc                                partition        4194304                129540                -2
Mar 15 00:06:05 multi-node-worker kubelet[212]:  >
Mar 15 00:06:05 multi-node-worker kubelet[212]: I0315 00:06:05.110499     212 container_manager_linux.go:268] "Container manager verified user specified cgroup-root exists" cgroupRoot=["kubelet"]
Mar 15 00:06:05 multi-node-worker kubelet[212]: I0315 00:06:05.110628     212 container_manager_linux.go:273] "Creating Container Manager object based on Node Config" nodeConfig={"NodeName":"multi-node-worker","RuntimeCgroupsName":"/system.slice/containerd.service","SystemCgroupsName":"","KubeletCgroupsName":"","KubeletOOMScoreAdj":-999,"ContainerRuntime":"","CgroupsPerQOS":true,"CgroupRoot":"/kubelet","CgroupDriver":"systemd","KubeletRootDir":"/var/lib/kubelet","ProtectKernelDefaults":false,"KubeReservedCgroupName":"","SystemReservedCgroupName":"","ReservedSystemCPUs":{},"EnforceNodeAllocatable":{"pods":{}},"KubeReserved":null,"SystemReserved":null,"HardEvictionThresholds":[],"QOSReserved":{},"CPUManagerPolicy":"none","CPUManagerPolicyOptions":null,"TopologyManagerScope":"container","CPUManagerReconcilePeriod":10000000000,"ExperimentalMemoryManagerPolicy":"None","ExperimentalMemoryManagerReservedMemory":null,"PodPidsLimit":-1,"EnforceCPULimits":true,"CPUCFSQuotaPeriod":100000000,"TopologyManagerPolicy":"none","TopologyManagerPolicyOptions":null,"CgroupVersion":2}
Mar 15 00:06:05 multi-node-worker kubelet[212]: I0315 00:06:05.112520     212 topology_manager.go:138] "Creating topology manager with none policy"
Mar 15 00:06:05 multi-node-worker kubelet[212]: I0315 00:06:05.112560     212 container_manager_linux.go:304] "Creating device plugin manager"
Mar 15 00:06:05 multi-node-worker kubelet[212]: I0315 00:06:05.114073     212 state_mem.go:36] "Initialized new in-memory state store"
Mar 15 00:06:05 multi-node-worker kubelet[212]: I0315 00:06:05.120268     212 kubelet.go:446] "Attempting to sync node with API server"
Mar 15 00:06:05 multi-node-worker kubelet[212]: I0315 00:06:05.120380     212 kubelet.go:341] "Adding static pod path" path="/etc/kubernetes/manifests"
Mar 15 00:06:05 multi-node-worker kubelet[212]: I0315 00:06:05.123678     212 kubelet.go:352] "Adding apiserver pod source"
Mar 15 00:06:05 multi-node-worker kubelet[212]: I0315 00:06:05.124802     212 apiserver.go:42] "Waiting for node sync before watching apiserver pods"
Mar 15 00:06:05 multi-node-worker kubelet[212]: I0315 00:06:05.133773     212 kuberuntime_manager.go:269] "Container runtime initialized" containerRuntime="containerd" version="v2.0.2" apiVersion="v1"
Mar 15 00:06:05 multi-node-worker kubelet[212]: I0315 00:06:05.135007     212 kubelet.go:890] "Not starting ClusterTrustBundle informer because we are in static kubelet mode"
Mar 15 00:06:05 multi-node-worker kubelet[212]: W0315 00:06:05.138280     212 probe.go:272] Flexvolume plugin directory at /usr/libexec/kubernetes/kubelet-plugins/volume/exec/ does not exist. Recreating.
Mar 15 00:06:05 multi-node-worker kubelet[212]: I0315 00:06:05.152553     212 watchdog_linux.go:99] "Systemd watchdog is not enabled"
Mar 15 00:06:05 multi-node-worker kubelet[212]: I0315 00:06:05.156014     212 server.go:169] "Starting to listen" address="0.0.0.0" port=10250
Mar 15 00:06:05 multi-node-worker kubelet[212]: I0315 00:06:05.153241     212 server.go:1287] "Started kubelet"
Mar 15 00:06:05 multi-node-worker kubelet[212]: I0315 00:06:05.180800     212 ratelimit.go:55] "Setting rate limiting for endpoint" service="podresources" qps=100 burstTokens=10
Mar 15 00:06:05 multi-node-worker kubelet[212]: I0315 00:06:05.195384     212 dynamic_serving_content.go:135] "Starting controller" name="kubelet-server-cert-files::/var/lib/kubelet/pki/kubelet.crt::/var/lib/kubelet/pki/kubelet.key"
Mar 15 00:06:05 multi-node-worker kubelet[212]: I0315 00:06:05.197717     212 server.go:243] "Starting to serve the podresources API" endpoint="unix:/var/lib/kubelet/pod-resources/kubelet.sock"
Mar 15 00:06:05 multi-node-worker kubelet[212]: I0315 00:06:05.200862     212 fs_resource_analyzer.go:67] "Starting FS ResourceAnalyzer"
Mar 15 00:06:05 multi-node-worker kubelet[212]: I0315 00:06:05.204883     212 volume_manager.go:297] "Starting Kubelet Volume Manager"
Mar 15 00:06:05 multi-node-worker kubelet[212]: I0315 00:06:05.205369     212 desired_state_of_world_populator.go:149] "Desired state populator starts to run"
Mar 15 00:06:05 multi-node-worker kubelet[212]: I0315 00:06:05.205640     212 reconciler.go:26] "Reconciler: start to sync state"
Mar 15 00:06:05 multi-node-worker kubelet[212]: E0315 00:06:05.217332     212 kubelet_node_status.go:467] "Error getting the current node from lister" err="node \"multi-node-worker\" not found"
Mar 15 00:06:05 multi-node-worker kubelet[212]: I0315 00:06:05.230437     212 factory.go:221] Registration of the systemd container factory successfully
Mar 15 00:06:05 multi-node-worker kubelet[212]: I0315 00:06:05.230695     212 factory.go:219] Registration of the crio container factory failed: Get "http://%2Fvar%2Frun%2Fcrio%2Fcrio.sock/info": dial unix /var/run/crio/crio.sock: connect: no such file or directory
Mar 15 00:06:05 multi-node-worker kubelet[212]: I0315 00:06:05.239699     212 server.go:479] "Adding debug handlers to kubelet server"
Mar 15 00:06:05 multi-node-worker kubelet[212]: I0315 00:06:05.263659     212 factory.go:221] Registration of the containerd container factory successfully
Mar 15 00:06:05 multi-node-worker kubelet[212]: E0315 00:06:05.317546     212 kubelet_node_status.go:467] "Error getting the current node from lister" err="node \"multi-node-worker\" not found"
Mar 15 00:06:05 multi-node-worker kubelet[212]: I0315 00:06:05.333979     212 cpu_manager.go:221] "Starting CPU manager" policy="none"
Mar 15 00:06:05 multi-node-worker kubelet[212]: I0315 00:06:05.334052     212 cpu_manager.go:222] "Reconciling" reconcilePeriod="10s"
Mar 15 00:06:05 multi-node-worker kubelet[212]: I0315 00:06:05.334231     212 state_mem.go:36] "Initialized new in-memory state store"
Mar 15 00:06:05 multi-node-worker kubelet[212]: I0315 00:06:05.352500     212 policy_none.go:49] "None policy: Start"
Mar 15 00:06:05 multi-node-worker kubelet[212]: I0315 00:06:05.352970     212 memory_manager.go:186] "Starting memorymanager" policy="None"
Mar 15 00:06:05 multi-node-worker kubelet[212]: I0315 00:06:05.353290     212 state_mem.go:35] "Initializing new in-memory state store"
Mar 15 00:06:05 multi-node-worker kubelet[212]: I0315 00:06:05.397588     212 kubelet_network_linux.go:50] "Initialized iptables rules." protocol="IPv4"
Mar 15 00:06:05 multi-node-worker kubelet[212]: I0315 00:06:05.405466     212 kubelet_network_linux.go:50] "Initialized iptables rules." protocol="IPv6"
Mar 15 00:06:05 multi-node-worker kubelet[212]: I0315 00:06:05.406344     212 status_manager.go:227] "Starting to sync pod status with apiserver"
Mar 15 00:06:05 multi-node-worker kubelet[212]: I0315 00:06:05.407166     212 watchdog_linux.go:127] "Systemd watchdog is not enabled or the interval is invalid, so health checking will not be started."
Mar 15 00:06:05 multi-node-worker kubelet[212]: I0315 00:06:05.407406     212 kubelet.go:2388] "Starting kubelet main sync loop"
Mar 15 00:06:05 multi-node-worker kubelet[212]: E0315 00:06:05.407637     212 kubelet.go:2412] "Skipping pod synchronization" err="[container runtime status check may not have completed yet, PLEG is not healthy: pleg has yet to be successful]"
Mar 15 00:06:05 multi-node-worker kubelet[212]: E0315 00:06:05.419692     212 kubelet_node_status.go:467] "Error getting the current node from lister" err="node \"multi-node-worker\" not found"
Mar 15 00:06:05 multi-node-worker kubelet[212]: W0315 00:06:05.490546     212 reflector.go:569] k8s.io/client-go/informers/factory.go:160: failed to list *v1.CSIDriver: csidrivers.storage.k8s.io is forbidden: User "system:anonymous" cannot list resource "csidrivers" in API group "storage.k8s.io" at the cluster scope
Mar 15 00:06:05 multi-node-worker kubelet[212]: E0315 00:06:05.493675     212 reflector.go:166] "Unhandled Error" err="k8s.io/client-go/informers/factory.go:160: Failed to watch *v1.CSIDriver: failed to list *v1.CSIDriver: csidrivers.storage.k8s.io is forbidden: User \"system:anonymous\" cannot list resource \"csidrivers\" in API group \"storage.k8s.io\" at the cluster scope" logger="UnhandledError"
Mar 15 00:06:05 multi-node-worker kubelet[212]: W0315 00:06:05.491357     212 reflector.go:569] k8s.io/client-go/informers/factory.go:160: failed to list *v1.Node: nodes "multi-node-worker" is forbidden: User "system:anonymous" cannot list resource "nodes" in API group "" at the cluster scope
Mar 15 00:06:05 multi-node-worker kubelet[212]: W0315 00:06:05.502142     212 reflector.go:569] k8s.io/client-go/informers/factory.go:160: failed to list *v1.Service: services is forbidden: User "system:anonymous" cannot list resource "services" in API group "" at the cluster scope
Mar 15 00:06:05 multi-node-worker kubelet[212]: E0315 00:06:05.502053     212 controller.go:145] "Failed to ensure lease exists, will retry" err="leases.coordination.k8s.io \"multi-node-worker\" is forbidden: User \"system:anonymous\" cannot get resource \"leases\" in API group \"coordination.k8s.io\" in the namespace \"kube-node-lease\"" interval="200ms"
Mar 15 00:06:05 multi-node-worker kubelet[212]: E0315 00:06:05.491989     212 event.go:359] "Server rejected event (will not retry!)" err="events is forbidden: User \"system:anonymous\" cannot create resource \"events\" in API group \"\" in the namespace \"default\"" event="&Event{ObjectMeta:{multi-node-worker.189cdb04624b9c3a  default    0 0001-01-01 00:00:00 +0000 UTC <nil> <nil> map[] map[] [] [] []},InvolvedObject:ObjectReference{Kind:Node,Namespace:,Name:multi-node-worker,UID:multi-node-worker,APIVersion:,ResourceVersion:,FieldPath:,},Reason:Starting,Message:Starting kubelet.,Source:EventSource{Component:kubelet,Host:multi-node-worker,},FirstTimestamp:2026-03-15 00:06:05.15260729 +0000 UTC m=+3.351624526,LastTimestamp:2026-03-15 00:06:05.15260729 +0000 UTC m=+3.351624526,Count:1,Type:Normal,EventTime:0001-01-01 00:00:00 +0000 UTC,Series:nil,Action:,Related:nil,ReportingController:kubelet,ReportingInstance:multi-node-worker,}"
Mar 15 00:06:05 multi-node-worker kubelet[212]: E0315 00:06:05.504616     212 reflector.go:166] "Unhandled Error" err="k8s.io/client-go/informers/factory.go:160: Failed to watch *v1.Node: failed to list *v1.Node: nodes \"multi-node-worker\" is forbidden: User \"system:anonymous\" cannot list resource \"nodes\" in API group \"\" at the cluster scope" logger="UnhandledError"
Mar 15 00:06:05 multi-node-worker kubelet[212]: E0315 00:06:05.504527     212 reflector.go:166] "Unhandled Error" err="k8s.io/client-go/informers/factory.go:160: Failed to watch *v1.Service: failed to list *v1.Service: services is forbidden: User \"system:anonymous\" cannot list resource \"services\" in API group \"\" at the cluster scope" logger="UnhandledError"
Mar 15 00:06:05 multi-node-worker kubelet[212]: E0315 00:06:05.512372     212 kubelet.go:2412] "Skipping pod synchronization" err="container runtime status check may not have completed yet"
Mar 15 00:06:05 multi-node-worker kubelet[212]: E0315 00:06:05.520423     212 kubelet_node_status.go:467] "Error getting the current node from lister" err="node \"multi-node-worker\" not found"
Mar 15 00:06:05 multi-node-worker kubelet[212]: W0315 00:06:05.522481     212 reflector.go:569] k8s.io/client-go/informers/factory.go:160: failed to list *v1.RuntimeClass: runtimeclasses.node.k8s.io is forbidden: User "system:anonymous" cannot list resource "runtimeclasses" in API group "node.k8s.io" at the cluster scope
Mar 15 00:06:05 multi-node-worker kubelet[212]: E0315 00:06:05.523756     212 reflector.go:166] "Unhandled Error" err="k8s.io/client-go/informers/factory.go:160: Failed to watch *v1.RuntimeClass: failed to list *v1.RuntimeClass: runtimeclasses.node.k8s.io is forbidden: User \"system:anonymous\" cannot list resource \"runtimeclasses\" in API group \"node.k8s.io\" at the cluster scope" logger="UnhandledError"
Mar 15 00:06:05 multi-node-worker kubelet[212]: I0315 00:06:05.580982     212 manager.go:519] "Failed to read data from checkpoint" checkpoint="kubelet_internal_checkpoint" err="checkpoint is not found"
Mar 15 00:06:05 multi-node-worker kubelet[212]: I0315 00:06:05.581576     212 eviction_manager.go:189] "Eviction manager: starting control loop"
Mar 15 00:06:05 multi-node-worker kubelet[212]: I0315 00:06:05.581623     212 container_log_manager.go:189] "Initializing container log rotate workers" workers=1 monitorPeriod="10s"
Mar 15 00:06:05 multi-node-worker kubelet[212]: I0315 00:06:05.588399     212 plugin_manager.go:118] "Starting Kubelet Plugin Manager"
Mar 15 00:06:05 multi-node-worker kubelet[212]: E0315 00:06:05.601377     212 eviction_manager.go:267] "eviction manager: failed to check if we have separate container filesystem. Ignoring." err="no imagefs label for configured runtime"
Mar 15 00:06:05 multi-node-worker kubelet[212]: E0315 00:06:05.602017     212 eviction_manager.go:292] "Eviction manager: failed to get summary stats" err="failed to get node info: node \"multi-node-worker\" not found"
Mar 15 00:06:05 multi-node-worker kubelet[212]: I0315 00:06:05.686398     212 kubelet_node_status.go:76] "Attempting to register node" node="multi-node-worker"
Mar 15 00:06:05 multi-node-worker kubelet[212]: E0315 00:06:05.848633     212 controller.go:145] "Failed to ensure lease exists, will retry" err="leases.coordination.k8s.io \"multi-node-worker\" is forbidden: User \"system:anonymous\" cannot get resource \"leases\" in API group \"coordination.k8s.io\" in the namespace \"kube-node-lease\"" interval="400ms"
Mar 15 00:06:05 multi-node-worker kubelet[212]: E0315 00:06:05.852839     212 event.go:359] "Server rejected event (will not retry!)" err="events is forbidden: User \"system:anonymous\" cannot create resource \"events\" in API group \"\" in the namespace \"default\"" event="&Event{ObjectMeta:{multi-node-worker.189cdb046c7ae5e2  default    0 0001-01-01 00:00:00 +0000 UTC <nil> <nil> map[] map[] [] [] []},InvolvedObject:ObjectReference{Kind:Node,Namespace:,Name:multi-node-worker,UID:multi-node-worker,APIVersion:,ResourceVersion:,FieldPath:,},Reason:NodeHasSufficientMemory,Message:Node multi-node-worker status is now: NodeHasSufficientMemory,Source:EventSource{Component:kubelet,Host:multi-node-worker,},FirstTimestamp:2026-03-15 00:06:05.323478498 +0000 UTC m=+3.522495720,LastTimestamp:2026-03-15 00:06:05.323478498 +0000 UTC m=+3.522495720,Count:1,Type:Normal,EventTime:0001-01-01 00:00:00 +0000 UTC,Series:nil,Action:,Related:nil,ReportingController:kubelet,ReportingInstance:multi-node-worker,}"
Mar 15 00:06:06 multi-node-worker kubelet[212]: E0315 00:06:06.058344     212 kubelet_node_status.go:114] "Unable to register node with API server, error getting existing node" err="nodes \"multi-node-worker\" is forbidden: User \"system:anonymous\" cannot get resource \"nodes\" in API group \"\" at the cluster scope" node="multi-node-worker"
Mar 15 00:06:06 multi-node-worker kubelet[212]: E0315 00:06:06.059327     212 event.go:359] "Server rejected event (will not retry!)" err="events is forbidden: User \"system:anonymous\" cannot create resource \"events\" in API group \"\" in the namespace \"default\"" event="&Event{ObjectMeta:{multi-node-worker.189cdb046c7b09b7  default    0 0001-01-01 00:00:00 +0000 UTC <nil> <nil> map[] map[] [] [] []},InvolvedObject:ObjectReference{Kind:Node,Namespace:,Name:multi-node-worker,UID:multi-node-worker,APIVersion:,ResourceVersion:,FieldPath:,},Reason:NodeHasNoDiskPressure,Message:Node multi-node-worker status is now: NodeHasNoDiskPressure,Source:EventSource{Component:kubelet,Host:multi-node-worker,},FirstTimestamp:2026-03-15 00:06:05.323487671 +0000 UTC m=+3.522504893,LastTimestamp:2026-03-15 00:06:05.323487671 +0000 UTC m=+3.522504893,Count:1,Type:Normal,EventTime:0001-01-01 00:00:00 +0000 UTC,Series:nil,Action:,Related:nil,ReportingController:kubelet,ReportingInstance:multi-node-worker,}"
Mar 15 00:06:06 multi-node-worker kubelet[212]: E0315 00:06:06.138146     212 event.go:359] "Server rejected event (will not retry!)" err="events is forbidden: User \"system:anonymous\" cannot create resource \"events\" in API group \"\" in the namespace \"default\"" event="&Event{ObjectMeta:{multi-node-worker.189cdb046c7b1834  default    0 0001-01-01 00:00:00 +0000 UTC <nil> <nil> map[] map[] [] [] []},InvolvedObject:ObjectReference{Kind:Node,Namespace:,Name:multi-node-worker,UID:multi-node-worker,APIVersion:,ResourceVersion:,FieldPath:,},Reason:NodeHasSufficientPID,Message:Node multi-node-worker status is now: NodeHasSufficientPID,Source:EventSource{Component:kubelet,Host:multi-node-worker,},FirstTimestamp:2026-03-15 00:06:05.32349138 +0000 UTC m=+3.522508602,LastTimestamp:2026-03-15 00:06:05.32349138 +0000 UTC m=+3.522508602,Count:1,Type:Normal,EventTime:0001-01-01 00:00:00 +0000 UTC,Series:nil,Action:,Related:nil,ReportingController:kubelet,ReportingInstance:multi-node-worker,}"
Mar 15 00:06:06 multi-node-worker kubelet[212]: I0315 00:06:06.262295     212 kubelet_node_status.go:76] "Attempting to register node" node="multi-node-worker"
Mar 15 00:06:06 multi-node-worker kubelet[212]: I0315 00:06:06.426557     212 kubelet_node_status.go:79] "Successfully registered node" node="multi-node-worker"
Mar 15 00:06:06 multi-node-worker kubelet[212]: E0315 00:06:06.426611     212 kubelet_node_status.go:549] "Error updating node status, will retry" err="error getting node \"multi-node-worker\": node \"multi-node-worker\" not found"
Mar 15 00:06:06 multi-node-worker kubelet[212]: I0315 00:06:06.556735     212 kuberuntime_manager.go:1702] "Updating runtime config through cri with podcidr" CIDR="10.244.2.0/24"
Mar 15 00:06:06 multi-node-worker kubelet[212]: I0315 00:06:06.566142     212 kubelet_network.go:61] "Updating Pod CIDR" originalPodCIDR="" newPodCIDR="10.244.2.0/24"
Mar 15 00:06:06 multi-node-worker kubelet[212]: I0315 00:06:06.818261     212 transport.go:147] "Certificate rotation detected, shutting down client connections to start using new credentials"
Mar 15 00:06:06 multi-node-worker kubelet[212]: E0315 00:06:06.819812     212 request.go:1332] Unexpected error when reading response body: read tcp 172.18.0.4:39430->172.18.0.2:6443: use of closed network connection
Mar 15 00:06:06 multi-node-worker kubelet[212]: E0315 00:06:06.820000     212 event.go:368] "Unable to write event (may retry after sleeping)" err="unexpected error when reading response body. Please retry. Original error: read tcp 172.18.0.4:39430->172.18.0.2:6443: use of closed network connection" event="&Event{ObjectMeta:{multi-node-worker.189cdb046c7b09b7  default    0 0001-01-01 00:00:00 +0000 UTC <nil> <nil> map[] map[] [] [] []},InvolvedObject:ObjectReference{Kind:Node,Namespace:,Name:multi-node-worker,UID:multi-node-worker,APIVersion:,ResourceVersion:,FieldPath:,},Reason:NodeHasNoDiskPressure,Message:Node multi-node-worker status is now: NodeHasNoDiskPressure,Source:EventSource{Component:kubelet,Host:multi-node-worker,},FirstTimestamp:2026-03-15 00:06:05.323487671 +0000 UTC m=+3.522504893,LastTimestamp:2026-03-15 00:06:05.68627209 +0000 UTC m=+3.885289314,Count:2,Type:Normal,EventTime:0001-01-01 00:00:00 +0000 UTC,Series:nil,Action:,Related:nil,ReportingController:kubelet,ReportingInstance:multi-node-worker,}"
Mar 15 00:06:06 multi-node-worker kubelet[212]: E0315 00:06:06.820375     212 controller.go:145] "Failed to ensure lease exists, will retry" err="Post \"https://multi-node-control-plane:6443/apis/coordination.k8s.io/v1/namespaces/kube-node-lease/leases?timeout=10s\": read tcp 172.18.0.4:39430->172.18.0.2:6443: use of closed network connection" interval="800ms"
Mar 15 00:06:06 multi-node-worker kubelet[212]: W0315 00:06:06.820889     212 reflector.go:492] k8s.io/client-go/informers/factory.go:160: watch of *v1.RuntimeClass ended with: very short watch: k8s.io/client-go/informers/factory.go:160: Unexpected watch close - watch lasted less than a second and no items received
Mar 15 00:06:06 multi-node-worker kubelet[212]: E0315 00:06:06.821132     212 kubelet_node_status.go:549] "Error updating node status, will retry" err="failed to patch status \"{}\" for node \"multi-node-worker\": Patch \"https://multi-node-control-plane:6443/api/v1/nodes/multi-node-worker/status?timeout=10s\": read tcp 172.18.0.4:39430->172.18.0.2:6443: use of closed network connection"
Mar 15 00:06:07 multi-node-worker kubelet[212]: E0315 00:06:07.198238     212 kubelet_node_status.go:467] "Error getting the current node from lister" err="node \"multi-node-worker\" not found"
Mar 15 00:06:07 multi-node-worker kubelet[212]: E0315 00:06:07.305831     212 kubelet_node_status.go:467] "Error getting the current node from lister" err="node \"multi-node-worker\" not found"
Mar 15 00:06:07 multi-node-worker kubelet[212]: E0315 00:06:07.418160     212 kubelet_node_status.go:467] "Error getting the current node from lister" err="node \"multi-node-worker\" not found"
Mar 15 00:06:07 multi-node-worker kubelet[212]: E0315 00:06:07.518739     212 kubelet_node_status.go:467] "Error getting the current node from lister" err="node \"multi-node-worker\" not found"
Mar 15 00:06:07 multi-node-worker kubelet[212]: E0315 00:06:07.621199     212 kubelet_node_status.go:467] "Error getting the current node from lister" err="node \"multi-node-worker\" not found"
Mar 15 00:06:07 multi-node-worker kubelet[212]: E0315 00:06:07.728549     212 kubelet_node_status.go:467] "Error getting the current node from lister" err="node \"multi-node-worker\" not found"
Mar 15 00:06:07 multi-node-worker kubelet[212]: E0315 00:06:07.835567     212 kubelet_node_status.go:467] "Error getting the current node from lister" err="node \"multi-node-worker\" not found"
Mar 15 00:06:08 multi-node-worker kubelet[212]: I0315 00:06:08.127062     212 apiserver.go:52] "Watching apiserver"
Mar 15 00:06:08 multi-node-worker kubelet[212]: I0315 00:06:08.979043     212 reconciler_common.go:251] "operationExecutor.VerifyControllerAttachedVolume started for volume \"kube-api-access-xdqcg\" (UniqueName: \"kubernetes.io/projected/98b00fd9-be0e-4df4-ae1c-47662f29e47c-kube-api-access-xdqcg\") pod \"kindnet-mbw4z\" (UID: \"98b00fd9-be0e-4df4-ae1c-47662f29e47c\") " pod="kube-system/kindnet-mbw4z"
Mar 15 00:06:08 multi-node-worker kubelet[212]: I0315 00:06:08.979176     212 reconciler_common.go:251] "operationExecutor.VerifyControllerAttachedVolume started for volume \"kube-proxy\" (UniqueName: \"kubernetes.io/configmap/25439750-55a2-443e-86bd-92f5fd736682-kube-proxy\") pod \"kube-proxy-vxwt2\" (UID: \"25439750-55a2-443e-86bd-92f5fd736682\") " pod="kube-system/kube-proxy-vxwt2"
Mar 15 00:06:08 multi-node-worker kubelet[212]: I0315 00:06:08.979245     212 reconciler_common.go:251] "operationExecutor.VerifyControllerAttachedVolume started for volume \"xtables-lock\" (UniqueName: \"kubernetes.io/host-path/25439750-55a2-443e-86bd-92f5fd736682-xtables-lock\") pod \"kube-proxy-vxwt2\" (UID: \"25439750-55a2-443e-86bd-92f5fd736682\") " pod="kube-system/kube-proxy-vxwt2"
Mar 15 00:06:08 multi-node-worker kubelet[212]: I0315 00:06:08.979279     212 reconciler_common.go:251] "operationExecutor.VerifyControllerAttachedVolume started for volume \"lib-modules\" (UniqueName: \"kubernetes.io/host-path/25439750-55a2-443e-86bd-92f5fd736682-lib-modules\") pod \"kube-proxy-vxwt2\" (UID: \"25439750-55a2-443e-86bd-92f5fd736682\") " pod="kube-system/kube-proxy-vxwt2"
Mar 15 00:06:08 multi-node-worker kubelet[212]: I0315 00:06:08.979304     212 reconciler_common.go:251] "operationExecutor.VerifyControllerAttachedVolume started for volume \"kube-api-access-kp6w7\" (UniqueName: \"kubernetes.io/projected/25439750-55a2-443e-86bd-92f5fd736682-kube-api-access-kp6w7\") pod \"kube-proxy-vxwt2\" (UID: \"25439750-55a2-443e-86bd-92f5fd736682\") " pod="kube-system/kube-proxy-vxwt2"
Mar 15 00:06:08 multi-node-worker kubelet[212]: I0315 00:06:08.979359     212 reconciler_common.go:251] "operationExecutor.VerifyControllerAttachedVolume started for volume \"cni-cfg\" (UniqueName: \"kubernetes.io/host-path/98b00fd9-be0e-4df4-ae1c-47662f29e47c-cni-cfg\") pod \"kindnet-mbw4z\" (UID: \"98b00fd9-be0e-4df4-ae1c-47662f29e47c\") " pod="kube-system/kindnet-mbw4z"
Mar 15 00:06:08 multi-node-worker kubelet[212]: I0315 00:06:08.979382     212 reconciler_common.go:251] "operationExecutor.VerifyControllerAttachedVolume started for volume \"xtables-lock\" (UniqueName: \"kubernetes.io/host-path/98b00fd9-be0e-4df4-ae1c-47662f29e47c-xtables-lock\") pod \"kindnet-mbw4z\" (UID: \"98b00fd9-be0e-4df4-ae1c-47662f29e47c\") " pod="kube-system/kindnet-mbw4z"
Mar 15 00:06:08 multi-node-worker kubelet[212]: I0315 00:06:08.979400     212 reconciler_common.go:251] "operationExecutor.VerifyControllerAttachedVolume started for volume \"lib-modules\" (UniqueName: \"kubernetes.io/host-path/98b00fd9-be0e-4df4-ae1c-47662f29e47c-lib-modules\") pod \"kindnet-mbw4z\" (UID: \"98b00fd9-be0e-4df4-ae1c-47662f29e47c\") " pod="kube-system/kindnet-mbw4z"
Mar 15 00:06:09 multi-node-worker kubelet[212]: I0315 00:06:09.007013     212 desired_state_of_world_populator.go:157] "Finished populating initial desired state of world"
Mar 15 00:06:31 multi-node-worker kubelet[212]: I0315 00:06:31.872536     212 pod_startup_latency_tracker.go:104] "Observed pod startup duration" pod="kube-system/kube-proxy-vxwt2" podStartSLOduration=24.87247131 podStartE2EDuration="24.87247131s" podCreationTimestamp="2026-03-15 00:06:07 +0000 UTC" firstStartedPulling="0001-01-01 00:00:00 +0000 UTC" lastFinishedPulling="0001-01-01 00:00:00 +0000 UTC" observedRunningTime="2026-03-15 00:06:31.871343511 +0000 UTC m=+30.076457912" watchObservedRunningTime="2026-03-15 00:06:31.87247131 +0000 UTC m=+30.077585582"
Mar 15 00:06:33 multi-node-worker kubelet[212]: I0315 00:06:33.697458     212 pod_startup_latency_tracker.go:104] "Observed pod startup duration" pod="kube-system/kindnet-mbw4z" podStartSLOduration=26.697415396 podStartE2EDuration="26.697415396s" podCreationTimestamp="2026-03-15 00:06:07 +0000 UTC" firstStartedPulling="0001-01-01 00:00:00 +0000 UTC" lastFinishedPulling="0001-01-01 00:00:00 +0000 UTC" observedRunningTime="2026-03-15 00:06:33.697352883 +0000 UTC m=+31.902467148" watchObservedRunningTime="2026-03-15 00:06:33.697415396 +0000 UTC m=+31.902529662"
Mar 15 00:06:45 multi-node-worker kubelet[212]: I0315 00:06:45.440603     212 kubelet_node_status.go:502] "Fast updating node status as it just became ready"
Mar 15 00:07:01 multi-node-worker kubelet[212]: E0315 00:07:01.260599     212 kubelet.go:2579] "Housekeeping took longer than expected" err="housekeeping took too long" expected="1s" actual="1.767s"
Mar 15 00:07:19 multi-node-worker kubelet[212]: E0315 00:07:19.300537     212 kubelet.go:2579] "Housekeeping took longer than expected" err="housekeeping took too long" expected="1s" actual="1.898s"
Mar 15 00:07:38 multi-node-worker kubelet[212]: E0315 00:07:38.806825     212 kubelet.go:2579] "Housekeeping took longer than expected" err="housekeeping took too long" expected="1s" actual="3.576s"
Mar 15 00:08:09 multi-node-worker kubelet[212]: E0315 00:08:09.065298     212 kubelet.go:2579] "Housekeeping took longer than expected" err="housekeeping took too long" expected="1s" actual="3.68s"
Mar 15 00:08:17 multi-node-worker kubelet[212]: E0315 00:08:16.959582     212 kubelet.go:2579] "Housekeeping took longer than expected" err="housekeeping took too long" expected="1s" actual="1.749s"
Mar 15 00:08:18 multi-node-worker kubelet[212]: E0315 00:08:18.742440     212 kubelet.go:2579] "Housekeeping took longer than expected" err="housekeeping took too long" expected="1s" actual="1.573s"
Mar 15 00:08:23 multi-node-worker kubelet[212]: E0315 00:08:23.107892     212 controller.go:195] "Failed to update lease" err="Put \"https://multi-node-control-plane:6443/apis/coordination.k8s.io/v1/namespaces/kube-node-lease/leases/multi-node-worker?timeout=10s\": net/http: request canceled (Client.Timeout exceeded while awaiting headers)"
Mar 15 00:08:23 multi-node-worker kubelet[212]: E0315 00:08:23.738716     212 kubelet.go:2579] "Housekeeping took longer than expected" err="housekeeping took too long" expected="1s" actual="4.538s"
Mar 15 00:08:24 multi-node-worker kubelet[212]: E0315 00:08:24.891238     212 kubelet.go:2579] "Housekeeping took longer than expected" err="housekeeping took too long" expected="1s" actual="1.148s"
