Mar 15 00:04:30 multi-node-worker2 systemd[1]: Starting containerd.service - containerd container runtime...
Mar 15 00:04:31 multi-node-worker2 containerd[105]: time="2026-03-15T00:04:31.494262512Z" level=info msg="starting containerd" revision=c507a0257ea6462fbd6f5ba4f5c74facb04021f4 version=v2.0.2
Mar 15 00:04:31 multi-node-worker2 containerd[105]: time="2026-03-15T00:04:31.727238639Z" level=warning msg="Configuration migrated from version 2, use `containerd config migrate` to avoid migration" t="515.86µs"
Mar 15 00:04:31 multi-node-worker2 containerd[105]: time="2026-03-15T00:04:31.727359479Z" level=info msg="loading plugin" id=io.containerd.image-verifier.v1.bindir type=io.containerd.image-verifier.v1
Mar 15 00:04:31 multi-node-worker2 containerd[105]: time="2026-03-15T00:04:31.727647261Z" level=info msg="loading plugin" id=io.containerd.internal.v1.opt type=io.containerd.internal.v1
Mar 15 00:04:31 multi-node-worker2 containerd[105]: time="2026-03-15T00:04:31.729567798Z" level=info msg="loading plugin" id=io.containerd.warning.v1.deprecations type=io.containerd.warning.v1
Mar 15 00:04:31 multi-node-worker2 containerd[105]: time="2026-03-15T00:04:31.730203234Z" level=info msg="loading plugin" id=io.containerd.content.v1.content type=io.containerd.content.v1
Mar 15 00:04:31 multi-node-worker2 containerd[105]: time="2026-03-15T00:04:31.732339094Z" level=info msg="loading plugin" id=io.containerd.snapshotter.v1.blockfile type=io.containerd.snapshotter.v1
Mar 15 00:04:31 multi-node-worker2 containerd[105]: time="2026-03-15T00:04:31.732660790Z" level=info msg="skip loading plugin" error="no scratch file generator: skip plugin" id=io.containerd.snapshotter.v1.blockfile type=io.containerd.snapshotter.v1
Mar 15 00:04:31 multi-node-worker2 containerd[105]: time="2026-03-15T00:04:31.732769489Z" level=info msg="loading plugin" id=io.containerd.snapshotter.v1.native type=io.containerd.snapshotter.v1
Mar 15 00:04:31 multi-node-worker2 containerd[105]: time="2026-03-15T00:04:31.732857041Z" level=info msg="loading plugin" id=io.containerd.snapshotter.v1.overlayfs type=io.containerd.snapshotter.v1
Mar 15 00:04:31 multi-node-worker2 containerd[105]: time="2026-03-15T00:04:31.734106122Z" level=info msg="loading plugin" id=io.containerd.event.v1.exchange type=io.containerd.event.v1
Mar 15 00:04:31 multi-node-worker2 containerd[105]: time="2026-03-15T00:04:31.734688600Z" level=info msg="loading plugin" id=io.containerd.monitor.task.v1.cgroups type=io.containerd.monitor.task.v1
Mar 15 00:04:31 multi-node-worker2 containerd[105]: time="2026-03-15T00:04:31.737422709Z" level=info msg="loading plugin" id=io.containerd.snapshotter.v1.fuse-overlayfs type=io.containerd.snapshotter.v1
Mar 15 00:04:31 multi-node-worker2 containerd[105]: time="2026-03-15T00:04:31.738263816Z" level=info msg="loading plugin" id=io.containerd.metadata.v1.bolt type=io.containerd.metadata.v1
Mar 15 00:04:31 multi-node-worker2 containerd[105]: time="2026-03-15T00:04:31.739687714Z" level=info msg="metadata content store policy set" policy=shared
Mar 15 00:04:31 multi-node-worker2 containerd[105]: time="2026-03-15T00:04:31.761272527Z" level=info msg="loading plugin" id=io.containerd.gc.v1.scheduler type=io.containerd.gc.v1
Mar 15 00:04:31 multi-node-worker2 containerd[105]: time="2026-03-15T00:04:31.761845609Z" level=info msg="loading plugin" id=io.containerd.differ.v1.walking type=io.containerd.differ.v1
Mar 15 00:04:31 multi-node-worker2 containerd[105]: time="2026-03-15T00:04:31.763351397Z" level=info msg="loading plugin" id=io.containerd.lease.v1.manager type=io.containerd.lease.v1
Mar 15 00:04:31 multi-node-worker2 containerd[105]: time="2026-03-15T00:04:31.763577847Z" level=info msg="loading plugin" id=io.containerd.service.v1.containers-service type=io.containerd.service.v1
Mar 15 00:04:31 multi-node-worker2 containerd[105]: time="2026-03-15T00:04:31.763607779Z" level=info msg="loading plugin" id=io.containerd.service.v1.content-service type=io.containerd.service.v1
Mar 15 00:04:31 multi-node-worker2 containerd[105]: time="2026-03-15T00:04:31.764636042Z" level=info msg="loading plugin" id=io.containerd.service.v1.diff-service type=io.containerd.service.v1
Mar 15 00:04:31 multi-node-worker2 containerd[105]: time="2026-03-15T00:04:31.764868442Z" level=info msg="loading plugin" id=io.containerd.service.v1.images-service type=io.containerd.service.v1
Mar 15 00:04:31 multi-node-worker2 containerd[105]: time="2026-03-15T00:04:31.764903943Z" level=info msg="loading plugin" id=io.containerd.service.v1.introspection-service type=io.containerd.service.v1
Mar 15 00:04:31 multi-node-worker2 containerd[105]: time="2026-03-15T00:04:31.764923252Z" level=info msg="loading plugin" id=io.containerd.service.v1.namespaces-service type=io.containerd.service.v1
Mar 15 00:04:31 multi-node-worker2 containerd[105]: time="2026-03-15T00:04:31.764938414Z" level=info msg="loading plugin" id=io.containerd.service.v1.snapshots-service type=io.containerd.service.v1
Mar 15 00:04:31 multi-node-worker2 containerd[105]: time="2026-03-15T00:04:31.765044339Z" level=info msg="loading plugin" id=io.containerd.shim.v1.manager type=io.containerd.shim.v1
Mar 15 00:04:31 multi-node-worker2 containerd[105]: time="2026-03-15T00:04:31.765074623Z" level=info msg="loading plugin" id=io.containerd.runtime.v2.task type=io.containerd.runtime.v2
Mar 15 00:04:31 multi-node-worker2 containerd[105]: time="2026-03-15T00:04:31.765435351Z" level=info msg="loading plugin" id=io.containerd.service.v1.tasks-service type=io.containerd.service.v1
Mar 15 00:04:31 multi-node-worker2 containerd[105]: time="2026-03-15T00:04:31.767615548Z" level=info msg="loading plugin" id=io.containerd.grpc.v1.containers type=io.containerd.grpc.v1
Mar 15 00:04:31 multi-node-worker2 containerd[105]: time="2026-03-15T00:04:31.784978662Z" level=info msg="loading plugin" id=io.containerd.grpc.v1.content type=io.containerd.grpc.v1
Mar 15 00:04:31 multi-node-worker2 containerd[105]: time="2026-03-15T00:04:31.785422868Z" level=info msg="loading plugin" id=io.containerd.grpc.v1.diff type=io.containerd.grpc.v1
Mar 15 00:04:31 multi-node-worker2 containerd[105]: time="2026-03-15T00:04:31.785608141Z" level=info msg="loading plugin" id=io.containerd.grpc.v1.events type=io.containerd.grpc.v1
Mar 15 00:04:31 multi-node-worker2 containerd[105]: time="2026-03-15T00:04:31.789947510Z" level=info msg="loading plugin" id=io.containerd.grpc.v1.images type=io.containerd.grpc.v1
Mar 15 00:04:31 multi-node-worker2 containerd[105]: time="2026-03-15T00:04:31.796351464Z" level=info msg="loading plugin" id=io.containerd.grpc.v1.introspection type=io.containerd.grpc.v1
Mar 15 00:04:31 multi-node-worker2 containerd[105]: time="2026-03-15T00:04:31.796560285Z" level=info msg="loading plugin" id=io.containerd.grpc.v1.leases type=io.containerd.grpc.v1
Mar 15 00:04:31 multi-node-worker2 containerd[105]: time="2026-03-15T00:04:31.796589699Z" level=info msg="loading plugin" id=io.containerd.grpc.v1.namespaces type=io.containerd.grpc.v1
Mar 15 00:04:31 multi-node-worker2 containerd[105]: time="2026-03-15T00:04:31.797371794Z" level=info msg="loading plugin" id=io.containerd.sandbox.store.v1.local type=io.containerd.sandbox.store.v1
Mar 15 00:04:31 multi-node-worker2 containerd[105]: time="2026-03-15T00:04:31.797505057Z" level=info msg="loading plugin" id=io.containerd.cri.v1.images type=io.containerd.cri.v1
Mar 15 00:04:31 multi-node-worker2 containerd[105]: time="2026-03-15T00:04:31.800409149Z" level=info msg="Get image filesystem path \"/var/lib/containerd/io.containerd.snapshotter.v1.overlayfs\" for snapshotter \"overlayfs\""
Mar 15 00:04:31 multi-node-worker2 containerd[105]: time="2026-03-15T00:04:31.800634224Z" level=info msg="Start snapshots syncer"
Mar 15 00:04:31 multi-node-worker2 containerd[105]: time="2026-03-15T00:04:31.801364944Z" level=info msg="loading plugin" id=io.containerd.cri.v1.runtime type=io.containerd.cri.v1
Mar 15 00:04:31 multi-node-worker2 containerd[105]: time="2026-03-15T00:04:31.804205637Z" level=warning msg="Ignoring unknown key in TOML for plugin" error="strict mode: fields in the document are missing in the target struct" key=tolerate_missing_hugepages_controller plugin=io.containerd.cri.v1.runtime
Mar 15 00:04:31 multi-node-worker2 containerd[105]: time="2026-03-15T00:04:31.810144114Z" level=info msg="starting cri plugin" config="{\"containerd\":{\"defaultRuntimeName\":\"runc\",\"runtimes\":{\"runc\":{\"runtimeType\":\"io.containerd.runc.v2\",\"runtimePath\":\"\",\"PodAnnotations\":null,\"ContainerAnnotations\":null,\"options\":{\"BinaryName\":\"\",\"CriuImagePath\":\"\",\"CriuWorkPath\":\"\",\"IoGid\":0,\"IoUid\":0,\"NoNewKeyring\":false,\"Root\":\"\",\"ShimCgroup\":\"\",\"SystemdCgroup\":true},\"privileged_without_host_devices\":false,\"privileged_without_host_devices_all_devices_allowed\":false,\"baseRuntimeSpec\":\"/etc/containerd/cri-base.json\",\"cniConfDir\":\"\",\"cniMaxConfNum\":0,\"snapshotter\":\"\",\"sandboxer\":\"podsandbox\",\"io_type\":\"\"},\"test-handler\":{\"runtimeType\":\"io.containerd.runc.v2\",\"runtimePath\":\"\",\"PodAnnotations\":null,\"ContainerAnnotations\":null,\"options\":{\"SystemdCgroup\":true},\"privileged_without_host_devices\":false,\"privileged_without_host_devices_all_devices_allowed\":false,\"baseRuntimeSpec\":\"/etc/containerd/cri-base.json\",\"cniConfDir\":\"\",\"cniMaxConfNum\":0,\"snapshotter\":\"\",\"sandboxer\":\"podsandbox\",\"io_type\":\"\"}},\"ignoreBlockIONotEnabledErrors\":false,\"ignoreRdtNotEnabledErrors\":false},\"cni\":{\"binDir\":\"/opt/cni/bin\",\"confDir\":\"/etc/cni/net.d\",\"maxConfNum\":1,\"setupSerially\":false,\"confTemplate\":\"\",\"ipPref\":\"\",\"useInternalLoopback\":false},\"enableSelinux\":false,\"selinuxCategoryRange\":1024,\"maxContainerLogSize\":16384,\"disableApparmor\":false,\"restrictOOMScoreAdj\":false,\"disableProcMount\":false,\"unsetSeccompProfile\":\"\",\"tolerateMissingHugetlbController\":true,\"disableHugetlbController\":true,\"device_ownership_from_security_context\":false,\"ignoreImageDefinedVolumes\":false,\"netnsMountsUnderStateDir\":false,\"enableUnprivilegedPorts\":true,\"enableUnprivilegedICMP\":true,\"enableCDI\":true,\"cdiSpecDirs\":[\"/etc/cdi\",\"/var/run/cdi\"],\"drainExecSyncIOTimeout\":\"0s\",\"ignoreDeprecationWarnings\":null,\"containerdRootDir\":\"/var/lib/containerd\",\"containerdEndpoint\":\"/run/containerd/containerd.sock\",\"rootDir\":\"/var/lib/containerd/io.containerd.grpc.v1.cri\",\"stateDir\":\"/run/containerd/io.containerd.grpc.v1.cri\"}"
Mar 15 00:04:31 multi-node-worker2 containerd[105]: time="2026-03-15T00:04:31.849727924Z" level=info msg="loading plugin" id=io.containerd.podsandbox.controller.v1.podsandbox type=io.containerd.podsandbox.controller.v1
Mar 15 00:04:31 multi-node-worker2 containerd[105]: time="2026-03-15T00:04:31.882860935Z" level=info msg="loading plugin" id=io.containerd.sandbox.controller.v1.shim type=io.containerd.sandbox.controller.v1
Mar 15 00:04:31 multi-node-worker2 containerd[105]: time="2026-03-15T00:04:31.883276021Z" level=info msg="loading plugin" id=io.containerd.grpc.v1.sandbox-controllers type=io.containerd.grpc.v1
Mar 15 00:04:31 multi-node-worker2 containerd[105]: time="2026-03-15T00:04:31.883320499Z" level=info msg="loading plugin" id=io.containerd.grpc.v1.sandboxes type=io.containerd.grpc.v1
Mar 15 00:04:31 multi-node-worker2 containerd[105]: time="2026-03-15T00:04:31.883338653Z" level=info msg="loading plugin" id=io.containerd.grpc.v1.snapshots type=io.containerd.grpc.v1
Mar 15 00:04:31 multi-node-worker2 containerd[105]: time="2026-03-15T00:04:31.883353300Z" level=info msg="loading plugin" id=io.containerd.streaming.v1.manager type=io.containerd.streaming.v1
Mar 15 00:04:31 multi-node-worker2 containerd[105]: time="2026-03-15T00:04:31.886870719Z" level=info msg="loading plugin" id=io.containerd.grpc.v1.streaming type=io.containerd.grpc.v1
Mar 15 00:04:31 multi-node-worker2 containerd[105]: time="2026-03-15T00:04:31.888759180Z" level=info msg="loading plugin" id=io.containerd.grpc.v1.tasks type=io.containerd.grpc.v1
Mar 15 00:04:31 multi-node-worker2 containerd[105]: time="2026-03-15T00:04:31.888913538Z" level=info msg="loading plugin" id=io.containerd.transfer.v1.local type=io.containerd.transfer.v1
Mar 15 00:04:31 multi-node-worker2 containerd[105]: time="2026-03-15T00:04:31.888998878Z" level=info msg="loading plugin" id=io.containerd.grpc.v1.transfer type=io.containerd.grpc.v1
Mar 15 00:04:31 multi-node-worker2 containerd[105]: time="2026-03-15T00:04:31.889022632Z" level=info msg="loading plugin" id=io.containerd.grpc.v1.version type=io.containerd.grpc.v1
Mar 15 00:04:31 multi-node-worker2 containerd[105]: time="2026-03-15T00:04:31.889037579Z" level=info msg="loading plugin" id=io.containerd.monitor.container.v1.restart type=io.containerd.monitor.container.v1
Mar 15 00:04:31 multi-node-worker2 containerd[105]: time="2026-03-15T00:04:31.889238415Z" level=info msg="loading plugin" id=io.containerd.tracing.processor.v1.otlp type=io.containerd.tracing.processor.v1
Mar 15 00:04:31 multi-node-worker2 containerd[105]: time="2026-03-15T00:04:31.889277138Z" level=info msg="skip loading plugin" error="skip plugin: tracing endpoint not configured" id=io.containerd.tracing.processor.v1.otlp type=io.containerd.tracing.processor.v1
Mar 15 00:04:31 multi-node-worker2 containerd[105]: time="2026-03-15T00:04:31.889567891Z" level=info msg="loading plugin" id=io.containerd.internal.v1.tracing type=io.containerd.internal.v1
Mar 15 00:04:31 multi-node-worker2 containerd[105]: time="2026-03-15T00:04:31.889624195Z" level=info msg="skip loading plugin" error="skip plugin: tracing endpoint not configured" id=io.containerd.internal.v1.tracing type=io.containerd.internal.v1
Mar 15 00:04:31 multi-node-worker2 containerd[105]: time="2026-03-15T00:04:31.889638381Z" level=info msg="loading plugin" id=io.containerd.ttrpc.v1.otelttrpc type=io.containerd.ttrpc.v1
Mar 15 00:04:31 multi-node-worker2 containerd[105]: time="2026-03-15T00:04:31.889909994Z" level=info msg="loading plugin" id=io.containerd.grpc.v1.healthcheck type=io.containerd.grpc.v1
Mar 15 00:04:31 multi-node-worker2 containerd[105]: time="2026-03-15T00:04:31.889953664Z" level=info msg="loading plugin" id=io.containerd.nri.v1.nri type=io.containerd.nri.v1
Mar 15 00:04:31 multi-node-worker2 containerd[105]: time="2026-03-15T00:04:31.892996166Z" level=info msg="runtime interface created"
Mar 15 00:04:31 multi-node-worker2 containerd[105]: time="2026-03-15T00:04:31.893095907Z" level=info msg="created NRI interface"
Mar 15 00:04:31 multi-node-worker2 containerd[105]: time="2026-03-15T00:04:31.893129028Z" level=info msg="loading plugin" id=io.containerd.grpc.v1.cri type=io.containerd.grpc.v1
Mar 15 00:04:31 multi-node-worker2 containerd[105]: time="2026-03-15T00:04:31.893167557Z" level=info msg="Connect containerd service"
Mar 15 00:04:31 multi-node-worker2 containerd[105]: time="2026-03-15T00:04:31.896761707Z" level=info msg="using experimental NRI integration - disable nri plugin to prevent this"
Mar 15 00:04:31 multi-node-worker2 containerd[105]: time="2026-03-15T00:04:31.913688730Z" level=error msg="failed to load cni during init, please check CRI plugin status before setting up network for pods" error="cni config load failed: no network config found in /etc/cni/net.d: cni plugin not initialized: failed to load cni config"
Mar 15 00:04:32 multi-node-worker2 containerd[105]: time="2026-03-15T00:04:32.860294396Z" level=info msg="Start subscribing containerd event"
Mar 15 00:04:32 multi-node-worker2 containerd[105]: time="2026-03-15T00:04:32.860469954Z" level=info msg="Start recovering state"
Mar 15 00:04:32 multi-node-worker2 containerd[105]: time="2026-03-15T00:04:32.860689097Z" level=info msg=serving... address=/run/containerd/containerd.sock.ttrpc
Mar 15 00:04:32 multi-node-worker2 containerd[105]: time="2026-03-15T00:04:32.860790940Z" level=info msg=serving... address=/run/containerd/containerd.sock
Mar 15 00:04:32 multi-node-worker2 containerd[105]: time="2026-03-15T00:04:32.870129712Z" level=warning msg="The image registry.k8s.io/etcd:3.5.16-0 is not unpacked."
Mar 15 00:04:32 multi-node-worker2 containerd[105]: time="2026-03-15T00:04:32.873367367Z" level=warning msg="The image registry.k8s.io/kube-apiserver-amd64:v1.32.2 is not unpacked."
Mar 15 00:04:32 multi-node-worker2 containerd[105]: time="2026-03-15T00:04:32.876654308Z" level=warning msg="The image registry.k8s.io/kube-apiserver:v1.32.2 is not unpacked."
Mar 15 00:04:32 multi-node-worker2 containerd[105]: time="2026-03-15T00:04:32.879598757Z" level=warning msg="The image registry.k8s.io/kube-controller-manager-amd64:v1.32.2 is not unpacked."
Mar 15 00:04:32 multi-node-worker2 containerd[105]: time="2026-03-15T00:04:32.881791411Z" level=warning msg="The image registry.k8s.io/kube-proxy-amd64:v1.32.2 is not unpacked."
Mar 15 00:04:32 multi-node-worker2 containerd[105]: time="2026-03-15T00:04:32.883040234Z" level=warning msg="The image registry.k8s.io/kube-controller-manager:v1.32.2 is not unpacked."
Mar 15 00:04:32 multi-node-worker2 containerd[105]: time="2026-03-15T00:04:32.890297686Z" level=warning msg="The image registry.k8s.io/kube-proxy:v1.32.2 is not unpacked."
Mar 15 00:04:32 multi-node-worker2 containerd[105]: time="2026-03-15T00:04:32.891870842Z" level=warning msg="The image registry.k8s.io/kube-scheduler-amd64:v1.32.2 is not unpacked."
Mar 15 00:04:32 multi-node-worker2 containerd[105]: time="2026-03-15T00:04:32.891897656Z" level=warning msg="The image sha256:f1332858868e1c6a905123b21e2e322ab45a5b99a3532e68ff49a87c2266ebc5 is not unpacked."
Mar 15 00:04:32 multi-node-worker2 containerd[105]: time="2026-03-15T00:04:32.891905225Z" level=warning msg="The image sha256:a9e7e6b294baf1695fccb862d956c5d3ad8510e1e4ca1535f35dc09f247abbfc is not unpacked."
Mar 15 00:04:32 multi-node-worker2 containerd[105]: time="2026-03-15T00:04:32.892026142Z" level=warning msg="The image docker.io/kindest/kindnetd:v20250214-acbabc1a is not unpacked."
Mar 15 00:04:32 multi-node-worker2 containerd[105]: time="2026-03-15T00:04:32.893266703Z" level=warning msg="The image sha256:d8e673e7c9983f1f53569a9d2ba786c8abb42e3f744f77dc97a595f3caf9435d is not unpacked."
Mar 15 00:04:32 multi-node-worker2 containerd[105]: time="2026-03-15T00:04:32.893559516Z" level=warning msg="The image sha256:df3849d954c98a7162c7bee7313ece357606e313d98ebd68b7aac5e961b1156f is not unpacked."
Mar 15 00:04:32 multi-node-worker2 containerd[105]: time="2026-03-15T00:04:32.893792004Z" level=warning msg="The image registry.k8s.io/kube-scheduler:v1.32.2 is not unpacked."
Mar 15 00:04:32 multi-node-worker2 containerd[105]: time="2026-03-15T00:04:32.894165196Z" level=warning msg="The image sha256:85b7a174738baecbc53029b7913cd430a2060e0cbdb5f56c7957d32ff7f241ef is not unpacked."
Mar 15 00:04:32 multi-node-worker2 containerd[105]: time="2026-03-15T00:04:32.894672502Z" level=warning msg="The image docker.io/kindest/local-path-provisioner:v20250214-acbabc1a is not unpacked."
Mar 15 00:04:32 multi-node-worker2 containerd[105]: time="2026-03-15T00:04:32.895008149Z" level=warning msg="The image sha256:c69fa2e9cbf5f42dc48af631e956d3f95724c13f91596bc567591790e5e36db6 is not unpacked."
Mar 15 00:04:32 multi-node-worker2 containerd[105]: time="2026-03-15T00:04:32.895856290Z" level=warning msg="The image registry.k8s.io/coredns/coredns:v1.11.3 is not unpacked."
Mar 15 00:04:32 multi-node-worker2 containerd[105]: time="2026-03-15T00:04:32.896482186Z" level=warning msg="The image sha256:b6a454c5a800d201daacead6ff195ec6049fe6dc086621b0670bca912efaf389 is not unpacked."
Mar 15 00:04:32 multi-node-worker2 containerd[105]: time="2026-03-15T00:04:32.897115672Z" level=warning msg="The image registry.k8s.io/pause:3.10 is not unpacked."
Mar 15 00:04:32 multi-node-worker2 containerd[105]: time="2026-03-15T00:04:32.897230132Z" level=warning msg="The image sha256:baa0d31514ee559c8962d6469a23315bcc8342cbbc1eccc49fa803dcd9653cb7 is not unpacked."
Mar 15 00:04:32 multi-node-worker2 containerd[105]: time="2026-03-15T00:04:32.897758306Z" level=warning msg="The image docker.io/kindest/local-path-helper:v20241212-8ac705d0 is not unpacked."
Mar 15 00:04:32 multi-node-worker2 containerd[105]: time="2026-03-15T00:04:32.898995744Z" level=warning msg="The image sha256:873ed75102791e5b0b8a7fcd41606c92fcec98d56d05ead4ac5131650004c136 is not unpacked."
Mar 15 00:04:32 multi-node-worker2 containerd[105]: time="2026-03-15T00:04:32.902593690Z" level=warning msg="The image sha256:bbb6209cc873b9b4095bd014b4687512eea2bd7b246f9ec06f4f6f0be14d9fb6 is not unpacked."
Mar 15 00:04:32 multi-node-worker2 containerd[105]: time="2026-03-15T00:04:32.961147938Z" level=info msg="Start event monitor"
Mar 15 00:04:32 multi-node-worker2 containerd[105]: time="2026-03-15T00:04:32.961619376Z" level=info msg="Start cni network conf syncer for default"
Mar 15 00:04:32 multi-node-worker2 containerd[105]: time="2026-03-15T00:04:32.961786325Z" level=info msg="Start streaming server"
Mar 15 00:04:32 multi-node-worker2 containerd[105]: time="2026-03-15T00:04:32.961888344Z" level=info msg="Registered namespace \"k8s.io\" with NRI"
Mar 15 00:04:32 multi-node-worker2 containerd[105]: time="2026-03-15T00:04:32.962447123Z" level=info msg="runtime interface starting up..."
Mar 15 00:04:32 multi-node-worker2 containerd[105]: time="2026-03-15T00:04:32.962574962Z" level=info msg="starting plugins..."
Mar 15 00:04:32 multi-node-worker2 containerd[105]: time="2026-03-15T00:04:32.962684725Z" level=info msg="Synchronizing NRI (plugin) with current runtime state"
Mar 15 00:04:32 multi-node-worker2 systemd[1]: Started containerd.service - containerd container runtime.
Mar 15 00:04:32 multi-node-worker2 containerd[105]: time="2026-03-15T00:04:32.968426134Z" level=info msg="containerd successfully booted in 1.480311s"
Mar 15 00:06:08 multi-node-worker2 containerd[105]: time="2026-03-15T00:06:08.150118155Z" level=info msg="No cni config template is specified, wait for other system components to drop the config."
Mar 15 00:06:10 multi-node-worker2 containerd[105]: time="2026-03-15T00:06:10.040577048Z" level=info msg="RunPodSandbox for &PodSandboxMetadata{Name:kindnet-sxs6p,Uid:51780832-4290-48be-9895-5d80c439b17e,Namespace:kube-system,Attempt:0,}"
Mar 15 00:06:10 multi-node-worker2 containerd[105]: time="2026-03-15T00:06:10.616124956Z" level=info msg="RunPodSandbox for &PodSandboxMetadata{Name:kube-proxy-d9xkn,Uid:75937331-8c92-45aa-bd9a-615f52f8506e,Namespace:kube-system,Attempt:0,}"
Mar 15 00:06:14 multi-node-worker2 containerd[105]: time="2026-03-15T00:06:14.797008852Z" level=info msg="connecting to shim cc56b4aaa00de91cb927972069e3121ee156a13ab537a7e2f46749d243767165" address="unix:///run/containerd/s/40507c8610ce37e9bf954c4180d723dd468741e41d62231b0faed131b60165c5" namespace=k8s.io protocol=ttrpc version=3
Mar 15 00:06:14 multi-node-worker2 containerd[105]: time="2026-03-15T00:06:14.878619321Z" level=info msg="connecting to shim 5ca5a04702288ea7decc9eb5f38ad43713836609ee7c5397c36cd44bc5f585a1" address="unix:///run/containerd/s/39ede8f0aad26ad4527628cdbf9d160dfcc1254e81d7cb20ef9e6818611bb560" namespace=k8s.io protocol=ttrpc version=3
Mar 15 00:06:17 multi-node-worker2 containerd[105]: time="2026-03-15T00:06:17.514014233Z" level=info msg="RunPodSandbox for &PodSandboxMetadata{Name:kube-proxy-d9xkn,Uid:75937331-8c92-45aa-bd9a-615f52f8506e,Namespace:kube-system,Attempt:0,} returns sandbox id \"cc56b4aaa00de91cb927972069e3121ee156a13ab537a7e2f46749d243767165\""
Mar 15 00:06:17 multi-node-worker2 containerd[105]: time="2026-03-15T00:06:17.720308777Z" level=info msg="CreateContainer within sandbox \"cc56b4aaa00de91cb927972069e3121ee156a13ab537a7e2f46749d243767165\" for container &ContainerMetadata{Name:kube-proxy,Attempt:0,}"
Mar 15 00:06:18 multi-node-worker2 containerd[105]: time="2026-03-15T00:06:18.308416237Z" level=info msg="RunPodSandbox for &PodSandboxMetadata{Name:kindnet-sxs6p,Uid:51780832-4290-48be-9895-5d80c439b17e,Namespace:kube-system,Attempt:0,} returns sandbox id \"5ca5a04702288ea7decc9eb5f38ad43713836609ee7c5397c36cd44bc5f585a1\""
Mar 15 00:06:18 multi-node-worker2 containerd[105]: time="2026-03-15T00:06:18.322709435Z" level=info msg="CreateContainer within sandbox \"5ca5a04702288ea7decc9eb5f38ad43713836609ee7c5397c36cd44bc5f585a1\" for container &ContainerMetadata{Name:kindnet-cni,Attempt:0,}"
Mar 15 00:06:31 multi-node-worker2 containerd[105]: time="2026-03-15T00:06:31.472967464Z" level=info msg="Container f61fe97e1b62330669eda338caef9f3b54254a1323f46b861f38322c72fdb597: CDI devices from CRI Config.CDIDevices: []"
Mar 15 00:06:31 multi-node-worker2 containerd[105]: time="2026-03-15T00:06:31.606340431Z" level=info msg="CreateContainer within sandbox \"cc56b4aaa00de91cb927972069e3121ee156a13ab537a7e2f46749d243767165\" for &ContainerMetadata{Name:kube-proxy,Attempt:0,} returns container id \"f61fe97e1b62330669eda338caef9f3b54254a1323f46b861f38322c72fdb597\""
Mar 15 00:06:31 multi-node-worker2 containerd[105]: time="2026-03-15T00:06:31.612116161Z" level=info msg="StartContainer for \"f61fe97e1b62330669eda338caef9f3b54254a1323f46b861f38322c72fdb597\""
Mar 15 00:06:31 multi-node-worker2 containerd[105]: time="2026-03-15T00:06:31.654920219Z" level=info msg="connecting to shim f61fe97e1b62330669eda338caef9f3b54254a1323f46b861f38322c72fdb597" address="unix:///run/containerd/s/40507c8610ce37e9bf954c4180d723dd468741e41d62231b0faed131b60165c5" protocol=ttrpc version=3
Mar 15 00:06:32 multi-node-worker2 containerd[105]: time="2026-03-15T00:06:32.569010975Z" level=info msg="Container 3d1646e7265dd54505edc7392de013d215bbc9beacd025957b4fd1fbca09e175: CDI devices from CRI Config.CDIDevices: []"
Mar 15 00:06:32 multi-node-worker2 containerd[105]: time="2026-03-15T00:06:32.605681311Z" level=info msg="CreateContainer within sandbox \"5ca5a04702288ea7decc9eb5f38ad43713836609ee7c5397c36cd44bc5f585a1\" for &ContainerMetadata{Name:kindnet-cni,Attempt:0,} returns container id \"3d1646e7265dd54505edc7392de013d215bbc9beacd025957b4fd1fbca09e175\""
Mar 15 00:06:32 multi-node-worker2 containerd[105]: time="2026-03-15T00:06:32.614118098Z" level=info msg="StartContainer for \"3d1646e7265dd54505edc7392de013d215bbc9beacd025957b4fd1fbca09e175\""
Mar 15 00:06:32 multi-node-worker2 containerd[105]: time="2026-03-15T00:06:32.629174860Z" level=info msg="StartContainer for \"f61fe97e1b62330669eda338caef9f3b54254a1323f46b861f38322c72fdb597\" returns successfully"
Mar 15 00:06:32 multi-node-worker2 containerd[105]: time="2026-03-15T00:06:32.637043404Z" level=info msg="connecting to shim 3d1646e7265dd54505edc7392de013d215bbc9beacd025957b4fd1fbca09e175" address="unix:///run/containerd/s/39ede8f0aad26ad4527628cdbf9d160dfcc1254e81d7cb20ef9e6818611bb560" protocol=ttrpc version=3
Mar 15 00:06:33 multi-node-worker2 containerd[105]: time="2026-03-15T00:06:33.775586520Z" level=info msg="StartContainer for \"3d1646e7265dd54505edc7392de013d215bbc9beacd025957b4fd1fbca09e175\" returns successfully"
Mar 15 00:06:45 multi-node-worker2 containerd[105]: time="2026-03-15T00:06:45.569556929Z" level=error msg="failed to reload cni configuration after receiving fs change event(WRITE         \"/etc/cni/net.d/10-kindnet.conflist.temp\")" error="cni config load failed: no network config found in /etc/cni/net.d: cni plugin not initialized: failed to load cni config"
Mar 15 00:06:45 multi-node-worker2 containerd[105]: time="2026-03-15T00:06:45.570425449Z" level=error msg="failed to reload cni configuration after receiving fs change event(WRITE         \"/etc/cni/net.d/10-kindnet.conflist.temp\")" error="cni config load failed: no network config found in /etc/cni/net.d: cni plugin not initialized: failed to load cni config"
