Mar 15 00:04:30 multi-node-worker2 systemd-journald[90]: Journal started
Mar 15 00:04:30 multi-node-worker2 systemd-journald[90]: Runtime Journal (/run/log/journal/ea196396c34249468f1cc81624284896) is 8.0M, max 195.8M, 187.8M free.
Mar 15 00:04:30 multi-node-worker2 systemd[1]: Reached target sysinit.target - System Initialization.
Mar 15 00:04:30 multi-node-worker2 systemd[1]: Started systemd-tmpfiles-clean.timer - Daily Cleanup of Temporary Directories.
Mar 15 00:04:30 multi-node-worker2 systemd[1]: Reached target timers.target - Timer Units.
Mar 15 00:04:30 multi-node-worker2 systemd[1]: Starting systemd-journal-flush.service - Flush Journal to Persistent Storage...
Mar 15 00:04:30 multi-node-worker2 systemd[1]: systemd-pcrphase-sysinit.service - TPM2 PCR Barrier (Initialization) was skipped because of an unmet condition check (ConditionPathExists=/sys/firmware/efi/efivars/StubPcrKernelImage-4a67b082-0a4c-41cf-b6c7-440b29bb8c4f).
Mar 15 00:04:30 multi-node-worker2 systemd[1]: Reached target basic.target - Basic System.
Mar 15 00:04:30 multi-node-worker2 systemd[1]: systemd-pcrphase.service - TPM2 PCR Barrier (User) was skipped because of an unmet condition check (ConditionPathExists=/sys/firmware/efi/efivars/StubPcrKernelImage-4a67b082-0a4c-41cf-b6c7-440b29bb8c4f).
Mar 15 00:04:30 multi-node-worker2 systemd[1]: Starting undo-mount-hacks.service - Undo KIND mount hacks...
Mar 15 00:04:30 multi-node-worker2 systemd[1]: undo-mount-hacks.service: Deactivated successfully.
Mar 15 00:04:30 multi-node-worker2 systemd[1]: Finished undo-mount-hacks.service - Undo KIND mount hacks.
Mar 15 00:04:30 multi-node-worker2 systemd-journald[90]: Runtime Journal (/run/log/journal/ea196396c34249468f1cc81624284896) is 8.0M, max 195.8M, 187.8M free.
Mar 15 00:04:30 multi-node-worker2 systemd[1]: Starting containerd.service - containerd container runtime...
Mar 15 00:04:30 multi-node-worker2 systemd[1]: kubelet.service - kubelet: The Kubernetes Node Agent was skipped because of an unmet condition check (ConditionPathExists=/var/lib/kubelet/config.yaml).
Mar 15 00:04:30 multi-node-worker2 systemd[1]: Finished systemd-journal-flush.service - Flush Journal to Persistent Storage.
Mar 15 00:04:31 multi-node-worker2 containerd[105]: time="2026-03-15T00:04:31.494262512Z" level=info msg="starting containerd" revision=c507a0257ea6462fbd6f5ba4f5c74facb04021f4 version=v2.0.2
Mar 15 00:04:31 multi-node-worker2 containerd[105]: time="2026-03-15T00:04:31.727238639Z" level=warning msg="Configuration migrated from version 2, use `containerd config migrate` to avoid migration" t="515.86µs"
Mar 15 00:04:31 multi-node-worker2 containerd[105]: time="2026-03-15T00:04:31.727359479Z" level=info msg="loading plugin" id=io.containerd.image-verifier.v1.bindir type=io.containerd.image-verifier.v1
Mar 15 00:04:31 multi-node-worker2 containerd[105]: time="2026-03-15T00:04:31.727647261Z" level=info msg="loading plugin" id=io.containerd.internal.v1.opt type=io.containerd.internal.v1
Mar 15 00:04:31 multi-node-worker2 containerd[105]: time="2026-03-15T00:04:31.729567798Z" level=info msg="loading plugin" id=io.containerd.warning.v1.deprecations type=io.containerd.warning.v1
Mar 15 00:04:31 multi-node-worker2 containerd[105]: time="2026-03-15T00:04:31.730203234Z" level=info msg="loading plugin" id=io.containerd.content.v1.content type=io.containerd.content.v1
Mar 15 00:04:31 multi-node-worker2 containerd[105]: time="2026-03-15T00:04:31.732339094Z" level=info msg="loading plugin" id=io.containerd.snapshotter.v1.blockfile type=io.containerd.snapshotter.v1
Mar 15 00:04:31 multi-node-worker2 containerd[105]: time="2026-03-15T00:04:31.732660790Z" level=info msg="skip loading plugin" error="no scratch file generator: skip plugin" id=io.containerd.snapshotter.v1.blockfile type=io.containerd.snapshotter.v1
Mar 15 00:04:31 multi-node-worker2 containerd[105]: time="2026-03-15T00:04:31.732769489Z" level=info msg="loading plugin" id=io.containerd.snapshotter.v1.native type=io.containerd.snapshotter.v1
Mar 15 00:04:31 multi-node-worker2 containerd[105]: time="2026-03-15T00:04:31.732857041Z" level=info msg="loading plugin" id=io.containerd.snapshotter.v1.overlayfs type=io.containerd.snapshotter.v1
Mar 15 00:04:31 multi-node-worker2 containerd[105]: time="2026-03-15T00:04:31.734106122Z" level=info msg="loading plugin" id=io.containerd.event.v1.exchange type=io.containerd.event.v1
Mar 15 00:04:31 multi-node-worker2 containerd[105]: time="2026-03-15T00:04:31.734688600Z" level=info msg="loading plugin" id=io.containerd.monitor.task.v1.cgroups type=io.containerd.monitor.task.v1
Mar 15 00:04:31 multi-node-worker2 containerd[105]: time="2026-03-15T00:04:31.737422709Z" level=info msg="loading plugin" id=io.containerd.snapshotter.v1.fuse-overlayfs type=io.containerd.snapshotter.v1
Mar 15 00:04:31 multi-node-worker2 containerd[105]: time="2026-03-15T00:04:31.738263816Z" level=info msg="loading plugin" id=io.containerd.metadata.v1.bolt type=io.containerd.metadata.v1
Mar 15 00:04:31 multi-node-worker2 containerd[105]: time="2026-03-15T00:04:31.739687714Z" level=info msg="metadata content store policy set" policy=shared
Mar 15 00:04:31 multi-node-worker2 containerd[105]: time="2026-03-15T00:04:31.761272527Z" level=info msg="loading plugin" id=io.containerd.gc.v1.scheduler type=io.containerd.gc.v1
Mar 15 00:04:31 multi-node-worker2 containerd[105]: time="2026-03-15T00:04:31.761845609Z" level=info msg="loading plugin" id=io.containerd.differ.v1.walking type=io.containerd.differ.v1
Mar 15 00:04:31 multi-node-worker2 containerd[105]: time="2026-03-15T00:04:31.763351397Z" level=info msg="loading plugin" id=io.containerd.lease.v1.manager type=io.containerd.lease.v1
Mar 15 00:04:31 multi-node-worker2 containerd[105]: time="2026-03-15T00:04:31.763577847Z" level=info msg="loading plugin" id=io.containerd.service.v1.containers-service type=io.containerd.service.v1
Mar 15 00:04:31 multi-node-worker2 containerd[105]: time="2026-03-15T00:04:31.763607779Z" level=info msg="loading plugin" id=io.containerd.service.v1.content-service type=io.containerd.service.v1
Mar 15 00:04:31 multi-node-worker2 containerd[105]: time="2026-03-15T00:04:31.764636042Z" level=info msg="loading plugin" id=io.containerd.service.v1.diff-service type=io.containerd.service.v1
Mar 15 00:04:31 multi-node-worker2 containerd[105]: time="2026-03-15T00:04:31.764868442Z" level=info msg="loading plugin" id=io.containerd.service.v1.images-service type=io.containerd.service.v1
Mar 15 00:04:31 multi-node-worker2 containerd[105]: time="2026-03-15T00:04:31.764903943Z" level=info msg="loading plugin" id=io.containerd.service.v1.introspection-service type=io.containerd.service.v1
Mar 15 00:04:31 multi-node-worker2 containerd[105]: time="2026-03-15T00:04:31.764923252Z" level=info msg="loading plugin" id=io.containerd.service.v1.namespaces-service type=io.containerd.service.v1
Mar 15 00:04:31 multi-node-worker2 containerd[105]: time="2026-03-15T00:04:31.764938414Z" level=info msg="loading plugin" id=io.containerd.service.v1.snapshots-service type=io.containerd.service.v1
Mar 15 00:04:31 multi-node-worker2 containerd[105]: time="2026-03-15T00:04:31.765044339Z" level=info msg="loading plugin" id=io.containerd.shim.v1.manager type=io.containerd.shim.v1
Mar 15 00:04:31 multi-node-worker2 containerd[105]: time="2026-03-15T00:04:31.765074623Z" level=info msg="loading plugin" id=io.containerd.runtime.v2.task type=io.containerd.runtime.v2
Mar 15 00:04:31 multi-node-worker2 containerd[105]: time="2026-03-15T00:04:31.765435351Z" level=info msg="loading plugin" id=io.containerd.service.v1.tasks-service type=io.containerd.service.v1
Mar 15 00:04:31 multi-node-worker2 containerd[105]: time="2026-03-15T00:04:31.767615548Z" level=info msg="loading plugin" id=io.containerd.grpc.v1.containers type=io.containerd.grpc.v1
Mar 15 00:04:31 multi-node-worker2 containerd[105]: time="2026-03-15T00:04:31.784978662Z" level=info msg="loading plugin" id=io.containerd.grpc.v1.content type=io.containerd.grpc.v1
Mar 15 00:04:31 multi-node-worker2 containerd[105]: time="2026-03-15T00:04:31.785422868Z" level=info msg="loading plugin" id=io.containerd.grpc.v1.diff type=io.containerd.grpc.v1
Mar 15 00:04:31 multi-node-worker2 containerd[105]: time="2026-03-15T00:04:31.785608141Z" level=info msg="loading plugin" id=io.containerd.grpc.v1.events type=io.containerd.grpc.v1
Mar 15 00:04:31 multi-node-worker2 containerd[105]: time="2026-03-15T00:04:31.789947510Z" level=info msg="loading plugin" id=io.containerd.grpc.v1.images type=io.containerd.grpc.v1
Mar 15 00:04:31 multi-node-worker2 containerd[105]: time="2026-03-15T00:04:31.796351464Z" level=info msg="loading plugin" id=io.containerd.grpc.v1.introspection type=io.containerd.grpc.v1
Mar 15 00:04:31 multi-node-worker2 containerd[105]: time="2026-03-15T00:04:31.796560285Z" level=info msg="loading plugin" id=io.containerd.grpc.v1.leases type=io.containerd.grpc.v1
Mar 15 00:04:31 multi-node-worker2 containerd[105]: time="2026-03-15T00:04:31.796589699Z" level=info msg="loading plugin" id=io.containerd.grpc.v1.namespaces type=io.containerd.grpc.v1
Mar 15 00:04:31 multi-node-worker2 containerd[105]: time="2026-03-15T00:04:31.797371794Z" level=info msg="loading plugin" id=io.containerd.sandbox.store.v1.local type=io.containerd.sandbox.store.v1
Mar 15 00:04:31 multi-node-worker2 containerd[105]: time="2026-03-15T00:04:31.797505057Z" level=info msg="loading plugin" id=io.containerd.cri.v1.images type=io.containerd.cri.v1
Mar 15 00:04:31 multi-node-worker2 containerd[105]: time="2026-03-15T00:04:31.800409149Z" level=info msg="Get image filesystem path \"/var/lib/containerd/io.containerd.snapshotter.v1.overlayfs\" for snapshotter \"overlayfs\""
Mar 15 00:04:31 multi-node-worker2 containerd[105]: time="2026-03-15T00:04:31.800634224Z" level=info msg="Start snapshots syncer"
Mar 15 00:04:31 multi-node-worker2 containerd[105]: time="2026-03-15T00:04:31.801364944Z" level=info msg="loading plugin" id=io.containerd.cri.v1.runtime type=io.containerd.cri.v1
Mar 15 00:04:31 multi-node-worker2 containerd[105]: time="2026-03-15T00:04:31.804205637Z" level=warning msg="Ignoring unknown key in TOML for plugin" error="strict mode: fields in the document are missing in the target struct" key=tolerate_missing_hugepages_controller plugin=io.containerd.cri.v1.runtime
Mar 15 00:04:31 multi-node-worker2 containerd[105]: time="2026-03-15T00:04:31.810144114Z" level=info msg="starting cri plugin" config="{\"containerd\":{\"defaultRuntimeName\":\"runc\",\"runtimes\":{\"runc\":{\"runtimeType\":\"io.containerd.runc.v2\",\"runtimePath\":\"\",\"PodAnnotations\":null,\"ContainerAnnotations\":null,\"options\":{\"BinaryName\":\"\",\"CriuImagePath\":\"\",\"CriuWorkPath\":\"\",\"IoGid\":0,\"IoUid\":0,\"NoNewKeyring\":false,\"Root\":\"\",\"ShimCgroup\":\"\",\"SystemdCgroup\":true},\"privileged_without_host_devices\":false,\"privileged_without_host_devices_all_devices_allowed\":false,\"baseRuntimeSpec\":\"/etc/containerd/cri-base.json\",\"cniConfDir\":\"\",\"cniMaxConfNum\":0,\"snapshotter\":\"\",\"sandboxer\":\"podsandbox\",\"io_type\":\"\"},\"test-handler\":{\"runtimeType\":\"io.containerd.runc.v2\",\"runtimePath\":\"\",\"PodAnnotations\":null,\"ContainerAnnotations\":null,\"options\":{\"SystemdCgroup\":true},\"privileged_without_host_devices\":false,\"privileged_without_host_devices_all_devices_allowed\":false,\"baseRuntimeSpec\":\"/etc/containerd/cri-base.json\",\"cniConfDir\":\"\",\"cniMaxConfNum\":0,\"snapshotter\":\"\",\"sandboxer\":\"podsandbox\",\"io_type\":\"\"}},\"ignoreBlockIONotEnabledErrors\":false,\"ignoreRdtNotEnabledErrors\":false},\"cni\":{\"binDir\":\"/opt/cni/bin\",\"confDir\":\"/etc/cni/net.d\",\"maxConfNum\":1,\"setupSerially\":false,\"confTemplate\":\"\",\"ipPref\":\"\",\"useInternalLoopback\":false},\"enableSelinux\":false,\"selinuxCategoryRange\":1024,\"maxContainerLogSize\":16384,\"disableApparmor\":false,\"restrictOOMScoreAdj\":false,\"disableProcMount\":false,\"unsetSeccompProfile\":\"\",\"tolerateMissingHugetlbController\":true,\"disableHugetlbController\":true,\"device_ownership_from_security_context\":false,\"ignoreImageDefinedVolumes\":false,\"netnsMountsUnderStateDir\":false,\"enableUnprivilegedPorts\":true,\"enableUnprivilegedICMP\":true,\"enableCDI\":true,\"cdiSpecDirs\":[\"/etc/cdi\",\"/var/run/cdi\"],\"drainExecSyncIOTimeout\":\"0s\",\"ignoreDeprecationWarnings\":null,\"containerdRootDir\":\"/var/lib/containerd\",\"containerdEndpoint\":\"/run/containerd/containerd.sock\",\"rootDir\":\"/var/lib/containerd/io.containerd.grpc.v1.cri\",\"stateDir\":\"/run/containerd/io.containerd.grpc.v1.cri\"}"
Mar 15 00:04:31 multi-node-worker2 containerd[105]: time="2026-03-15T00:04:31.849727924Z" level=info msg="loading plugin" id=io.containerd.podsandbox.controller.v1.podsandbox type=io.containerd.podsandbox.controller.v1
Mar 15 00:04:31 multi-node-worker2 containerd[105]: time="2026-03-15T00:04:31.882860935Z" level=info msg="loading plugin" id=io.containerd.sandbox.controller.v1.shim type=io.containerd.sandbox.controller.v1
Mar 15 00:04:31 multi-node-worker2 containerd[105]: time="2026-03-15T00:04:31.883276021Z" level=info msg="loading plugin" id=io.containerd.grpc.v1.sandbox-controllers type=io.containerd.grpc.v1
Mar 15 00:04:31 multi-node-worker2 containerd[105]: time="2026-03-15T00:04:31.883320499Z" level=info msg="loading plugin" id=io.containerd.grpc.v1.sandboxes type=io.containerd.grpc.v1
Mar 15 00:04:31 multi-node-worker2 containerd[105]: time="2026-03-15T00:04:31.883338653Z" level=info msg="loading plugin" id=io.containerd.grpc.v1.snapshots type=io.containerd.grpc.v1
Mar 15 00:04:31 multi-node-worker2 containerd[105]: time="2026-03-15T00:04:31.883353300Z" level=info msg="loading plugin" id=io.containerd.streaming.v1.manager type=io.containerd.streaming.v1
Mar 15 00:04:31 multi-node-worker2 containerd[105]: time="2026-03-15T00:04:31.886870719Z" level=info msg="loading plugin" id=io.containerd.grpc.v1.streaming type=io.containerd.grpc.v1
Mar 15 00:04:31 multi-node-worker2 containerd[105]: time="2026-03-15T00:04:31.888759180Z" level=info msg="loading plugin" id=io.containerd.grpc.v1.tasks type=io.containerd.grpc.v1
Mar 15 00:04:31 multi-node-worker2 containerd[105]: time="2026-03-15T00:04:31.888913538Z" level=info msg="loading plugin" id=io.containerd.transfer.v1.local type=io.containerd.transfer.v1
Mar 15 00:04:31 multi-node-worker2 containerd[105]: time="2026-03-15T00:04:31.888998878Z" level=info msg="loading plugin" id=io.containerd.grpc.v1.transfer type=io.containerd.grpc.v1
Mar 15 00:04:31 multi-node-worker2 containerd[105]: time="2026-03-15T00:04:31.889022632Z" level=info msg="loading plugin" id=io.containerd.grpc.v1.version type=io.containerd.grpc.v1
Mar 15 00:04:31 multi-node-worker2 containerd[105]: time="2026-03-15T00:04:31.889037579Z" level=info msg="loading plugin" id=io.containerd.monitor.container.v1.restart type=io.containerd.monitor.container.v1
Mar 15 00:04:31 multi-node-worker2 containerd[105]: time="2026-03-15T00:04:31.889238415Z" level=info msg="loading plugin" id=io.containerd.tracing.processor.v1.otlp type=io.containerd.tracing.processor.v1
Mar 15 00:04:31 multi-node-worker2 containerd[105]: time="2026-03-15T00:04:31.889277138Z" level=info msg="skip loading plugin" error="skip plugin: tracing endpoint not configured" id=io.containerd.tracing.processor.v1.otlp type=io.containerd.tracing.processor.v1
Mar 15 00:04:31 multi-node-worker2 containerd[105]: time="2026-03-15T00:04:31.889567891Z" level=info msg="loading plugin" id=io.containerd.internal.v1.tracing type=io.containerd.internal.v1
Mar 15 00:04:31 multi-node-worker2 containerd[105]: time="2026-03-15T00:04:31.889624195Z" level=info msg="skip loading plugin" error="skip plugin: tracing endpoint not configured" id=io.containerd.internal.v1.tracing type=io.containerd.internal.v1
Mar 15 00:04:31 multi-node-worker2 containerd[105]: time="2026-03-15T00:04:31.889638381Z" level=info msg="loading plugin" id=io.containerd.ttrpc.v1.otelttrpc type=io.containerd.ttrpc.v1
Mar 15 00:04:31 multi-node-worker2 containerd[105]: time="2026-03-15T00:04:31.889909994Z" level=info msg="loading plugin" id=io.containerd.grpc.v1.healthcheck type=io.containerd.grpc.v1
Mar 15 00:04:31 multi-node-worker2 containerd[105]: time="2026-03-15T00:04:31.889953664Z" level=info msg="loading plugin" id=io.containerd.nri.v1.nri type=io.containerd.nri.v1
Mar 15 00:04:31 multi-node-worker2 containerd[105]: time="2026-03-15T00:04:31.892996166Z" level=info msg="runtime interface created"
Mar 15 00:04:31 multi-node-worker2 containerd[105]: time="2026-03-15T00:04:31.893095907Z" level=info msg="created NRI interface"
Mar 15 00:04:31 multi-node-worker2 containerd[105]: time="2026-03-15T00:04:31.893129028Z" level=info msg="loading plugin" id=io.containerd.grpc.v1.cri type=io.containerd.grpc.v1
Mar 15 00:04:31 multi-node-worker2 containerd[105]: time="2026-03-15T00:04:31.893167557Z" level=info msg="Connect containerd service"
Mar 15 00:04:31 multi-node-worker2 containerd[105]: time="2026-03-15T00:04:31.896761707Z" level=info msg="using experimental NRI integration - disable nri plugin to prevent this"
Mar 15 00:04:31 multi-node-worker2 containerd[105]: time="2026-03-15T00:04:31.913688730Z" level=error msg="failed to load cni during init, please check CRI plugin status before setting up network for pods" error="cni config load failed: no network config found in /etc/cni/net.d: cni plugin not initialized: failed to load cni config"
Mar 15 00:04:32 multi-node-worker2 containerd[105]: time="2026-03-15T00:04:32.860294396Z" level=info msg="Start subscribing containerd event"
Mar 15 00:04:32 multi-node-worker2 containerd[105]: time="2026-03-15T00:04:32.860469954Z" level=info msg="Start recovering state"
Mar 15 00:04:32 multi-node-worker2 containerd[105]: time="2026-03-15T00:04:32.860689097Z" level=info msg=serving... address=/run/containerd/containerd.sock.ttrpc
Mar 15 00:04:32 multi-node-worker2 containerd[105]: time="2026-03-15T00:04:32.860790940Z" level=info msg=serving... address=/run/containerd/containerd.sock
Mar 15 00:04:32 multi-node-worker2 containerd[105]: time="2026-03-15T00:04:32.870129712Z" level=warning msg="The image registry.k8s.io/etcd:3.5.16-0 is not unpacked."
Mar 15 00:04:32 multi-node-worker2 containerd[105]: time="2026-03-15T00:04:32.873367367Z" level=warning msg="The image registry.k8s.io/kube-apiserver-amd64:v1.32.2 is not unpacked."
Mar 15 00:04:32 multi-node-worker2 containerd[105]: time="2026-03-15T00:04:32.876654308Z" level=warning msg="The image registry.k8s.io/kube-apiserver:v1.32.2 is not unpacked."
Mar 15 00:04:32 multi-node-worker2 containerd[105]: time="2026-03-15T00:04:32.879598757Z" level=warning msg="The image registry.k8s.io/kube-controller-manager-amd64:v1.32.2 is not unpacked."
Mar 15 00:04:32 multi-node-worker2 containerd[105]: time="2026-03-15T00:04:32.881791411Z" level=warning msg="The image registry.k8s.io/kube-proxy-amd64:v1.32.2 is not unpacked."
Mar 15 00:04:32 multi-node-worker2 containerd[105]: time="2026-03-15T00:04:32.883040234Z" level=warning msg="The image registry.k8s.io/kube-controller-manager:v1.32.2 is not unpacked."
Mar 15 00:04:32 multi-node-worker2 containerd[105]: time="2026-03-15T00:04:32.890297686Z" level=warning msg="The image registry.k8s.io/kube-proxy:v1.32.2 is not unpacked."
Mar 15 00:04:32 multi-node-worker2 containerd[105]: time="2026-03-15T00:04:32.891870842Z" level=warning msg="The image registry.k8s.io/kube-scheduler-amd64:v1.32.2 is not unpacked."
Mar 15 00:04:32 multi-node-worker2 containerd[105]: time="2026-03-15T00:04:32.891897656Z" level=warning msg="The image sha256:f1332858868e1c6a905123b21e2e322ab45a5b99a3532e68ff49a87c2266ebc5 is not unpacked."
Mar 15 00:04:32 multi-node-worker2 containerd[105]: time="2026-03-15T00:04:32.891905225Z" level=warning msg="The image sha256:a9e7e6b294baf1695fccb862d956c5d3ad8510e1e4ca1535f35dc09f247abbfc is not unpacked."
Mar 15 00:04:32 multi-node-worker2 containerd[105]: time="2026-03-15T00:04:32.892026142Z" level=warning msg="The image docker.io/kindest/kindnetd:v20250214-acbabc1a is not unpacked."
Mar 15 00:04:32 multi-node-worker2 containerd[105]: time="2026-03-15T00:04:32.893266703Z" level=warning msg="The image sha256:d8e673e7c9983f1f53569a9d2ba786c8abb42e3f744f77dc97a595f3caf9435d is not unpacked."
Mar 15 00:04:32 multi-node-worker2 containerd[105]: time="2026-03-15T00:04:32.893559516Z" level=warning msg="The image sha256:df3849d954c98a7162c7bee7313ece357606e313d98ebd68b7aac5e961b1156f is not unpacked."
Mar 15 00:04:32 multi-node-worker2 containerd[105]: time="2026-03-15T00:04:32.893792004Z" level=warning msg="The image registry.k8s.io/kube-scheduler:v1.32.2 is not unpacked."
Mar 15 00:04:32 multi-node-worker2 containerd[105]: time="2026-03-15T00:04:32.894165196Z" level=warning msg="The image sha256:85b7a174738baecbc53029b7913cd430a2060e0cbdb5f56c7957d32ff7f241ef is not unpacked."
Mar 15 00:04:32 multi-node-worker2 containerd[105]: time="2026-03-15T00:04:32.894672502Z" level=warning msg="The image docker.io/kindest/local-path-provisioner:v20250214-acbabc1a is not unpacked."
Mar 15 00:04:32 multi-node-worker2 containerd[105]: time="2026-03-15T00:04:32.895008149Z" level=warning msg="The image sha256:c69fa2e9cbf5f42dc48af631e956d3f95724c13f91596bc567591790e5e36db6 is not unpacked."
Mar 15 00:04:32 multi-node-worker2 containerd[105]: time="2026-03-15T00:04:32.895856290Z" level=warning msg="The image registry.k8s.io/coredns/coredns:v1.11.3 is not unpacked."
Mar 15 00:04:32 multi-node-worker2 containerd[105]: time="2026-03-15T00:04:32.896482186Z" level=warning msg="The image sha256:b6a454c5a800d201daacead6ff195ec6049fe6dc086621b0670bca912efaf389 is not unpacked."
Mar 15 00:04:32 multi-node-worker2 containerd[105]: time="2026-03-15T00:04:32.897115672Z" level=warning msg="The image registry.k8s.io/pause:3.10 is not unpacked."
Mar 15 00:04:32 multi-node-worker2 containerd[105]: time="2026-03-15T00:04:32.897230132Z" level=warning msg="The image sha256:baa0d31514ee559c8962d6469a23315bcc8342cbbc1eccc49fa803dcd9653cb7 is not unpacked."
Mar 15 00:04:32 multi-node-worker2 containerd[105]: time="2026-03-15T00:04:32.897758306Z" level=warning msg="The image docker.io/kindest/local-path-helper:v20241212-8ac705d0 is not unpacked."
Mar 15 00:04:32 multi-node-worker2 containerd[105]: time="2026-03-15T00:04:32.898995744Z" level=warning msg="The image sha256:873ed75102791e5b0b8a7fcd41606c92fcec98d56d05ead4ac5131650004c136 is not unpacked."
Mar 15 00:04:32 multi-node-worker2 containerd[105]: time="2026-03-15T00:04:32.902593690Z" level=warning msg="The image sha256:bbb6209cc873b9b4095bd014b4687512eea2bd7b246f9ec06f4f6f0be14d9fb6 is not unpacked."
Mar 15 00:04:32 multi-node-worker2 containerd[105]: time="2026-03-15T00:04:32.961147938Z" level=info msg="Start event monitor"
Mar 15 00:04:32 multi-node-worker2 containerd[105]: time="2026-03-15T00:04:32.961619376Z" level=info msg="Start cni network conf syncer for default"
Mar 15 00:04:32 multi-node-worker2 containerd[105]: time="2026-03-15T00:04:32.961786325Z" level=info msg="Start streaming server"
Mar 15 00:04:32 multi-node-worker2 containerd[105]: time="2026-03-15T00:04:32.961888344Z" level=info msg="Registered namespace \"k8s.io\" with NRI"
Mar 15 00:04:32 multi-node-worker2 containerd[105]: time="2026-03-15T00:04:32.962447123Z" level=info msg="runtime interface starting up..."
Mar 15 00:04:32 multi-node-worker2 containerd[105]: time="2026-03-15T00:04:32.962574962Z" level=info msg="starting plugins..."
Mar 15 00:04:32 multi-node-worker2 containerd[105]: time="2026-03-15T00:04:32.962684725Z" level=info msg="Synchronizing NRI (plugin) with current runtime state"
Mar 15 00:04:32 multi-node-worker2 systemd[1]: Started containerd.service - containerd container runtime.
Mar 15 00:04:32 multi-node-worker2 systemd[1]: Reached target multi-user.target - Multi-User System.
Mar 15 00:04:32 multi-node-worker2 systemd[1]: Reached target graphical.target - Graphical Interface.
Mar 15 00:04:32 multi-node-worker2 containerd[105]: time="2026-03-15T00:04:32.968426134Z" level=info msg="containerd successfully booted in 1.480311s"
Mar 15 00:04:32 multi-node-worker2 systemd[1]: Starting systemd-update-utmp-runlevel.service - Record Runlevel Change in UTMP...
Mar 15 00:04:33 multi-node-worker2 systemd[1]: systemd-update-utmp-runlevel.service: Deactivated successfully.
Mar 15 00:04:33 multi-node-worker2 systemd[1]: Finished systemd-update-utmp-runlevel.service - Record Runlevel Change in UTMP.
Mar 15 00:04:33 multi-node-worker2 systemd[1]: Startup finished in 4.308s.
Mar 15 00:06:00 multi-node-worker2 systemd[1]: Reloading.
Mar 15 00:06:01 multi-node-worker2 systemd[1]: Starting kubelet.service - kubelet: The Kubernetes Node Agent...
Mar 15 00:06:01 multi-node-worker2 systemd[1]: Started kubelet.service - kubelet: The Kubernetes Node Agent.
Mar 15 00:06:03 multi-node-worker2 kubelet[207]: Flag --container-runtime-endpoint has been deprecated, This parameter should be set via the config file specified by the Kubelet's --config flag. See https://kubernetes.io/docs/tasks/administer-cluster/kubelet-config-file/ for more information.
Mar 15 00:06:03 multi-node-worker2 kubelet[207]: Flag --pod-infra-container-image has been deprecated, will be removed in 1.35. Image garbage collector will get sandbox image information from CRI.
Mar 15 00:06:03 multi-node-worker2 kubelet[207]: I0315 00:06:03.123875     207 server.go:215] "--pod-infra-container-image will not be pruned by the image garbage collector in kubelet and should also be set in the remote runtime"
Mar 15 00:06:05 multi-node-worker2 kubelet[207]: I0315 00:06:05.003952     207 server.go:520] "Kubelet version" kubeletVersion="v1.32.2"
Mar 15 00:06:05 multi-node-worker2 kubelet[207]: I0315 00:06:05.004044     207 server.go:522] "Golang settings" GOGC="" GOMAXPROCS="" GOTRACEBACK=""
Mar 15 00:06:05 multi-node-worker2 kubelet[207]: I0315 00:06:05.005670     207 server.go:954] "Client rotation is on, will bootstrap in background"
Mar 15 00:06:05 multi-node-worker2 kubelet[207]: I0315 00:06:05.037404     207 dynamic_cafile_content.go:161] "Starting controller" name="client-ca-bundle::/etc/kubernetes/pki/ca.crt"
Mar 15 00:06:05 multi-node-worker2 kubelet[207]: I0315 00:06:05.418655     207 server.go:1444] "Using cgroup driver setting received from the CRI runtime" cgroupDriver="systemd"
Mar 15 00:06:05 multi-node-worker2 kubelet[207]: I0315 00:06:05.451971     207 server.go:841] "NoSwap is set due to memorySwapBehavior not specified" memorySwapBehavior="" FailSwapOn=false
Mar 15 00:06:05 multi-node-worker2 kubelet[207]: I0315 00:06:05.452385     207 swap_util.go:115] "Swap is on" /proc/swaps contents=<
Mar 15 00:06:05 multi-node-worker2 kubelet[207]:         Filename                                Type                Size                Used                Priority
Mar 15 00:06:05 multi-node-worker2 kubelet[207]:         /dev/sdc                                partition        4194304                129540                -2
Mar 15 00:06:05 multi-node-worker2 kubelet[207]:  >
Mar 15 00:06:05 multi-node-worker2 kubelet[207]: I0315 00:06:05.453584     207 container_manager_linux.go:268] "Container manager verified user specified cgroup-root exists" cgroupRoot=["kubelet"]
Mar 15 00:06:05 multi-node-worker2 kubelet[207]: I0315 00:06:05.453632     207 container_manager_linux.go:273] "Creating Container Manager object based on Node Config" nodeConfig={"NodeName":"multi-node-worker2","RuntimeCgroupsName":"/system.slice/containerd.service","SystemCgroupsName":"","KubeletCgroupsName":"","KubeletOOMScoreAdj":-999,"ContainerRuntime":"","CgroupsPerQOS":true,"CgroupRoot":"/kubelet","CgroupDriver":"systemd","KubeletRootDir":"/var/lib/kubelet","ProtectKernelDefaults":false,"KubeReservedCgroupName":"","SystemReservedCgroupName":"","ReservedSystemCPUs":{},"EnforceNodeAllocatable":{"pods":{}},"KubeReserved":null,"SystemReserved":null,"HardEvictionThresholds":[],"QOSReserved":{},"CPUManagerPolicy":"none","CPUManagerPolicyOptions":null,"TopologyManagerScope":"container","CPUManagerReconcilePeriod":10000000000,"ExperimentalMemoryManagerPolicy":"None","ExperimentalMemoryManagerReservedMemory":null,"PodPidsLimit":-1,"EnforceCPULimits":true,"CPUCFSQuotaPeriod":100000000,"TopologyManagerPolicy":"none","TopologyManagerPolicyOptions":null,"CgroupVersion":2}
Mar 15 00:06:05 multi-node-worker2 kubelet[207]: I0315 00:06:05.453839     207 topology_manager.go:138] "Creating topology manager with none policy"
Mar 15 00:06:05 multi-node-worker2 kubelet[207]: I0315 00:06:05.453852     207 container_manager_linux.go:304] "Creating device plugin manager"
Mar 15 00:06:05 multi-node-worker2 kubelet[207]: I0315 00:06:05.454263     207 state_mem.go:36] "Initialized new in-memory state store"
Mar 15 00:06:05 multi-node-worker2 kubelet[207]: I0315 00:06:05.456001     207 kubelet.go:446] "Attempting to sync node with API server"
Mar 15 00:06:05 multi-node-worker2 kubelet[207]: I0315 00:06:05.458567     207 kubelet.go:341] "Adding static pod path" path="/etc/kubernetes/manifests"
Mar 15 00:06:05 multi-node-worker2 kubelet[207]: I0315 00:06:05.458662     207 kubelet.go:352] "Adding apiserver pod source"
Mar 15 00:06:05 multi-node-worker2 kubelet[207]: I0315 00:06:05.458690     207 apiserver.go:42] "Waiting for node sync before watching apiserver pods"
Mar 15 00:06:05 multi-node-worker2 kubelet[207]: I0315 00:06:05.472622     207 kuberuntime_manager.go:269] "Container runtime initialized" containerRuntime="containerd" version="v2.0.2" apiVersion="v1"
Mar 15 00:06:05 multi-node-worker2 kubelet[207]: I0315 00:06:05.473739     207 kubelet.go:890] "Not starting ClusterTrustBundle informer because we are in static kubelet mode"
Mar 15 00:06:05 multi-node-worker2 kubelet[207]: W0315 00:06:05.474329     207 probe.go:272] Flexvolume plugin directory at /usr/libexec/kubernetes/kubelet-plugins/volume/exec/ does not exist. Recreating.
Mar 15 00:06:05 multi-node-worker2 kubelet[207]: I0315 00:06:05.490146     207 watchdog_linux.go:99] "Systemd watchdog is not enabled"
Mar 15 00:06:05 multi-node-worker2 kubelet[207]: I0315 00:06:05.491315     207 server.go:1287] "Started kubelet"
Mar 15 00:06:05 multi-node-worker2 kubelet[207]: I0315 00:06:05.494968     207 server.go:169] "Starting to listen" address="0.0.0.0" port=10250
Mar 15 00:06:05 multi-node-worker2 kubelet[207]: I0315 00:06:05.522122     207 ratelimit.go:55] "Setting rate limiting for endpoint" service="podresources" qps=100 burstTokens=10
Mar 15 00:06:05 multi-node-worker2 kubelet[207]: I0315 00:06:05.540676     207 server.go:243] "Starting to serve the podresources API" endpoint="unix:/var/lib/kubelet/pod-resources/kubelet.sock"
Mar 15 00:06:05 multi-node-worker2 kubelet[207]: I0315 00:06:05.542276     207 server.go:479] "Adding debug handlers to kubelet server"
Mar 15 00:06:05 multi-node-worker2 kubelet[207]: I0315 00:06:05.547543     207 fs_resource_analyzer.go:67] "Starting FS ResourceAnalyzer"
Mar 15 00:06:05 multi-node-worker2 kubelet[207]: I0315 00:06:05.548687     207 dynamic_serving_content.go:135] "Starting controller" name="kubelet-server-cert-files::/var/lib/kubelet/pki/kubelet.crt::/var/lib/kubelet/pki/kubelet.key"
Mar 15 00:06:05 multi-node-worker2 kubelet[207]: E0315 00:06:05.554044     207 kubelet_node_status.go:467] "Error getting the current node from lister" err="node \"multi-node-worker2\" not found"
Mar 15 00:06:05 multi-node-worker2 kubelet[207]: I0315 00:06:05.555356     207 volume_manager.go:297] "Starting Kubelet Volume Manager"
Mar 15 00:06:05 multi-node-worker2 kubelet[207]: I0315 00:06:05.557504     207 desired_state_of_world_populator.go:149] "Desired state populator starts to run"
Mar 15 00:06:05 multi-node-worker2 kubelet[207]: I0315 00:06:05.563498     207 reconciler.go:26] "Reconciler: start to sync state"
Mar 15 00:06:05 multi-node-worker2 kubelet[207]: I0315 00:06:05.607375     207 factory.go:221] Registration of the containerd container factory successfully
Mar 15 00:06:05 multi-node-worker2 kubelet[207]: I0315 00:06:05.607422     207 factory.go:221] Registration of the systemd container factory successfully
Mar 15 00:06:05 multi-node-worker2 kubelet[207]: I0315 00:06:05.608087     207 factory.go:219] Registration of the crio container factory failed: Get "http://%2Fvar%2Frun%2Fcrio%2Fcrio.sock/info": dial unix /var/run/crio/crio.sock: connect: no such file or directory
Mar 15 00:06:05 multi-node-worker2 kubelet[207]: E0315 00:06:05.655890     207 kubelet_node_status.go:467] "Error getting the current node from lister" err="node \"multi-node-worker2\" not found"
Mar 15 00:06:05 multi-node-worker2 kubelet[207]: I0315 00:06:05.668693     207 cpu_manager.go:221] "Starting CPU manager" policy="none"
Mar 15 00:06:05 multi-node-worker2 kubelet[207]: I0315 00:06:05.668730     207 cpu_manager.go:222] "Reconciling" reconcilePeriod="10s"
Mar 15 00:06:05 multi-node-worker2 kubelet[207]: I0315 00:06:05.668757     207 state_mem.go:36] "Initialized new in-memory state store"
Mar 15 00:06:05 multi-node-worker2 kubelet[207]: I0315 00:06:05.677063     207 policy_none.go:49] "None policy: Start"
Mar 15 00:06:05 multi-node-worker2 kubelet[207]: I0315 00:06:05.677174     207 memory_manager.go:186] "Starting memorymanager" policy="None"
Mar 15 00:06:05 multi-node-worker2 kubelet[207]: I0315 00:06:05.677208     207 state_mem.go:35] "Initializing new in-memory state store"
Mar 15 00:06:05 multi-node-worker2 kubelet[207]: I0315 00:06:05.705261     207 kubelet_network_linux.go:50] "Initialized iptables rules." protocol="IPv4"
Mar 15 00:06:05 multi-node-worker2 kubelet[207]: I0315 00:06:05.720751     207 kubelet_network_linux.go:50] "Initialized iptables rules." protocol="IPv6"
Mar 15 00:06:05 multi-node-worker2 kubelet[207]: I0315 00:06:05.720877     207 status_manager.go:227] "Starting to sync pod status with apiserver"
Mar 15 00:06:05 multi-node-worker2 kubelet[207]: I0315 00:06:05.720910     207 watchdog_linux.go:127] "Systemd watchdog is not enabled or the interval is invalid, so health checking will not be started."
Mar 15 00:06:05 multi-node-worker2 kubelet[207]: I0315 00:06:05.720921     207 kubelet.go:2388] "Starting kubelet main sync loop"
Mar 15 00:06:05 multi-node-worker2 kubelet[207]: E0315 00:06:05.722983     207 kubelet.go:2412] "Skipping pod synchronization" err="[container runtime status check may not have completed yet, PLEG is not healthy: pleg has yet to be successful]"
Mar 15 00:06:05 multi-node-worker2 kubelet[207]: W0315 00:06:05.742127     207 reflector.go:569] k8s.io/client-go/informers/factory.go:160: failed to list *v1.Service: services is forbidden: User "system:anonymous" cannot list resource "services" in API group "" at the cluster scope
Mar 15 00:06:05 multi-node-worker2 kubelet[207]: E0315 00:06:05.742440     207 reflector.go:166] "Unhandled Error" err="k8s.io/client-go/informers/factory.go:160: Failed to watch *v1.Service: failed to list *v1.Service: services is forbidden: User \"system:anonymous\" cannot list resource \"services\" in API group \"\" at the cluster scope" logger="UnhandledError"
Mar 15 00:06:05 multi-node-worker2 kubelet[207]: E0315 00:06:05.742725     207 event.go:359] "Server rejected event (will not retry!)" err="events is forbidden: User \"system:anonymous\" cannot create resource \"events\" in API group \"\" in the namespace \"default\"" event="&Event{ObjectMeta:{multi-node-worker2.189cdb04767ad92a  default    0 0001-01-01 00:00:00 +0000 UTC <nil> <nil> map[] map[] [] [] []},InvolvedObject:ObjectReference{Kind:Node,Namespace:,Name:multi-node-worker2,UID:multi-node-worker2,APIVersion:,ResourceVersion:,FieldPath:,},Reason:Starting,Message:Starting kubelet.,Source:EventSource{Component:kubelet,Host:multi-node-worker2,},FirstTimestamp:2026-03-15 00:06:05.491247402 +0000 UTC m=+3.681986591,LastTimestamp:2026-03-15 00:06:05.491247402 +0000 UTC m=+3.681986591,Count:1,Type:Normal,EventTime:0001-01-01 00:00:00 +0000 UTC,Series:nil,Action:,Related:nil,ReportingController:kubelet,ReportingInstance:multi-node-worker2,}"
Mar 15 00:06:05 multi-node-worker2 kubelet[207]: W0315 00:06:05.745599     207 reflector.go:569] k8s.io/client-go/informers/factory.go:160: failed to list *v1.CSIDriver: csidrivers.storage.k8s.io is forbidden: User "system:anonymous" cannot list resource "csidrivers" in API group "storage.k8s.io" at the cluster scope
Mar 15 00:06:05 multi-node-worker2 kubelet[207]: E0315 00:06:05.745673     207 reflector.go:166] "Unhandled Error" err="k8s.io/client-go/informers/factory.go:160: Failed to watch *v1.CSIDriver: failed to list *v1.CSIDriver: csidrivers.storage.k8s.io is forbidden: User \"system:anonymous\" cannot list resource \"csidrivers\" in API group \"storage.k8s.io\" at the cluster scope" logger="UnhandledError"
Mar 15 00:06:05 multi-node-worker2 kubelet[207]: W0315 00:06:05.745953     207 reflector.go:569] k8s.io/client-go/informers/factory.go:160: failed to list *v1.Node: nodes "multi-node-worker2" is forbidden: User "system:anonymous" cannot list resource "nodes" in API group "" at the cluster scope
Mar 15 00:06:05 multi-node-worker2 kubelet[207]: E0315 00:06:05.746068     207 reflector.go:166] "Unhandled Error" err="k8s.io/client-go/informers/factory.go:160: Failed to watch *v1.Node: failed to list *v1.Node: nodes \"multi-node-worker2\" is forbidden: User \"system:anonymous\" cannot list resource \"nodes\" in API group \"\" at the cluster scope" logger="UnhandledError"
Mar 15 00:06:05 multi-node-worker2 kubelet[207]: E0315 00:06:05.746236     207 controller.go:145] "Failed to ensure lease exists, will retry" err="leases.coordination.k8s.io \"multi-node-worker2\" is forbidden: User \"system:anonymous\" cannot get resource \"leases\" in API group \"coordination.k8s.io\" in the namespace \"kube-node-lease\"" interval="200ms"
Mar 15 00:06:05 multi-node-worker2 kubelet[207]: E0315 00:06:05.757622     207 kubelet_node_status.go:467] "Error getting the current node from lister" err="node \"multi-node-worker2\" not found"
Mar 15 00:06:05 multi-node-worker2 systemd[1]: Created slice kubelet-kubepods.slice - libcontainer container kubelet-kubepods.slice.
Mar 15 00:06:05 multi-node-worker2 kubelet[207]: E0315 00:06:05.823702     207 kubelet.go:2412] "Skipping pod synchronization" err="container runtime status check may not have completed yet"
Mar 15 00:06:05 multi-node-worker2 systemd[1]: Created slice kubelet-kubepods-burstable.slice - libcontainer container kubelet-kubepods-burstable.slice.
Mar 15 00:06:05 multi-node-worker2 kubelet[207]: E0315 00:06:05.859937     207 kubelet_node_status.go:467] "Error getting the current node from lister" err="node \"multi-node-worker2\" not found"
Mar 15 00:06:05 multi-node-worker2 systemd[1]: Created slice kubelet-kubepods-besteffort.slice - libcontainer container kubelet-kubepods-besteffort.slice.
Mar 15 00:06:05 multi-node-worker2 kubelet[207]: I0315 00:06:05.916433     207 manager.go:519] "Failed to read data from checkpoint" checkpoint="kubelet_internal_checkpoint" err="checkpoint is not found"
Mar 15 00:06:05 multi-node-worker2 kubelet[207]: I0315 00:06:05.916630     207 eviction_manager.go:189] "Eviction manager: starting control loop"
Mar 15 00:06:05 multi-node-worker2 kubelet[207]: I0315 00:06:05.916723     207 container_log_manager.go:189] "Initializing container log rotate workers" workers=1 monitorPeriod="10s"
Mar 15 00:06:05 multi-node-worker2 kubelet[207]: I0315 00:06:05.917963     207 plugin_manager.go:118] "Starting Kubelet Plugin Manager"
Mar 15 00:06:05 multi-node-worker2 kubelet[207]: E0315 00:06:05.924842     207 event.go:359] "Server rejected event (will not retry!)" err="events is forbidden: User \"system:anonymous\" cannot create resource \"events\" in API group \"\" in the namespace \"default\"" event="&Event{ObjectMeta:{multi-node-worker2.189cdb04801d4efd  default    0 0001-01-01 00:00:00 +0000 UTC <nil> <nil> map[] map[] [] [] []},InvolvedObject:ObjectReference{Kind:Node,Namespace:,Name:multi-node-worker2,UID:multi-node-worker2,APIVersion:,ResourceVersion:,FieldPath:,},Reason:NodeHasSufficientMemory,Message:Node multi-node-worker2 status is now: NodeHasSufficientMemory,Source:EventSource{Component:kubelet,Host:multi-node-worker2,},FirstTimestamp:2026-03-15 00:06:05.652889341 +0000 UTC m=+3.843628527,LastTimestamp:2026-03-15 00:06:05.652889341 +0000 UTC m=+3.843628527,Count:1,Type:Normal,EventTime:0001-01-01 00:00:00 +0000 UTC,Series:nil,Action:,Related:nil,ReportingController:kubelet,ReportingInstance:multi-node-worker2,}"
Mar 15 00:06:05 multi-node-worker2 kubelet[207]: E0315 00:06:05.936604     207 eviction_manager.go:267] "eviction manager: failed to check if we have separate container filesystem. Ignoring." err="no imagefs label for configured runtime"
Mar 15 00:06:05 multi-node-worker2 kubelet[207]: E0315 00:06:05.939205     207 eviction_manager.go:292] "Eviction manager: failed to get summary stats" err="failed to get node info: node \"multi-node-worker2\" not found"
Mar 15 00:06:06 multi-node-worker2 kubelet[207]: W0315 00:06:06.003585     207 reflector.go:569] k8s.io/client-go/informers/factory.go:160: failed to list *v1.RuntimeClass: runtimeclasses.node.k8s.io is forbidden: User "system:anonymous" cannot list resource "runtimeclasses" in API group "node.k8s.io" at the cluster scope
Mar 15 00:06:06 multi-node-worker2 kubelet[207]: E0315 00:06:06.004693     207 reflector.go:166] "Unhandled Error" err="k8s.io/client-go/informers/factory.go:160: Failed to watch *v1.RuntimeClass: failed to list *v1.RuntimeClass: runtimeclasses.node.k8s.io is forbidden: User \"system:anonymous\" cannot list resource \"runtimeclasses\" in API group \"node.k8s.io\" at the cluster scope" logger="UnhandledError"
Mar 15 00:06:06 multi-node-worker2 kubelet[207]: I0315 00:06:06.020200     207 kubelet_node_status.go:76] "Attempting to register node" node="multi-node-worker2"
Mar 15 00:06:06 multi-node-worker2 kubelet[207]: E0315 00:06:06.052804     207 controller.go:145] "Failed to ensure lease exists, will retry" err="leases.coordination.k8s.io \"multi-node-worker2\" is forbidden: User \"system:anonymous\" cannot get resource \"leases\" in API group \"coordination.k8s.io\" in the namespace \"kube-node-lease\"" interval="400ms"
Mar 15 00:06:06 multi-node-worker2 kubelet[207]: E0315 00:06:06.054406     207 event.go:359] "Server rejected event (will not retry!)" err="events is forbidden: User \"system:anonymous\" cannot create resource \"events\" in API group \"\" in the namespace \"default\"" event="&Event{ObjectMeta:{multi-node-worker2.189cdb04801d7c13  default    0 0001-01-01 00:00:00 +0000 UTC <nil> <nil> map[] map[] [] [] []},InvolvedObject:ObjectReference{Kind:Node,Namespace:,Name:multi-node-worker2,UID:multi-node-worker2,APIVersion:,ResourceVersion:,FieldPath:,},Reason:NodeHasNoDiskPressure,Message:Node multi-node-worker2 status is now: NodeHasNoDiskPressure,Source:EventSource{Component:kubelet,Host:multi-node-worker2,},FirstTimestamp:2026-03-15 00:06:05.652900883 +0000 UTC m=+3.843640069,LastTimestamp:2026-03-15 00:06:05.652900883 +0000 UTC m=+3.843640069,Count:1,Type:Normal,EventTime:0001-01-01 00:00:00 +0000 UTC,Series:nil,Action:,Related:nil,ReportingController:kubelet,ReportingInstance:multi-node-worker2,}"
Mar 15 00:06:06 multi-node-worker2 kubelet[207]: E0315 00:06:06.082948     207 event.go:359] "Server rejected event (will not retry!)" err="events is forbidden: User \"system:anonymous\" cannot create resource \"events\" in API group \"\" in the namespace \"default\"" event="&Event{ObjectMeta:{multi-node-worker2.189cdb04801d8e1d  default    0 0001-01-01 00:00:00 +0000 UTC <nil> <nil> map[] map[] [] [] []},InvolvedObject:ObjectReference{Kind:Node,Namespace:,Name:multi-node-worker2,UID:multi-node-worker2,APIVersion:,ResourceVersion:,FieldPath:,},Reason:NodeHasSufficientPID,Message:Node multi-node-worker2 status is now: NodeHasSufficientPID,Source:EventSource{Component:kubelet,Host:multi-node-worker2,},FirstTimestamp:2026-03-15 00:06:05.652905501 +0000 UTC m=+3.843644688,LastTimestamp:2026-03-15 00:06:05.652905501 +0000 UTC m=+3.843644688,Count:1,Type:Normal,EventTime:0001-01-01 00:00:00 +0000 UTC,Series:nil,Action:,Related:nil,ReportingController:kubelet,ReportingInstance:multi-node-worker2,}"
Mar 15 00:06:06 multi-node-worker2 kubelet[207]: E0315 00:06:06.085623     207 kubelet_node_status.go:114] "Unable to register node with API server, error getting existing node" err="nodes \"multi-node-worker2\" is forbidden: User \"system:anonymous\" cannot get resource \"nodes\" in API group \"\" at the cluster scope" node="multi-node-worker2"
Mar 15 00:06:06 multi-node-worker2 kubelet[207]: I0315 00:06:06.292993     207 kubelet_node_status.go:76] "Attempting to register node" node="multi-node-worker2"
Mar 15 00:06:06 multi-node-worker2 kubelet[207]: I0315 00:06:06.400994     207 kubelet_node_status.go:79] "Successfully registered node" node="multi-node-worker2"
Mar 15 00:06:06 multi-node-worker2 kubelet[207]: E0315 00:06:06.401112     207 kubelet_node_status.go:549] "Error updating node status, will retry" err="error getting node \"multi-node-worker2\": node \"multi-node-worker2\" not found"
Mar 15 00:06:06 multi-node-worker2 kubelet[207]: E0315 00:06:06.491966     207 kubelet_node_status.go:467] "Error getting the current node from lister" err="node \"multi-node-worker2\" not found"
Mar 15 00:06:06 multi-node-worker2 kubelet[207]: E0315 00:06:06.592206     207 kubelet_node_status.go:467] "Error getting the current node from lister" err="node \"multi-node-worker2\" not found"
Mar 15 00:06:06 multi-node-worker2 kubelet[207]: E0315 00:06:06.693351     207 kubelet_node_status.go:467] "Error getting the current node from lister" err="node \"multi-node-worker2\" not found"
Mar 15 00:06:06 multi-node-worker2 kubelet[207]: E0315 00:06:06.799125     207 kubelet_node_status.go:467] "Error getting the current node from lister" err="node \"multi-node-worker2\" not found"
Mar 15 00:06:06 multi-node-worker2 kubelet[207]: E0315 00:06:06.900239     207 kubelet_node_status.go:467] "Error getting the current node from lister" err="node \"multi-node-worker2\" not found"
Mar 15 00:06:07 multi-node-worker2 kubelet[207]: E0315 00:06:07.000839     207 kubelet_node_status.go:467] "Error getting the current node from lister" err="node \"multi-node-worker2\" not found"
Mar 15 00:06:07 multi-node-worker2 kubelet[207]: I0315 00:06:07.010703     207 transport.go:147] "Certificate rotation detected, shutting down client connections to start using new credentials"
Mar 15 00:06:07 multi-node-worker2 kubelet[207]: E0315 00:06:07.013615     207 event.go:368] "Unable to write event (may retry after sleeping)" err="Patch \"https://multi-node-control-plane:6443/api/v1/namespaces/default/events/multi-node-worker2.189cdb04801d4efd\": read tcp 172.18.0.3:59728->172.18.0.2:6443: use of closed network connection" event="&Event{ObjectMeta:{multi-node-worker2.189cdb04801d4efd  default   470 0 0001-01-01 00:00:00 +0000 UTC <nil> <nil> map[] map[] [] [] []},InvolvedObject:ObjectReference{Kind:Node,Namespace:,Name:multi-node-worker2,UID:multi-node-worker2,APIVersion:,ResourceVersion:,FieldPath:,},Reason:NodeHasSufficientMemory,Message:Node multi-node-worker2 status is now: NodeHasSufficientMemory,Source:EventSource{Component:kubelet,Host:multi-node-worker2,},FirstTimestamp:2026-03-15 00:06:05 +0000 UTC,LastTimestamp:2026-03-15 00:06:06.292890361 +0000 UTC m=+4.483629550,Count:3,Type:Normal,EventTime:0001-01-01 00:00:00 +0000 UTC,Series:nil,Action:,Related:nil,ReportingController:kubelet,ReportingInstance:multi-node-worker2,}"
Mar 15 00:06:07 multi-node-worker2 kubelet[207]: E0315 00:06:07.101379     207 kubelet_node_status.go:467] "Error getting the current node from lister" err="node \"multi-node-worker2\" not found"
Mar 15 00:06:07 multi-node-worker2 kubelet[207]: E0315 00:06:07.202229     207 kubelet_node_status.go:467] "Error getting the current node from lister" err="node \"multi-node-worker2\" not found"
Mar 15 00:06:07 multi-node-worker2 kubelet[207]: E0315 00:06:07.303750     207 kubelet_node_status.go:467] "Error getting the current node from lister" err="node \"multi-node-worker2\" not found"
Mar 15 00:06:07 multi-node-worker2 kubelet[207]: E0315 00:06:07.416228     207 kubelet_node_status.go:467] "Error getting the current node from lister" err="node \"multi-node-worker2\" not found"
Mar 15 00:06:07 multi-node-worker2 kubelet[207]: E0315 00:06:07.520480     207 kubelet_node_status.go:467] "Error getting the current node from lister" err="node \"multi-node-worker2\" not found"
Mar 15 00:06:07 multi-node-worker2 kubelet[207]: E0315 00:06:07.621411     207 kubelet_node_status.go:467] "Error getting the current node from lister" err="node \"multi-node-worker2\" not found"
Mar 15 00:06:07 multi-node-worker2 kubelet[207]: E0315 00:06:07.728919     207 kubelet_node_status.go:467] "Error getting the current node from lister" err="node \"multi-node-worker2\" not found"
Mar 15 00:06:07 multi-node-worker2 kubelet[207]: E0315 00:06:07.835280     207 kubelet_node_status.go:467] "Error getting the current node from lister" err="node \"multi-node-worker2\" not found"
Mar 15 00:06:07 multi-node-worker2 kubelet[207]: E0315 00:06:07.936487     207 kubelet_node_status.go:467] "Error getting the current node from lister" err="node \"multi-node-worker2\" not found"
Mar 15 00:06:08 multi-node-worker2 kubelet[207]: E0315 00:06:08.037031     207 kubelet_node_status.go:467] "Error getting the current node from lister" err="node \"multi-node-worker2\" not found"
Mar 15 00:06:08 multi-node-worker2 kubelet[207]: I0315 00:06:08.148614     207 kuberuntime_manager.go:1702] "Updating runtime config through cri with podcidr" CIDR="10.244.1.0/24"
Mar 15 00:06:08 multi-node-worker2 containerd[105]: time="2026-03-15T00:06:08.150118155Z" level=info msg="No cni config template is specified, wait for other system components to drop the config."
Mar 15 00:06:08 multi-node-worker2 kubelet[207]: I0315 00:06:08.155681     207 kubelet_network.go:61] "Updating Pod CIDR" originalPodCIDR="" newPodCIDR="10.244.1.0/24"
Mar 15 00:06:08 multi-node-worker2 kubelet[207]: I0315 00:06:08.461961     207 apiserver.go:52] "Watching apiserver"
Mar 15 00:06:08 multi-node-worker2 kubelet[207]: I0315 00:06:08.959968     207 desired_state_of_world_populator.go:157] "Finished populating initial desired state of world"
Mar 15 00:06:08 multi-node-worker2 systemd[1]: Created slice kubelet-kubepods-pod51780832_4290_48be_9895_5d80c439b17e.slice - libcontainer container kubelet-kubepods-pod51780832_4290_48be_9895_5d80c439b17e.slice.
Mar 15 00:06:09 multi-node-worker2 systemd[1]: Created slice kubelet-kubepods-besteffort-pod75937331_8c92_45aa_bd9a_615f52f8506e.slice - libcontainer container kubelet-kubepods-besteffort-pod75937331_8c92_45aa_bd9a_615f52f8506e.slice.
Mar 15 00:06:09 multi-node-worker2 kubelet[207]: I0315 00:06:08.997183     207 reconciler_common.go:251] "operationExecutor.VerifyControllerAttachedVolume started for volume \"kube-proxy\" (UniqueName: \"kubernetes.io/configmap/75937331-8c92-45aa-bd9a-615f52f8506e-kube-proxy\") pod \"kube-proxy-d9xkn\" (UID: \"75937331-8c92-45aa-bd9a-615f52f8506e\") " pod="kube-system/kube-proxy-d9xkn"
Mar 15 00:06:09 multi-node-worker2 kubelet[207]: I0315 00:06:09.022849     207 reconciler_common.go:251] "operationExecutor.VerifyControllerAttachedVolume started for volume \"xtables-lock\" (UniqueName: \"kubernetes.io/host-path/75937331-8c92-45aa-bd9a-615f52f8506e-xtables-lock\") pod \"kube-proxy-d9xkn\" (UID: \"75937331-8c92-45aa-bd9a-615f52f8506e\") " pod="kube-system/kube-proxy-d9xkn"
Mar 15 00:06:09 multi-node-worker2 kubelet[207]: I0315 00:06:09.023137     207 reconciler_common.go:251] "operationExecutor.VerifyControllerAttachedVolume started for volume \"lib-modules\" (UniqueName: \"kubernetes.io/host-path/75937331-8c92-45aa-bd9a-615f52f8506e-lib-modules\") pod \"kube-proxy-d9xkn\" (UID: \"75937331-8c92-45aa-bd9a-615f52f8506e\") " pod="kube-system/kube-proxy-d9xkn"
Mar 15 00:06:09 multi-node-worker2 kubelet[207]: I0315 00:06:09.023651     207 reconciler_common.go:251] "operationExecutor.VerifyControllerAttachedVolume started for volume \"kube-api-access-r4m5f\" (UniqueName: \"kubernetes.io/projected/75937331-8c92-45aa-bd9a-615f52f8506e-kube-api-access-r4m5f\") pod \"kube-proxy-d9xkn\" (UID: \"75937331-8c92-45aa-bd9a-615f52f8506e\") " pod="kube-system/kube-proxy-d9xkn"
Mar 15 00:06:09 multi-node-worker2 kubelet[207]: I0315 00:06:09.023703     207 reconciler_common.go:251] "operationExecutor.VerifyControllerAttachedVolume started for volume \"cni-cfg\" (UniqueName: \"kubernetes.io/host-path/51780832-4290-48be-9895-5d80c439b17e-cni-cfg\") pod \"kindnet-sxs6p\" (UID: \"51780832-4290-48be-9895-5d80c439b17e\") " pod="kube-system/kindnet-sxs6p"
Mar 15 00:06:09 multi-node-worker2 kubelet[207]: I0315 00:06:09.023858     207 reconciler_common.go:251] "operationExecutor.VerifyControllerAttachedVolume started for volume \"xtables-lock\" (UniqueName: \"kubernetes.io/host-path/51780832-4290-48be-9895-5d80c439b17e-xtables-lock\") pod \"kindnet-sxs6p\" (UID: \"51780832-4290-48be-9895-5d80c439b17e\") " pod="kube-system/kindnet-sxs6p"
Mar 15 00:06:09 multi-node-worker2 kubelet[207]: I0315 00:06:09.023889     207 reconciler_common.go:251] "operationExecutor.VerifyControllerAttachedVolume started for volume \"lib-modules\" (UniqueName: \"kubernetes.io/host-path/51780832-4290-48be-9895-5d80c439b17e-lib-modules\") pod \"kindnet-sxs6p\" (UID: \"51780832-4290-48be-9895-5d80c439b17e\") " pod="kube-system/kindnet-sxs6p"
Mar 15 00:06:09 multi-node-worker2 kubelet[207]: I0315 00:06:09.024025     207 reconciler_common.go:251] "operationExecutor.VerifyControllerAttachedVolume started for volume \"kube-api-access-8d78p\" (UniqueName: \"kubernetes.io/projected/51780832-4290-48be-9895-5d80c439b17e-kube-api-access-8d78p\") pod \"kindnet-sxs6p\" (UID: \"51780832-4290-48be-9895-5d80c439b17e\") " pod="kube-system/kindnet-sxs6p"
Mar 15 00:06:10 multi-node-worker2 containerd[105]: time="2026-03-15T00:06:10.040577048Z" level=info msg="RunPodSandbox for &PodSandboxMetadata{Name:kindnet-sxs6p,Uid:51780832-4290-48be-9895-5d80c439b17e,Namespace:kube-system,Attempt:0,}"
Mar 15 00:06:10 multi-node-worker2 containerd[105]: time="2026-03-15T00:06:10.616124956Z" level=info msg="RunPodSandbox for &PodSandboxMetadata{Name:kube-proxy-d9xkn,Uid:75937331-8c92-45aa-bd9a-615f52f8506e,Namespace:kube-system,Attempt:0,}"
Mar 15 00:06:12 multi-node-worker2 systemd[1]: var-lib-containerd-tmpmounts-containerd\x2dmount713096099.mount: Deactivated successfully.
Mar 15 00:06:12 multi-node-worker2 systemd[1]: var-lib-containerd-tmpmounts-containerd\x2dmount2723560270.mount: Deactivated successfully.
Mar 15 00:06:14 multi-node-worker2 containerd[105]: time="2026-03-15T00:06:14.797008852Z" level=info msg="connecting to shim cc56b4aaa00de91cb927972069e3121ee156a13ab537a7e2f46749d243767165" address="unix:///run/containerd/s/40507c8610ce37e9bf954c4180d723dd468741e41d62231b0faed131b60165c5" namespace=k8s.io protocol=ttrpc version=3
Mar 15 00:06:14 multi-node-worker2 containerd[105]: time="2026-03-15T00:06:14.878619321Z" level=info msg="connecting to shim 5ca5a04702288ea7decc9eb5f38ad43713836609ee7c5397c36cd44bc5f585a1" address="unix:///run/containerd/s/39ede8f0aad26ad4527628cdbf9d160dfcc1254e81d7cb20ef9e6818611bb560" namespace=k8s.io protocol=ttrpc version=3
Mar 15 00:06:16 multi-node-worker2 systemd[1]: Started cri-containerd-cc56b4aaa00de91cb927972069e3121ee156a13ab537a7e2f46749d243767165.scope - libcontainer container cc56b4aaa00de91cb927972069e3121ee156a13ab537a7e2f46749d243767165.
Mar 15 00:06:16 multi-node-worker2 systemd[1]: Started cri-containerd-5ca5a04702288ea7decc9eb5f38ad43713836609ee7c5397c36cd44bc5f585a1.scope - libcontainer container 5ca5a04702288ea7decc9eb5f38ad43713836609ee7c5397c36cd44bc5f585a1.
Mar 15 00:06:17 multi-node-worker2 containerd[105]: time="2026-03-15T00:06:17.514014233Z" level=info msg="RunPodSandbox for &PodSandboxMetadata{Name:kube-proxy-d9xkn,Uid:75937331-8c92-45aa-bd9a-615f52f8506e,Namespace:kube-system,Attempt:0,} returns sandbox id \"cc56b4aaa00de91cb927972069e3121ee156a13ab537a7e2f46749d243767165\""
Mar 15 00:06:17 multi-node-worker2 containerd[105]: time="2026-03-15T00:06:17.720308777Z" level=info msg="CreateContainer within sandbox \"cc56b4aaa00de91cb927972069e3121ee156a13ab537a7e2f46749d243767165\" for container &ContainerMetadata{Name:kube-proxy,Attempt:0,}"
Mar 15 00:06:18 multi-node-worker2 containerd[105]: time="2026-03-15T00:06:18.308416237Z" level=info msg="RunPodSandbox for &PodSandboxMetadata{Name:kindnet-sxs6p,Uid:51780832-4290-48be-9895-5d80c439b17e,Namespace:kube-system,Attempt:0,} returns sandbox id \"5ca5a04702288ea7decc9eb5f38ad43713836609ee7c5397c36cd44bc5f585a1\""
Mar 15 00:06:18 multi-node-worker2 containerd[105]: time="2026-03-15T00:06:18.322709435Z" level=info msg="CreateContainer within sandbox \"5ca5a04702288ea7decc9eb5f38ad43713836609ee7c5397c36cd44bc5f585a1\" for container &ContainerMetadata{Name:kindnet-cni,Attempt:0,}"
Mar 15 00:06:23 multi-node-worker2 systemd[1]: var-lib-containerd-tmpmounts-containerd\x2dmount3158073589.mount: Deactivated successfully.
Mar 15 00:06:24 multi-node-worker2 systemd[1]: var-lib-containerd-tmpmounts-containerd\x2dmount3217015700.mount: Deactivated successfully.
Mar 15 00:06:31 multi-node-worker2 systemd[1]: var-lib-containerd-tmpmounts-containerd\x2dmount3199804364.mount: Deactivated successfully.
Mar 15 00:06:31 multi-node-worker2 systemd[1]: var-lib-containerd-tmpmounts-containerd\x2dmount4087500584.mount: Deactivated successfully.
Mar 15 00:06:31 multi-node-worker2 containerd[105]: time="2026-03-15T00:06:31.472967464Z" level=info msg="Container f61fe97e1b62330669eda338caef9f3b54254a1323f46b861f38322c72fdb597: CDI devices from CRI Config.CDIDevices: []"
Mar 15 00:06:31 multi-node-worker2 containerd[105]: time="2026-03-15T00:06:31.606340431Z" level=info msg="CreateContainer within sandbox \"cc56b4aaa00de91cb927972069e3121ee156a13ab537a7e2f46749d243767165\" for &ContainerMetadata{Name:kube-proxy,Attempt:0,} returns container id \"f61fe97e1b62330669eda338caef9f3b54254a1323f46b861f38322c72fdb597\""
Mar 15 00:06:31 multi-node-worker2 containerd[105]: time="2026-03-15T00:06:31.612116161Z" level=info msg="StartContainer for \"f61fe97e1b62330669eda338caef9f3b54254a1323f46b861f38322c72fdb597\""
Mar 15 00:06:31 multi-node-worker2 containerd[105]: time="2026-03-15T00:06:31.654920219Z" level=info msg="connecting to shim f61fe97e1b62330669eda338caef9f3b54254a1323f46b861f38322c72fdb597" address="unix:///run/containerd/s/40507c8610ce37e9bf954c4180d723dd468741e41d62231b0faed131b60165c5" protocol=ttrpc version=3
Mar 15 00:06:31 multi-node-worker2 systemd[1]: Started cri-containerd-f61fe97e1b62330669eda338caef9f3b54254a1323f46b861f38322c72fdb597.scope - libcontainer container f61fe97e1b62330669eda338caef9f3b54254a1323f46b861f38322c72fdb597.
Mar 15 00:06:32 multi-node-worker2 containerd[105]: time="2026-03-15T00:06:32.569010975Z" level=info msg="Container 3d1646e7265dd54505edc7392de013d215bbc9beacd025957b4fd1fbca09e175: CDI devices from CRI Config.CDIDevices: []"
Mar 15 00:06:32 multi-node-worker2 systemd[1]: var-lib-containerd-tmpmounts-containerd\x2dmount4150679.mount: Deactivated successfully.
Mar 15 00:06:32 multi-node-worker2 containerd[105]: time="2026-03-15T00:06:32.605681311Z" level=info msg="CreateContainer within sandbox \"5ca5a04702288ea7decc9eb5f38ad43713836609ee7c5397c36cd44bc5f585a1\" for &ContainerMetadata{Name:kindnet-cni,Attempt:0,} returns container id \"3d1646e7265dd54505edc7392de013d215bbc9beacd025957b4fd1fbca09e175\""
Mar 15 00:06:32 multi-node-worker2 containerd[105]: time="2026-03-15T00:06:32.614118098Z" level=info msg="StartContainer for \"3d1646e7265dd54505edc7392de013d215bbc9beacd025957b4fd1fbca09e175\""
Mar 15 00:06:32 multi-node-worker2 containerd[105]: time="2026-03-15T00:06:32.629174860Z" level=info msg="StartContainer for \"f61fe97e1b62330669eda338caef9f3b54254a1323f46b861f38322c72fdb597\" returns successfully"
Mar 15 00:06:32 multi-node-worker2 containerd[105]: time="2026-03-15T00:06:32.637043404Z" level=info msg="connecting to shim 3d1646e7265dd54505edc7392de013d215bbc9beacd025957b4fd1fbca09e175" address="unix:///run/containerd/s/39ede8f0aad26ad4527628cdbf9d160dfcc1254e81d7cb20ef9e6818611bb560" protocol=ttrpc version=3
Mar 15 00:06:32 multi-node-worker2 systemd[1]: Started cri-containerd-3d1646e7265dd54505edc7392de013d215bbc9beacd025957b4fd1fbca09e175.scope - libcontainer container 3d1646e7265dd54505edc7392de013d215bbc9beacd025957b4fd1fbca09e175.
Mar 15 00:06:33 multi-node-worker2 containerd[105]: time="2026-03-15T00:06:33.775586520Z" level=info msg="StartContainer for \"3d1646e7265dd54505edc7392de013d215bbc9beacd025957b4fd1fbca09e175\" returns successfully"
Mar 15 00:06:34 multi-node-worker2 kubelet[207]: I0315 00:06:34.164988     207 pod_startup_latency_tracker.go:104] "Observed pod startup duration" pod="kube-system/kindnet-sxs6p" podStartSLOduration=27.164960278 podStartE2EDuration="27.164960278s" podCreationTimestamp="2026-03-15 00:06:07 +0000 UTC" firstStartedPulling="0001-01-01 00:00:00 +0000 UTC" lastFinishedPulling="0001-01-01 00:00:00 +0000 UTC" observedRunningTime="2026-03-15 00:06:34.160742946 +0000 UTC m=+32.357579178" watchObservedRunningTime="2026-03-15 00:06:34.164960278 +0000 UTC m=+32.361796510"
Mar 15 00:06:34 multi-node-worker2 kubelet[207]: I0315 00:06:34.165156     207 pod_startup_latency_tracker.go:104] "Observed pod startup duration" pod="kube-system/kube-proxy-d9xkn" podStartSLOduration=27.165150132 podStartE2EDuration="27.165150132s" podCreationTimestamp="2026-03-15 00:06:07 +0000 UTC" firstStartedPulling="0001-01-01 00:00:00 +0000 UTC" lastFinishedPulling="0001-01-01 00:00:00 +0000 UTC" observedRunningTime="2026-03-15 00:06:33.154051709 +0000 UTC m=+31.350887941" watchObservedRunningTime="2026-03-15 00:06:34.165150132 +0000 UTC m=+32.361986363"
Mar 15 00:06:45 multi-node-worker2 containerd[105]: time="2026-03-15T00:06:45.569556929Z" level=error msg="failed to reload cni configuration after receiving fs change event(WRITE         \"/etc/cni/net.d/10-kindnet.conflist.temp\")" error="cni config load failed: no network config found in /etc/cni/net.d: cni plugin not initialized: failed to load cni config"
Mar 15 00:06:45 multi-node-worker2 containerd[105]: time="2026-03-15T00:06:45.570425449Z" level=error msg="failed to reload cni configuration after receiving fs change event(WRITE         \"/etc/cni/net.d/10-kindnet.conflist.temp\")" error="cni config load failed: no network config found in /etc/cni/net.d: cni plugin not initialized: failed to load cni config"
Mar 15 00:06:45 multi-node-worker2 kubelet[207]: I0315 00:06:45.666944     207 kubelet_node_status.go:502] "Fast updating node status as it just became ready"
Mar 15 00:07:01 multi-node-worker2 kubelet[207]: E0315 00:07:01.298855     207 kubelet.go:2579] "Housekeeping took longer than expected" err="housekeeping took too long" expected="1s" actual="1.38s"
Mar 15 00:07:06 multi-node-worker2 kubelet[207]: E0315 00:07:06.961509     207 kubelet.go:2579] "Housekeeping took longer than expected" err="housekeeping took too long" expected="1s" actual="1.23s"
Mar 15 00:07:20 multi-node-worker2 kubelet[207]: E0315 00:07:20.184254     207 kubelet.go:2579] "Housekeeping took longer than expected" err="housekeeping took too long" expected="1s" actual="2.359s"
Mar 15 00:07:21 multi-node-worker2 kubelet[207]: E0315 00:07:21.006554     207 kubelet.go:2579] "Housekeeping took longer than expected" err="housekeeping took too long" expected="1s" actual="1.027s"
Mar 15 00:07:32 multi-node-worker2 kubelet[207]: E0315 00:07:32.714273     207 kubelet.go:2579] "Housekeeping took longer than expected" err="housekeeping took too long" expected="1s" actual="1.209s"
Mar 15 00:07:38 multi-node-worker2 kubelet[207]: E0315 00:07:38.821008     207 kubelet.go:2579] "Housekeeping took longer than expected" err="housekeeping took too long" expected="1s" actual="3.25s"
Mar 15 00:08:10 multi-node-worker2 kubelet[207]: E0315 00:08:10.685776     207 kubelet.go:2579] "Housekeeping took longer than expected" err="housekeeping took too long" expected="1s" actual="5.122s"
Mar 15 00:08:12 multi-node-worker2 kubelet[207]: E0315 00:08:12.331167     207 kubelet.go:2579] "Housekeeping took longer than expected" err="housekeeping took too long" expected="1s" actual="1.485s"
Mar 15 00:08:14 multi-node-worker2 kubelet[207]: E0315 00:08:14.552204     207 kubelet.go:2579] "Housekeeping took longer than expected" err="housekeeping took too long" expected="1s" actual="1.069s"
Mar 15 00:08:18 multi-node-worker2 kubelet[207]: E0315 00:08:17.996853     207 kubelet.go:2579] "Housekeeping took longer than expected" err="housekeeping took too long" expected="1s" actual="2.394s"
Mar 15 00:08:36 multi-node-worker2 kubelet[207]: E0315 00:08:27.930802     207 controller.go:195] "Failed to update lease" err="Put \"https://multi-node-control-plane:6443/apis/coordination.k8s.io/v1/namespaces/kube-node-lease/leases/multi-node-worker2?timeout=10s\": net/http: request canceled (Client.Timeout exceeded while awaiting headers)"
