Mar 15 00:04:30 multi-node-worker2 systemd[1]: kubelet.service - kubelet: The Kubernetes Node Agent was skipped because of an unmet condition check (ConditionPathExists=/var/lib/kubelet/config.yaml).
Mar 15 00:06:01 multi-node-worker2 systemd[1]: Starting kubelet.service - kubelet: The Kubernetes Node Agent...
Mar 15 00:06:01 multi-node-worker2 systemd[1]: Started kubelet.service - kubelet: The Kubernetes Node Agent.
Mar 15 00:06:03 multi-node-worker2 kubelet[207]: Flag --container-runtime-endpoint has been deprecated, This parameter should be set via the config file specified by the Kubelet's --config flag. See https://kubernetes.io/docs/tasks/administer-cluster/kubelet-config-file/ for more information.
Mar 15 00:06:03 multi-node-worker2 kubelet[207]: Flag --pod-infra-container-image has been deprecated, will be removed in 1.35. Image garbage collector will get sandbox image information from CRI.
Mar 15 00:06:03 multi-node-worker2 kubelet[207]: I0315 00:06:03.123875     207 server.go:215] "--pod-infra-container-image will not be pruned by the image garbage collector in kubelet and should also be set in the remote runtime"
Mar 15 00:06:05 multi-node-worker2 kubelet[207]: I0315 00:06:05.003952     207 server.go:520] "Kubelet version" kubeletVersion="v1.32.2"
Mar 15 00:06:05 multi-node-worker2 kubelet[207]: I0315 00:06:05.004044     207 server.go:522] "Golang settings" GOGC="" GOMAXPROCS="" GOTRACEBACK=""
Mar 15 00:06:05 multi-node-worker2 kubelet[207]: I0315 00:06:05.005670     207 server.go:954] "Client rotation is on, will bootstrap in background"
Mar 15 00:06:05 multi-node-worker2 kubelet[207]: I0315 00:06:05.037404     207 dynamic_cafile_content.go:161] "Starting controller" name="client-ca-bundle::/etc/kubernetes/pki/ca.crt"
Mar 15 00:06:05 multi-node-worker2 kubelet[207]: I0315 00:06:05.418655     207 server.go:1444] "Using cgroup driver setting received from the CRI runtime" cgroupDriver="systemd"
Mar 15 00:06:05 multi-node-worker2 kubelet[207]: I0315 00:06:05.451971     207 server.go:841] "NoSwap is set due to memorySwapBehavior not specified" memorySwapBehavior="" FailSwapOn=false
Mar 15 00:06:05 multi-node-worker2 kubelet[207]: I0315 00:06:05.452385     207 swap_util.go:115] "Swap is on" /proc/swaps contents=<
Mar 15 00:06:05 multi-node-worker2 kubelet[207]:         Filename                                Type                Size                Used                Priority
Mar 15 00:06:05 multi-node-worker2 kubelet[207]:         /dev/sdc                                partition        4194304                129540                -2
Mar 15 00:06:05 multi-node-worker2 kubelet[207]:  >
Mar 15 00:06:05 multi-node-worker2 kubelet[207]: I0315 00:06:05.453584     207 container_manager_linux.go:268] "Container manager verified user specified cgroup-root exists" cgroupRoot=["kubelet"]
Mar 15 00:06:05 multi-node-worker2 kubelet[207]: I0315 00:06:05.453632     207 container_manager_linux.go:273] "Creating Container Manager object based on Node Config" nodeConfig={"NodeName":"multi-node-worker2","RuntimeCgroupsName":"/system.slice/containerd.service","SystemCgroupsName":"","KubeletCgroupsName":"","KubeletOOMScoreAdj":-999,"ContainerRuntime":"","CgroupsPerQOS":true,"CgroupRoot":"/kubelet","CgroupDriver":"systemd","KubeletRootDir":"/var/lib/kubelet","ProtectKernelDefaults":false,"KubeReservedCgroupName":"","SystemReservedCgroupName":"","ReservedSystemCPUs":{},"EnforceNodeAllocatable":{"pods":{}},"KubeReserved":null,"SystemReserved":null,"HardEvictionThresholds":[],"QOSReserved":{},"CPUManagerPolicy":"none","CPUManagerPolicyOptions":null,"TopologyManagerScope":"container","CPUManagerReconcilePeriod":10000000000,"ExperimentalMemoryManagerPolicy":"None","ExperimentalMemoryManagerReservedMemory":null,"PodPidsLimit":-1,"EnforceCPULimits":true,"CPUCFSQuotaPeriod":100000000,"TopologyManagerPolicy":"none","TopologyManagerPolicyOptions":null,"CgroupVersion":2}
Mar 15 00:06:05 multi-node-worker2 kubelet[207]: I0315 00:06:05.453839     207 topology_manager.go:138] "Creating topology manager with none policy"
Mar 15 00:06:05 multi-node-worker2 kubelet[207]: I0315 00:06:05.453852     207 container_manager_linux.go:304] "Creating device plugin manager"
Mar 15 00:06:05 multi-node-worker2 kubelet[207]: I0315 00:06:05.454263     207 state_mem.go:36] "Initialized new in-memory state store"
Mar 15 00:06:05 multi-node-worker2 kubelet[207]: I0315 00:06:05.456001     207 kubelet.go:446] "Attempting to sync node with API server"
Mar 15 00:06:05 multi-node-worker2 kubelet[207]: I0315 00:06:05.458567     207 kubelet.go:341] "Adding static pod path" path="/etc/kubernetes/manifests"
Mar 15 00:06:05 multi-node-worker2 kubelet[207]: I0315 00:06:05.458662     207 kubelet.go:352] "Adding apiserver pod source"
Mar 15 00:06:05 multi-node-worker2 kubelet[207]: I0315 00:06:05.458690     207 apiserver.go:42] "Waiting for node sync before watching apiserver pods"
Mar 15 00:06:05 multi-node-worker2 kubelet[207]: I0315 00:06:05.472622     207 kuberuntime_manager.go:269] "Container runtime initialized" containerRuntime="containerd" version="v2.0.2" apiVersion="v1"
Mar 15 00:06:05 multi-node-worker2 kubelet[207]: I0315 00:06:05.473739     207 kubelet.go:890] "Not starting ClusterTrustBundle informer because we are in static kubelet mode"
Mar 15 00:06:05 multi-node-worker2 kubelet[207]: W0315 00:06:05.474329     207 probe.go:272] Flexvolume plugin directory at /usr/libexec/kubernetes/kubelet-plugins/volume/exec/ does not exist. Recreating.
Mar 15 00:06:05 multi-node-worker2 kubelet[207]: I0315 00:06:05.490146     207 watchdog_linux.go:99] "Systemd watchdog is not enabled"
Mar 15 00:06:05 multi-node-worker2 kubelet[207]: I0315 00:06:05.491315     207 server.go:1287] "Started kubelet"
Mar 15 00:06:05 multi-node-worker2 kubelet[207]: I0315 00:06:05.494968     207 server.go:169] "Starting to listen" address="0.0.0.0" port=10250
Mar 15 00:06:05 multi-node-worker2 kubelet[207]: I0315 00:06:05.522122     207 ratelimit.go:55] "Setting rate limiting for endpoint" service="podresources" qps=100 burstTokens=10
Mar 15 00:06:05 multi-node-worker2 kubelet[207]: I0315 00:06:05.540676     207 server.go:243] "Starting to serve the podresources API" endpoint="unix:/var/lib/kubelet/pod-resources/kubelet.sock"
Mar 15 00:06:05 multi-node-worker2 kubelet[207]: I0315 00:06:05.542276     207 server.go:479] "Adding debug handlers to kubelet server"
Mar 15 00:06:05 multi-node-worker2 kubelet[207]: I0315 00:06:05.547543     207 fs_resource_analyzer.go:67] "Starting FS ResourceAnalyzer"
Mar 15 00:06:05 multi-node-worker2 kubelet[207]: I0315 00:06:05.548687     207 dynamic_serving_content.go:135] "Starting controller" name="kubelet-server-cert-files::/var/lib/kubelet/pki/kubelet.crt::/var/lib/kubelet/pki/kubelet.key"
Mar 15 00:06:05 multi-node-worker2 kubelet[207]: E0315 00:06:05.554044     207 kubelet_node_status.go:467] "Error getting the current node from lister" err="node \"multi-node-worker2\" not found"
Mar 15 00:06:05 multi-node-worker2 kubelet[207]: I0315 00:06:05.555356     207 volume_manager.go:297] "Starting Kubelet Volume Manager"
Mar 15 00:06:05 multi-node-worker2 kubelet[207]: I0315 00:06:05.557504     207 desired_state_of_world_populator.go:149] "Desired state populator starts to run"
Mar 15 00:06:05 multi-node-worker2 kubelet[207]: I0315 00:06:05.563498     207 reconciler.go:26] "Reconciler: start to sync state"
Mar 15 00:06:05 multi-node-worker2 kubelet[207]: I0315 00:06:05.607375     207 factory.go:221] Registration of the containerd container factory successfully
Mar 15 00:06:05 multi-node-worker2 kubelet[207]: I0315 00:06:05.607422     207 factory.go:221] Registration of the systemd container factory successfully
Mar 15 00:06:05 multi-node-worker2 kubelet[207]: I0315 00:06:05.608087     207 factory.go:219] Registration of the crio container factory failed: Get "http://%2Fvar%2Frun%2Fcrio%2Fcrio.sock/info": dial unix /var/run/crio/crio.sock: connect: no such file or directory
Mar 15 00:06:05 multi-node-worker2 kubelet[207]: E0315 00:06:05.655890     207 kubelet_node_status.go:467] "Error getting the current node from lister" err="node \"multi-node-worker2\" not found"
Mar 15 00:06:05 multi-node-worker2 kubelet[207]: I0315 00:06:05.668693     207 cpu_manager.go:221] "Starting CPU manager" policy="none"
Mar 15 00:06:05 multi-node-worker2 kubelet[207]: I0315 00:06:05.668730     207 cpu_manager.go:222] "Reconciling" reconcilePeriod="10s"
Mar 15 00:06:05 multi-node-worker2 kubelet[207]: I0315 00:06:05.668757     207 state_mem.go:36] "Initialized new in-memory state store"
Mar 15 00:06:05 multi-node-worker2 kubelet[207]: I0315 00:06:05.677063     207 policy_none.go:49] "None policy: Start"
Mar 15 00:06:05 multi-node-worker2 kubelet[207]: I0315 00:06:05.677174     207 memory_manager.go:186] "Starting memorymanager" policy="None"
Mar 15 00:06:05 multi-node-worker2 kubelet[207]: I0315 00:06:05.677208     207 state_mem.go:35] "Initializing new in-memory state store"
Mar 15 00:06:05 multi-node-worker2 kubelet[207]: I0315 00:06:05.705261     207 kubelet_network_linux.go:50] "Initialized iptables rules." protocol="IPv4"
Mar 15 00:06:05 multi-node-worker2 kubelet[207]: I0315 00:06:05.720751     207 kubelet_network_linux.go:50] "Initialized iptables rules." protocol="IPv6"
Mar 15 00:06:05 multi-node-worker2 kubelet[207]: I0315 00:06:05.720877     207 status_manager.go:227] "Starting to sync pod status with apiserver"
Mar 15 00:06:05 multi-node-worker2 kubelet[207]: I0315 00:06:05.720910     207 watchdog_linux.go:127] "Systemd watchdog is not enabled or the interval is invalid, so health checking will not be started."
Mar 15 00:06:05 multi-node-worker2 kubelet[207]: I0315 00:06:05.720921     207 kubelet.go:2388] "Starting kubelet main sync loop"
Mar 15 00:06:05 multi-node-worker2 kubelet[207]: E0315 00:06:05.722983     207 kubelet.go:2412] "Skipping pod synchronization" err="[container runtime status check may not have completed yet, PLEG is not healthy: pleg has yet to be successful]"
Mar 15 00:06:05 multi-node-worker2 kubelet[207]: W0315 00:06:05.742127     207 reflector.go:569] k8s.io/client-go/informers/factory.go:160: failed to list *v1.Service: services is forbidden: User "system:anonymous" cannot list resource "services" in API group "" at the cluster scope
Mar 15 00:06:05 multi-node-worker2 kubelet[207]: E0315 00:06:05.742440     207 reflector.go:166] "Unhandled Error" err="k8s.io/client-go/informers/factory.go:160: Failed to watch *v1.Service: failed to list *v1.Service: services is forbidden: User \"system:anonymous\" cannot list resource \"services\" in API group \"\" at the cluster scope" logger="UnhandledError"
Mar 15 00:06:05 multi-node-worker2 kubelet[207]: E0315 00:06:05.742725     207 event.go:359] "Server rejected event (will not retry!)" err="events is forbidden: User \"system:anonymous\" cannot create resource \"events\" in API group \"\" in the namespace \"default\"" event="&Event{ObjectMeta:{multi-node-worker2.189cdb04767ad92a  default    0 0001-01-01 00:00:00 +0000 UTC <nil> <nil> map[] map[] [] [] []},InvolvedObject:ObjectReference{Kind:Node,Namespace:,Name:multi-node-worker2,UID:multi-node-worker2,APIVersion:,ResourceVersion:,FieldPath:,},Reason:Starting,Message:Starting kubelet.,Source:EventSource{Component:kubelet,Host:multi-node-worker2,},FirstTimestamp:2026-03-15 00:06:05.491247402 +0000 UTC m=+3.681986591,LastTimestamp:2026-03-15 00:06:05.491247402 +0000 UTC m=+3.681986591,Count:1,Type:Normal,EventTime:0001-01-01 00:00:00 +0000 UTC,Series:nil,Action:,Related:nil,ReportingController:kubelet,ReportingInstance:multi-node-worker2,}"
Mar 15 00:06:05 multi-node-worker2 kubelet[207]: W0315 00:06:05.745599     207 reflector.go:569] k8s.io/client-go/informers/factory.go:160: failed to list *v1.CSIDriver: csidrivers.storage.k8s.io is forbidden: User "system:anonymous" cannot list resource "csidrivers" in API group "storage.k8s.io" at the cluster scope
Mar 15 00:06:05 multi-node-worker2 kubelet[207]: E0315 00:06:05.745673     207 reflector.go:166] "Unhandled Error" err="k8s.io/client-go/informers/factory.go:160: Failed to watch *v1.CSIDriver: failed to list *v1.CSIDriver: csidrivers.storage.k8s.io is forbidden: User \"system:anonymous\" cannot list resource \"csidrivers\" in API group \"storage.k8s.io\" at the cluster scope" logger="UnhandledError"
Mar 15 00:06:05 multi-node-worker2 kubelet[207]: W0315 00:06:05.745953     207 reflector.go:569] k8s.io/client-go/informers/factory.go:160: failed to list *v1.Node: nodes "multi-node-worker2" is forbidden: User "system:anonymous" cannot list resource "nodes" in API group "" at the cluster scope
Mar 15 00:06:05 multi-node-worker2 kubelet[207]: E0315 00:06:05.746068     207 reflector.go:166] "Unhandled Error" err="k8s.io/client-go/informers/factory.go:160: Failed to watch *v1.Node: failed to list *v1.Node: nodes \"multi-node-worker2\" is forbidden: User \"system:anonymous\" cannot list resource \"nodes\" in API group \"\" at the cluster scope" logger="UnhandledError"
Mar 15 00:06:05 multi-node-worker2 kubelet[207]: E0315 00:06:05.746236     207 controller.go:145] "Failed to ensure lease exists, will retry" err="leases.coordination.k8s.io \"multi-node-worker2\" is forbidden: User \"system:anonymous\" cannot get resource \"leases\" in API group \"coordination.k8s.io\" in the namespace \"kube-node-lease\"" interval="200ms"
Mar 15 00:06:05 multi-node-worker2 kubelet[207]: E0315 00:06:05.757622     207 kubelet_node_status.go:467] "Error getting the current node from lister" err="node \"multi-node-worker2\" not found"
Mar 15 00:06:05 multi-node-worker2 kubelet[207]: E0315 00:06:05.823702     207 kubelet.go:2412] "Skipping pod synchronization" err="container runtime status check may not have completed yet"
Mar 15 00:06:05 multi-node-worker2 kubelet[207]: E0315 00:06:05.859937     207 kubelet_node_status.go:467] "Error getting the current node from lister" err="node \"multi-node-worker2\" not found"
Mar 15 00:06:05 multi-node-worker2 kubelet[207]: I0315 00:06:05.916433     207 manager.go:519] "Failed to read data from checkpoint" checkpoint="kubelet_internal_checkpoint" err="checkpoint is not found"
Mar 15 00:06:05 multi-node-worker2 kubelet[207]: I0315 00:06:05.916630     207 eviction_manager.go:189] "Eviction manager: starting control loop"
Mar 15 00:06:05 multi-node-worker2 kubelet[207]: I0315 00:06:05.916723     207 container_log_manager.go:189] "Initializing container log rotate workers" workers=1 monitorPeriod="10s"
Mar 15 00:06:05 multi-node-worker2 kubelet[207]: I0315 00:06:05.917963     207 plugin_manager.go:118] "Starting Kubelet Plugin Manager"
Mar 15 00:06:05 multi-node-worker2 kubelet[207]: E0315 00:06:05.924842     207 event.go:359] "Server rejected event (will not retry!)" err="events is forbidden: User \"system:anonymous\" cannot create resource \"events\" in API group \"\" in the namespace \"default\"" event="&Event{ObjectMeta:{multi-node-worker2.189cdb04801d4efd  default    0 0001-01-01 00:00:00 +0000 UTC <nil> <nil> map[] map[] [] [] []},InvolvedObject:ObjectReference{Kind:Node,Namespace:,Name:multi-node-worker2,UID:multi-node-worker2,APIVersion:,ResourceVersion:,FieldPath:,},Reason:NodeHasSufficientMemory,Message:Node multi-node-worker2 status is now: NodeHasSufficientMemory,Source:EventSource{Component:kubelet,Host:multi-node-worker2,},FirstTimestamp:2026-03-15 00:06:05.652889341 +0000 UTC m=+3.843628527,LastTimestamp:2026-03-15 00:06:05.652889341 +0000 UTC m=+3.843628527,Count:1,Type:Normal,EventTime:0001-01-01 00:00:00 +0000 UTC,Series:nil,Action:,Related:nil,ReportingController:kubelet,ReportingInstance:multi-node-worker2,}"
Mar 15 00:06:05 multi-node-worker2 kubelet[207]: E0315 00:06:05.936604     207 eviction_manager.go:267] "eviction manager: failed to check if we have separate container filesystem. Ignoring." err="no imagefs label for configured runtime"
Mar 15 00:06:05 multi-node-worker2 kubelet[207]: E0315 00:06:05.939205     207 eviction_manager.go:292] "Eviction manager: failed to get summary stats" err="failed to get node info: node \"multi-node-worker2\" not found"
Mar 15 00:06:06 multi-node-worker2 kubelet[207]: W0315 00:06:06.003585     207 reflector.go:569] k8s.io/client-go/informers/factory.go:160: failed to list *v1.RuntimeClass: runtimeclasses.node.k8s.io is forbidden: User "system:anonymous" cannot list resource "runtimeclasses" in API group "node.k8s.io" at the cluster scope
Mar 15 00:06:06 multi-node-worker2 kubelet[207]: E0315 00:06:06.004693     207 reflector.go:166] "Unhandled Error" err="k8s.io/client-go/informers/factory.go:160: Failed to watch *v1.RuntimeClass: failed to list *v1.RuntimeClass: runtimeclasses.node.k8s.io is forbidden: User \"system:anonymous\" cannot list resource \"runtimeclasses\" in API group \"node.k8s.io\" at the cluster scope" logger="UnhandledError"
Mar 15 00:06:06 multi-node-worker2 kubelet[207]: I0315 00:06:06.020200     207 kubelet_node_status.go:76] "Attempting to register node" node="multi-node-worker2"
Mar 15 00:06:06 multi-node-worker2 kubelet[207]: E0315 00:06:06.052804     207 controller.go:145] "Failed to ensure lease exists, will retry" err="leases.coordination.k8s.io \"multi-node-worker2\" is forbidden: User \"system:anonymous\" cannot get resource \"leases\" in API group \"coordination.k8s.io\" in the namespace \"kube-node-lease\"" interval="400ms"
Mar 15 00:06:06 multi-node-worker2 kubelet[207]: E0315 00:06:06.054406     207 event.go:359] "Server rejected event (will not retry!)" err="events is forbidden: User \"system:anonymous\" cannot create resource \"events\" in API group \"\" in the namespace \"default\"" event="&Event{ObjectMeta:{multi-node-worker2.189cdb04801d7c13  default    0 0001-01-01 00:00:00 +0000 UTC <nil> <nil> map[] map[] [] [] []},InvolvedObject:ObjectReference{Kind:Node,Namespace:,Name:multi-node-worker2,UID:multi-node-worker2,APIVersion:,ResourceVersion:,FieldPath:,},Reason:NodeHasNoDiskPressure,Message:Node multi-node-worker2 status is now: NodeHasNoDiskPressure,Source:EventSource{Component:kubelet,Host:multi-node-worker2,},FirstTimestamp:2026-03-15 00:06:05.652900883 +0000 UTC m=+3.843640069,LastTimestamp:2026-03-15 00:06:05.652900883 +0000 UTC m=+3.843640069,Count:1,Type:Normal,EventTime:0001-01-01 00:00:00 +0000 UTC,Series:nil,Action:,Related:nil,ReportingController:kubelet,ReportingInstance:multi-node-worker2,}"
Mar 15 00:06:06 multi-node-worker2 kubelet[207]: E0315 00:06:06.082948     207 event.go:359] "Server rejected event (will not retry!)" err="events is forbidden: User \"system:anonymous\" cannot create resource \"events\" in API group \"\" in the namespace \"default\"" event="&Event{ObjectMeta:{multi-node-worker2.189cdb04801d8e1d  default    0 0001-01-01 00:00:00 +0000 UTC <nil> <nil> map[] map[] [] [] []},InvolvedObject:ObjectReference{Kind:Node,Namespace:,Name:multi-node-worker2,UID:multi-node-worker2,APIVersion:,ResourceVersion:,FieldPath:,},Reason:NodeHasSufficientPID,Message:Node multi-node-worker2 status is now: NodeHasSufficientPID,Source:EventSource{Component:kubelet,Host:multi-node-worker2,},FirstTimestamp:2026-03-15 00:06:05.652905501 +0000 UTC m=+3.843644688,LastTimestamp:2026-03-15 00:06:05.652905501 +0000 UTC m=+3.843644688,Count:1,Type:Normal,EventTime:0001-01-01 00:00:00 +0000 UTC,Series:nil,Action:,Related:nil,ReportingController:kubelet,ReportingInstance:multi-node-worker2,}"
Mar 15 00:06:06 multi-node-worker2 kubelet[207]: E0315 00:06:06.085623     207 kubelet_node_status.go:114] "Unable to register node with API server, error getting existing node" err="nodes \"multi-node-worker2\" is forbidden: User \"system:anonymous\" cannot get resource \"nodes\" in API group \"\" at the cluster scope" node="multi-node-worker2"
Mar 15 00:06:06 multi-node-worker2 kubelet[207]: I0315 00:06:06.292993     207 kubelet_node_status.go:76] "Attempting to register node" node="multi-node-worker2"
Mar 15 00:06:06 multi-node-worker2 kubelet[207]: I0315 00:06:06.400994     207 kubelet_node_status.go:79] "Successfully registered node" node="multi-node-worker2"
Mar 15 00:06:06 multi-node-worker2 kubelet[207]: E0315 00:06:06.401112     207 kubelet_node_status.go:549] "Error updating node status, will retry" err="error getting node \"multi-node-worker2\": node \"multi-node-worker2\" not found"
Mar 15 00:06:06 multi-node-worker2 kubelet[207]: E0315 00:06:06.491966     207 kubelet_node_status.go:467] "Error getting the current node from lister" err="node \"multi-node-worker2\" not found"
Mar 15 00:06:06 multi-node-worker2 kubelet[207]: E0315 00:06:06.592206     207 kubelet_node_status.go:467] "Error getting the current node from lister" err="node \"multi-node-worker2\" not found"
Mar 15 00:06:06 multi-node-worker2 kubelet[207]: E0315 00:06:06.693351     207 kubelet_node_status.go:467] "Error getting the current node from lister" err="node \"multi-node-worker2\" not found"
Mar 15 00:06:06 multi-node-worker2 kubelet[207]: E0315 00:06:06.799125     207 kubelet_node_status.go:467] "Error getting the current node from lister" err="node \"multi-node-worker2\" not found"
Mar 15 00:06:06 multi-node-worker2 kubelet[207]: E0315 00:06:06.900239     207 kubelet_node_status.go:467] "Error getting the current node from lister" err="node \"multi-node-worker2\" not found"
Mar 15 00:06:07 multi-node-worker2 kubelet[207]: E0315 00:06:07.000839     207 kubelet_node_status.go:467] "Error getting the current node from lister" err="node \"multi-node-worker2\" not found"
Mar 15 00:06:07 multi-node-worker2 kubelet[207]: I0315 00:06:07.010703     207 transport.go:147] "Certificate rotation detected, shutting down client connections to start using new credentials"
Mar 15 00:06:07 multi-node-worker2 kubelet[207]: E0315 00:06:07.013615     207 event.go:368] "Unable to write event (may retry after sleeping)" err="Patch \"https://multi-node-control-plane:6443/api/v1/namespaces/default/events/multi-node-worker2.189cdb04801d4efd\": read tcp 172.18.0.3:59728->172.18.0.2:6443: use of closed network connection" event="&Event{ObjectMeta:{multi-node-worker2.189cdb04801d4efd  default   470 0 0001-01-01 00:00:00 +0000 UTC <nil> <nil> map[] map[] [] [] []},InvolvedObject:ObjectReference{Kind:Node,Namespace:,Name:multi-node-worker2,UID:multi-node-worker2,APIVersion:,ResourceVersion:,FieldPath:,},Reason:NodeHasSufficientMemory,Message:Node multi-node-worker2 status is now: NodeHasSufficientMemory,Source:EventSource{Component:kubelet,Host:multi-node-worker2,},FirstTimestamp:2026-03-15 00:06:05 +0000 UTC,LastTimestamp:2026-03-15 00:06:06.292890361 +0000 UTC m=+4.483629550,Count:3,Type:Normal,EventTime:0001-01-01 00:00:00 +0000 UTC,Series:nil,Action:,Related:nil,ReportingController:kubelet,ReportingInstance:multi-node-worker2,}"
Mar 15 00:06:07 multi-node-worker2 kubelet[207]: E0315 00:06:07.101379     207 kubelet_node_status.go:467] "Error getting the current node from lister" err="node \"multi-node-worker2\" not found"
Mar 15 00:06:07 multi-node-worker2 kubelet[207]: E0315 00:06:07.202229     207 kubelet_node_status.go:467] "Error getting the current node from lister" err="node \"multi-node-worker2\" not found"
Mar 15 00:06:07 multi-node-worker2 kubelet[207]: E0315 00:06:07.303750     207 kubelet_node_status.go:467] "Error getting the current node from lister" err="node \"multi-node-worker2\" not found"
Mar 15 00:06:07 multi-node-worker2 kubelet[207]: E0315 00:06:07.416228     207 kubelet_node_status.go:467] "Error getting the current node from lister" err="node \"multi-node-worker2\" not found"
Mar 15 00:06:07 multi-node-worker2 kubelet[207]: E0315 00:06:07.520480     207 kubelet_node_status.go:467] "Error getting the current node from lister" err="node \"multi-node-worker2\" not found"
Mar 15 00:06:07 multi-node-worker2 kubelet[207]: E0315 00:06:07.621411     207 kubelet_node_status.go:467] "Error getting the current node from lister" err="node \"multi-node-worker2\" not found"
Mar 15 00:06:07 multi-node-worker2 kubelet[207]: E0315 00:06:07.728919     207 kubelet_node_status.go:467] "Error getting the current node from lister" err="node \"multi-node-worker2\" not found"
Mar 15 00:06:07 multi-node-worker2 kubelet[207]: E0315 00:06:07.835280     207 kubelet_node_status.go:467] "Error getting the current node from lister" err="node \"multi-node-worker2\" not found"
Mar 15 00:06:07 multi-node-worker2 kubelet[207]: E0315 00:06:07.936487     207 kubelet_node_status.go:467] "Error getting the current node from lister" err="node \"multi-node-worker2\" not found"
Mar 15 00:06:08 multi-node-worker2 kubelet[207]: E0315 00:06:08.037031     207 kubelet_node_status.go:467] "Error getting the current node from lister" err="node \"multi-node-worker2\" not found"
Mar 15 00:06:08 multi-node-worker2 kubelet[207]: I0315 00:06:08.148614     207 kuberuntime_manager.go:1702] "Updating runtime config through cri with podcidr" CIDR="10.244.1.0/24"
Mar 15 00:06:08 multi-node-worker2 kubelet[207]: I0315 00:06:08.155681     207 kubelet_network.go:61] "Updating Pod CIDR" originalPodCIDR="" newPodCIDR="10.244.1.0/24"
Mar 15 00:06:08 multi-node-worker2 kubelet[207]: I0315 00:06:08.461961     207 apiserver.go:52] "Watching apiserver"
Mar 15 00:06:08 multi-node-worker2 kubelet[207]: I0315 00:06:08.959968     207 desired_state_of_world_populator.go:157] "Finished populating initial desired state of world"
Mar 15 00:06:09 multi-node-worker2 kubelet[207]: I0315 00:06:08.997183     207 reconciler_common.go:251] "operationExecutor.VerifyControllerAttachedVolume started for volume \"kube-proxy\" (UniqueName: \"kubernetes.io/configmap/75937331-8c92-45aa-bd9a-615f52f8506e-kube-proxy\") pod \"kube-proxy-d9xkn\" (UID: \"75937331-8c92-45aa-bd9a-615f52f8506e\") " pod="kube-system/kube-proxy-d9xkn"
Mar 15 00:06:09 multi-node-worker2 kubelet[207]: I0315 00:06:09.022849     207 reconciler_common.go:251] "operationExecutor.VerifyControllerAttachedVolume started for volume \"xtables-lock\" (UniqueName: \"kubernetes.io/host-path/75937331-8c92-45aa-bd9a-615f52f8506e-xtables-lock\") pod \"kube-proxy-d9xkn\" (UID: \"75937331-8c92-45aa-bd9a-615f52f8506e\") " pod="kube-system/kube-proxy-d9xkn"
Mar 15 00:06:09 multi-node-worker2 kubelet[207]: I0315 00:06:09.023137     207 reconciler_common.go:251] "operationExecutor.VerifyControllerAttachedVolume started for volume \"lib-modules\" (UniqueName: \"kubernetes.io/host-path/75937331-8c92-45aa-bd9a-615f52f8506e-lib-modules\") pod \"kube-proxy-d9xkn\" (UID: \"75937331-8c92-45aa-bd9a-615f52f8506e\") " pod="kube-system/kube-proxy-d9xkn"
Mar 15 00:06:09 multi-node-worker2 kubelet[207]: I0315 00:06:09.023651     207 reconciler_common.go:251] "operationExecutor.VerifyControllerAttachedVolume started for volume \"kube-api-access-r4m5f\" (UniqueName: \"kubernetes.io/projected/75937331-8c92-45aa-bd9a-615f52f8506e-kube-api-access-r4m5f\") pod \"kube-proxy-d9xkn\" (UID: \"75937331-8c92-45aa-bd9a-615f52f8506e\") " pod="kube-system/kube-proxy-d9xkn"
Mar 15 00:06:09 multi-node-worker2 kubelet[207]: I0315 00:06:09.023703     207 reconciler_common.go:251] "operationExecutor.VerifyControllerAttachedVolume started for volume \"cni-cfg\" (UniqueName: \"kubernetes.io/host-path/51780832-4290-48be-9895-5d80c439b17e-cni-cfg\") pod \"kindnet-sxs6p\" (UID: \"51780832-4290-48be-9895-5d80c439b17e\") " pod="kube-system/kindnet-sxs6p"
Mar 15 00:06:09 multi-node-worker2 kubelet[207]: I0315 00:06:09.023858     207 reconciler_common.go:251] "operationExecutor.VerifyControllerAttachedVolume started for volume \"xtables-lock\" (UniqueName: \"kubernetes.io/host-path/51780832-4290-48be-9895-5d80c439b17e-xtables-lock\") pod \"kindnet-sxs6p\" (UID: \"51780832-4290-48be-9895-5d80c439b17e\") " pod="kube-system/kindnet-sxs6p"
Mar 15 00:06:09 multi-node-worker2 kubelet[207]: I0315 00:06:09.023889     207 reconciler_common.go:251] "operationExecutor.VerifyControllerAttachedVolume started for volume \"lib-modules\" (UniqueName: \"kubernetes.io/host-path/51780832-4290-48be-9895-5d80c439b17e-lib-modules\") pod \"kindnet-sxs6p\" (UID: \"51780832-4290-48be-9895-5d80c439b17e\") " pod="kube-system/kindnet-sxs6p"
Mar 15 00:06:09 multi-node-worker2 kubelet[207]: I0315 00:06:09.024025     207 reconciler_common.go:251] "operationExecutor.VerifyControllerAttachedVolume started for volume \"kube-api-access-8d78p\" (UniqueName: \"kubernetes.io/projected/51780832-4290-48be-9895-5d80c439b17e-kube-api-access-8d78p\") pod \"kindnet-sxs6p\" (UID: \"51780832-4290-48be-9895-5d80c439b17e\") " pod="kube-system/kindnet-sxs6p"
Mar 15 00:06:34 multi-node-worker2 kubelet[207]: I0315 00:06:34.164988     207 pod_startup_latency_tracker.go:104] "Observed pod startup duration" pod="kube-system/kindnet-sxs6p" podStartSLOduration=27.164960278 podStartE2EDuration="27.164960278s" podCreationTimestamp="2026-03-15 00:06:07 +0000 UTC" firstStartedPulling="0001-01-01 00:00:00 +0000 UTC" lastFinishedPulling="0001-01-01 00:00:00 +0000 UTC" observedRunningTime="2026-03-15 00:06:34.160742946 +0000 UTC m=+32.357579178" watchObservedRunningTime="2026-03-15 00:06:34.164960278 +0000 UTC m=+32.361796510"
Mar 15 00:06:34 multi-node-worker2 kubelet[207]: I0315 00:06:34.165156     207 pod_startup_latency_tracker.go:104] "Observed pod startup duration" pod="kube-system/kube-proxy-d9xkn" podStartSLOduration=27.165150132 podStartE2EDuration="27.165150132s" podCreationTimestamp="2026-03-15 00:06:07 +0000 UTC" firstStartedPulling="0001-01-01 00:00:00 +0000 UTC" lastFinishedPulling="0001-01-01 00:00:00 +0000 UTC" observedRunningTime="2026-03-15 00:06:33.154051709 +0000 UTC m=+31.350887941" watchObservedRunningTime="2026-03-15 00:06:34.165150132 +0000 UTC m=+32.361986363"
Mar 15 00:06:45 multi-node-worker2 kubelet[207]: I0315 00:06:45.666944     207 kubelet_node_status.go:502] "Fast updating node status as it just became ready"
Mar 15 00:07:01 multi-node-worker2 kubelet[207]: E0315 00:07:01.298855     207 kubelet.go:2579] "Housekeeping took longer than expected" err="housekeeping took too long" expected="1s" actual="1.38s"
Mar 15 00:07:06 multi-node-worker2 kubelet[207]: E0315 00:07:06.961509     207 kubelet.go:2579] "Housekeeping took longer than expected" err="housekeeping took too long" expected="1s" actual="1.23s"
Mar 15 00:07:20 multi-node-worker2 kubelet[207]: E0315 00:07:20.184254     207 kubelet.go:2579] "Housekeeping took longer than expected" err="housekeeping took too long" expected="1s" actual="2.359s"
Mar 15 00:07:21 multi-node-worker2 kubelet[207]: E0315 00:07:21.006554     207 kubelet.go:2579] "Housekeeping took longer than expected" err="housekeeping took too long" expected="1s" actual="1.027s"
Mar 15 00:07:32 multi-node-worker2 kubelet[207]: E0315 00:07:32.714273     207 kubelet.go:2579] "Housekeeping took longer than expected" err="housekeeping took too long" expected="1s" actual="1.209s"
Mar 15 00:07:38 multi-node-worker2 kubelet[207]: E0315 00:07:38.821008     207 kubelet.go:2579] "Housekeeping took longer than expected" err="housekeeping took too long" expected="1s" actual="3.25s"
Mar 15 00:08:10 multi-node-worker2 kubelet[207]: E0315 00:08:10.685776     207 kubelet.go:2579] "Housekeeping took longer than expected" err="housekeeping took too long" expected="1s" actual="5.122s"
Mar 15 00:08:12 multi-node-worker2 kubelet[207]: E0315 00:08:12.331167     207 kubelet.go:2579] "Housekeeping took longer than expected" err="housekeeping took too long" expected="1s" actual="1.485s"
Mar 15 00:08:14 multi-node-worker2 kubelet[207]: E0315 00:08:14.552204     207 kubelet.go:2579] "Housekeeping took longer than expected" err="housekeeping took too long" expected="1s" actual="1.069s"
Mar 15 00:08:18 multi-node-worker2 kubelet[207]: E0315 00:08:17.996853     207 kubelet.go:2579] "Housekeeping took longer than expected" err="housekeeping took too long" expected="1s" actual="2.394s"
Mar 15 00:08:36 multi-node-worker2 kubelet[207]: E0315 00:08:27.930802     207 controller.go:195] "Failed to update lease" err="Put \"https://multi-node-control-plane:6443/apis/coordination.k8s.io/v1/namespaces/kube-node-lease/leases/multi-node-worker2?timeout=10s\": net/http: request canceled (Client.Timeout exceeded while awaiting headers)"
